{
  "meta": {
    "format": 3,
    "version": "7.9.1",
    "timestamp": "2025-06-25T08:08:47.491274",
    "branch_coverage": false,
    "show_contexts": false
  },
  "files": {
    "services/core/evolutionary-computation/__init__.py": {
      "executed_lines": [],
      "summary": {
        "covered_lines": 0,
        "num_statements": 0,
        "percent_covered": 100.0,
        "percent_covered_display": "100",
        "missing_lines": 0,
        "excluded_lines": 0
      },
      "missing_lines": [],
      "excluded_lines": [],
      "functions": {
        "": {
          "executed_lines": [],
          "summary": {
            "covered_lines": 0,
            "num_statements": 0,
            "percent_covered": 100.0,
            "percent_covered_display": "100",
            "missing_lines": 0,
            "excluded_lines": 0
          },
          "missing_lines": [],
          "excluded_lines": []
        }
      },
      "classes": {
        "": {
          "executed_lines": [],
          "summary": {
            "covered_lines": 0,
            "num_statements": 0,
            "percent_covered": 100.0,
            "percent_covered_display": "100",
            "missing_lines": 0,
            "excluded_lines": 0
          },
          "missing_lines": [],
          "excluded_lines": []
        }
      }
    },
    "services/core/evolutionary-computation/app/__init__.py": {
      "executed_lines": [],
      "summary": {
        "covered_lines": 0,
        "num_statements": 0,
        "percent_covered": 100.0,
        "percent_covered_display": "100",
        "missing_lines": 0,
        "excluded_lines": 0
      },
      "missing_lines": [],
      "excluded_lines": [],
      "functions": {
        "": {
          "executed_lines": [],
          "summary": {
            "covered_lines": 0,
            "num_statements": 0,
            "percent_covered": 100.0,
            "percent_covered_display": "100",
            "missing_lines": 0,
            "excluded_lines": 0
          },
          "missing_lines": [],
          "excluded_lines": []
        }
      },
      "classes": {
        "": {
          "executed_lines": [],
          "summary": {
            "covered_lines": 0,
            "num_statements": 0,
            "percent_covered": 100.0,
            "percent_covered_display": "100",
            "missing_lines": 0,
            "excluded_lines": 0
          },
          "missing_lines": [],
          "excluded_lines": []
        }
      }
    },
    "services/core/evolutionary-computation/app/api/__init__.py": {
      "executed_lines": [],
      "summary": {
        "covered_lines": 0,
        "num_statements": 0,
        "percent_covered": 100.0,
        "percent_covered_display": "100",
        "missing_lines": 0,
        "excluded_lines": 0
      },
      "missing_lines": [],
      "excluded_lines": [],
      "functions": {
        "": {
          "executed_lines": [],
          "summary": {
            "covered_lines": 0,
            "num_statements": 0,
            "percent_covered": 100.0,
            "percent_covered_display": "100",
            "missing_lines": 0,
            "excluded_lines": 0
          },
          "missing_lines": [],
          "excluded_lines": []
        }
      },
      "classes": {
        "": {
          "executed_lines": [],
          "summary": {
            "covered_lines": 0,
            "num_statements": 0,
            "percent_covered": 100.0,
            "percent_covered_display": "100",
            "missing_lines": 0,
            "excluded_lines": 0
          },
          "missing_lines": [],
          "excluded_lines": []
        }
      }
    },
    "services/core/evolutionary-computation/app/api/v1/__init__.py": {
      "executed_lines": [],
      "summary": {
        "covered_lines": 0,
        "num_statements": 0,
        "percent_covered": 100.0,
        "percent_covered_display": "100",
        "missing_lines": 0,
        "excluded_lines": 0
      },
      "missing_lines": [],
      "excluded_lines": [],
      "functions": {
        "": {
          "executed_lines": [],
          "summary": {
            "covered_lines": 0,
            "num_statements": 0,
            "percent_covered": 100.0,
            "percent_covered_display": "100",
            "missing_lines": 0,
            "excluded_lines": 0
          },
          "missing_lines": [],
          "excluded_lines": []
        }
      },
      "classes": {
        "": {
          "executed_lines": [],
          "summary": {
            "covered_lines": 0,
            "num_statements": 0,
            "percent_covered": 100.0,
            "percent_covered_display": "100",
            "missing_lines": 0,
            "excluded_lines": 0
          },
          "missing_lines": [],
          "excluded_lines": []
        }
      }
    },
    "services/core/evolutionary-computation/app/api/v1/advanced_wina_oversight.py": {
      "executed_lines": [],
      "summary": {
        "covered_lines": 0,
        "num_statements": 139,
        "percent_covered": 0.0,
        "percent_covered_display": "0",
        "missing_lines": 139,
        "excluded_lines": 0
      },
      "missing_lines": [
        17, 18, 19, 21, 22, 24, 26, 27, 32, 35, 36, 39, 40, 45, 48, 49, 50, 51, 52, 53, 56, 59, 60,
        61, 66, 69, 70, 71, 72, 73, 74, 77, 80, 81, 82, 83, 88, 91, 92, 93, 94, 95, 98, 101, 102,
        103, 104, 105, 109, 112, 114, 120, 121, 135, 136, 138, 140, 141, 147, 148, 151, 152, 160,
        162, 171, 172, 173, 176, 177, 181, 197, 198, 212, 213, 215, 217, 229, 232, 233, 234, 235,
        236, 238, 247, 248, 249, 252, 253, 259, 260, 263, 264, 267, 269, 282, 283, 284, 290, 291,
        305, 306, 308, 310, 315, 323, 331, 332, 333, 336, 337, 341, 342, 358, 359, 360, 366, 367,
        380, 382, 385, 404, 417, 437, 445, 446, 447, 450, 451, 456, 458, 495, 496, 498, 500, 501,
        502, 508, 509, 513
      ],
      "excluded_lines": [],
      "functions": {
        "get_wina_coordinator": {
          "executed_lines": [],
          "summary": {
            "covered_lines": 0,
            "num_statements": 2,
            "percent_covered": 0.0,
            "percent_covered_display": "0",
            "missing_lines": 2,
            "excluded_lines": 0
          },
          "missing_lines": [112, 114],
          "excluded_lines": []
        },
        "run_optimization_algorithm": {
          "executed_lines": [],
          "summary": {
            "covered_lines": 0,
            "num_statements": 14,
            "percent_covered": 0.0,
            "percent_covered_display": "0",
            "missing_lines": 14,
            "excluded_lines": 0
          },
          "missing_lines": [135, 136, 138, 140, 141, 147, 148, 151, 152, 160, 162, 171, 172, 173],
          "excluded_lines": []
        },
        "list_optimization_algorithms": {
          "executed_lines": [],
          "summary": {
            "covered_lines": 0,
            "num_statements": 1,
            "percent_covered": 0.0,
            "percent_covered_display": "0",
            "missing_lines": 1,
            "excluded_lines": 0
          },
          "missing_lines": [181],
          "excluded_lines": []
        },
        "start_real_time_monitoring": {
          "executed_lines": [],
          "summary": {
            "covered_lines": 0,
            "num_statements": 14,
            "percent_covered": 0.0,
            "percent_covered_display": "0",
            "missing_lines": 14,
            "excluded_lines": 0
          },
          "missing_lines": [212, 213, 215, 217, 229, 232, 233, 234, 235, 236, 238, 247, 248, 249],
          "excluded_lines": []
        },
        "get_active_alerts": {
          "executed_lines": [],
          "summary": {
            "covered_lines": 0,
            "num_statements": 9,
            "percent_covered": 0.0,
            "percent_covered_display": "0",
            "missing_lines": 9,
            "excluded_lines": 0
          },
          "missing_lines": [259, 260, 263, 264, 267, 269, 282, 283, 284],
          "excluded_lines": []
        },
        "execute_pgc_integration": {
          "executed_lines": [],
          "summary": {
            "covered_lines": 0,
            "num_statements": 9,
            "percent_covered": 0.0,
            "percent_covered_display": "0",
            "missing_lines": 9,
            "excluded_lines": 0
          },
          "missing_lines": [305, 306, 308, 310, 315, 323, 331, 332, 333],
          "excluded_lines": []
        },
        "get_pgc_integration_status": {
          "executed_lines": [],
          "summary": {
            "covered_lines": 0,
            "num_statements": 5,
            "percent_covered": 0.0,
            "percent_covered_display": "0",
            "missing_lines": 5,
            "excluded_lines": 0
          },
          "missing_lines": [341, 342, 358, 359, 360],
          "excluded_lines": []
        },
        "get_analytics_overview": {
          "executed_lines": [],
          "summary": {
            "covered_lines": 0,
            "num_statements": 9,
            "percent_covered": 0.0,
            "percent_covered_display": "0",
            "missing_lines": 9,
            "excluded_lines": 0
          },
          "missing_lines": [380, 382, 385, 404, 417, 437, 445, 446, 447],
          "excluded_lines": []
        },
        "get_performance_metrics": {
          "executed_lines": [],
          "summary": {
            "covered_lines": 0,
            "num_statements": 8,
            "percent_covered": 0.0,
            "percent_covered_display": "0",
            "missing_lines": 8,
            "excluded_lines": 0
          },
          "missing_lines": [456, 458, 495, 496, 498, 500, 501, 502],
          "excluded_lines": []
        },
        "get_enterprise_configuration": {
          "executed_lines": [],
          "summary": {
            "covered_lines": 0,
            "num_statements": 1,
            "percent_covered": 0.0,
            "percent_covered_display": "0",
            "missing_lines": 1,
            "excluded_lines": 0
          },
          "missing_lines": [513],
          "excluded_lines": []
        },
        "": {
          "executed_lines": [],
          "summary": {
            "covered_lines": 0,
            "num_statements": 67,
            "percent_covered": 0.0,
            "percent_covered_display": "0",
            "missing_lines": 67,
            "excluded_lines": 0
          },
          "missing_lines": [
            17, 18, 19, 21, 22, 24, 26, 27, 32, 35, 36, 39, 40, 45, 48, 49, 50, 51, 52, 53, 56, 59,
            60, 61, 66, 69, 70, 71, 72, 73, 74, 77, 80, 81, 82, 83, 88, 91, 92, 93, 94, 95, 98, 101,
            102, 103, 104, 105, 109, 120, 121, 176, 177, 197, 198, 252, 253, 290, 291, 336, 337,
            366, 367, 450, 451, 508, 509
          ],
          "excluded_lines": []
        }
      },
      "classes": {
        "OptimizationRequest": {
          "executed_lines": [],
          "summary": {
            "covered_lines": 0,
            "num_statements": 0,
            "percent_covered": 100.0,
            "percent_covered_display": "100",
            "missing_lines": 0,
            "excluded_lines": 0
          },
          "missing_lines": [],
          "excluded_lines": []
        },
        "OptimizationResponse": {
          "executed_lines": [],
          "summary": {
            "covered_lines": 0,
            "num_statements": 0,
            "percent_covered": 100.0,
            "percent_covered_display": "100",
            "missing_lines": 0,
            "excluded_lines": 0
          },
          "missing_lines": [],
          "excluded_lines": []
        },
        "MonitoringRequest": {
          "executed_lines": [],
          "summary": {
            "covered_lines": 0,
            "num_statements": 0,
            "percent_covered": 100.0,
            "percent_covered_display": "100",
            "missing_lines": 0,
            "excluded_lines": 0
          },
          "missing_lines": [],
          "excluded_lines": []
        },
        "MonitoringResponse": {
          "executed_lines": [],
          "summary": {
            "covered_lines": 0,
            "num_statements": 0,
            "percent_covered": 100.0,
            "percent_covered_display": "100",
            "missing_lines": 0,
            "excluded_lines": 0
          },
          "missing_lines": [],
          "excluded_lines": []
        },
        "PGCIntegrationRequest": {
          "executed_lines": [],
          "summary": {
            "covered_lines": 0,
            "num_statements": 0,
            "percent_covered": 100.0,
            "percent_covered_display": "100",
            "missing_lines": 0,
            "excluded_lines": 0
          },
          "missing_lines": [],
          "excluded_lines": []
        },
        "PGCIntegrationResponse": {
          "executed_lines": [],
          "summary": {
            "covered_lines": 0,
            "num_statements": 0,
            "percent_covered": 100.0,
            "percent_covered_display": "100",
            "missing_lines": 0,
            "excluded_lines": 0
          },
          "missing_lines": [],
          "excluded_lines": []
        },
        "AnalyticsResponse": {
          "executed_lines": [],
          "summary": {
            "covered_lines": 0,
            "num_statements": 0,
            "percent_covered": 100.0,
            "percent_covered_display": "100",
            "missing_lines": 0,
            "excluded_lines": 0
          },
          "missing_lines": [],
          "excluded_lines": []
        },
        "": {
          "executed_lines": [],
          "summary": {
            "covered_lines": 0,
            "num_statements": 139,
            "percent_covered": 0.0,
            "percent_covered_display": "0",
            "missing_lines": 139,
            "excluded_lines": 0
          },
          "missing_lines": [
            17, 18, 19, 21, 22, 24, 26, 27, 32, 35, 36, 39, 40, 45, 48, 49, 50, 51, 52, 53, 56, 59,
            60, 61, 66, 69, 70, 71, 72, 73, 74, 77, 80, 81, 82, 83, 88, 91, 92, 93, 94, 95, 98, 101,
            102, 103, 104, 105, 109, 112, 114, 120, 121, 135, 136, 138, 140, 141, 147, 148, 151,
            152, 160, 162, 171, 172, 173, 176, 177, 181, 197, 198, 212, 213, 215, 217, 229, 232,
            233, 234, 235, 236, 238, 247, 248, 249, 252, 253, 259, 260, 263, 264, 267, 269, 282,
            283, 284, 290, 291, 305, 306, 308, 310, 315, 323, 331, 332, 333, 336, 337, 341, 342,
            358, 359, 360, 366, 367, 380, 382, 385, 404, 417, 437, 445, 446, 447, 450, 451, 456,
            458, 495, 496, 498, 500, 501, 502, 508, 509, 513
          ],
          "excluded_lines": []
        }
      }
    },
    "services/core/evolutionary-computation/app/api/v1/alphaevolve.py": {
      "executed_lines": [],
      "summary": {
        "covered_lines": 0,
        "num_statements": 155,
        "percent_covered": 0.0,
        "percent_covered_display": "0",
        "missing_lines": 155,
        "excluded_lines": 0
      },
      "missing_lines": [
        8, 9, 10, 11, 13, 14, 16, 17, 18, 19, 21, 22, 25, 28, 29, 30, 31, 32, 33, 34, 35, 36, 39,
        42, 43, 44, 47, 50, 53, 54, 55, 56, 57, 58, 61, 64, 67, 70, 71, 74, 75, 76, 77, 80, 83, 84,
        85, 86, 87, 90, 93, 94, 95, 96, 97, 98, 103, 105, 107, 110, 111, 123, 124, 126, 127, 130,
        131, 132, 147, 154, 155, 157, 158, 168, 171, 172, 175, 176, 181, 182, 183, 186, 187, 192,
        206, 216, 220, 221, 223, 224, 225, 228, 229, 240, 241, 243, 244, 249, 257, 258, 260, 262,
        263, 264, 271, 273, 274, 275, 279, 281, 282, 283, 287, 288, 291, 292, 293, 295, 296, 297,
        302, 303, 306, 307, 312, 313, 314, 317, 318, 319, 320, 321, 324, 325, 329, 338, 339, 341,
        343, 344, 345, 348, 355, 356, 370, 371, 372, 375, 376, 381, 383, 385, 392, 393, 394
      ],
      "excluded_lines": [],
      "functions": {
        "get_wina_coordinator": {
          "executed_lines": [],
          "summary": {
            "covered_lines": 0,
            "num_statements": 2,
            "percent_covered": 0.0,
            "percent_covered_display": "0",
            "missing_lines": 2,
            "excluded_lines": 0
          },
          "missing_lines": [105, 107],
          "excluded_lines": []
        },
        "evaluate_ec_governance": {
          "executed_lines": [],
          "summary": {
            "covered_lines": 0,
            "num_statements": 30,
            "percent_covered": 0.0,
            "percent_covered_display": "0",
            "missing_lines": 30,
            "excluded_lines": 0
          },
          "missing_lines": [
            123, 124, 126, 127, 130, 131, 132, 147, 154, 155, 157, 158, 168, 171, 172, 175, 176,
            181, 182, 183, 186, 187, 192, 206, 216, 220, 221, 223, 224, 225
          ],
          "excluded_lines": []
        },
        "optimize_ec_algorithm": {
          "executed_lines": [],
          "summary": {
            "covered_lines": 0,
            "num_statements": 48,
            "percent_covered": 0.0,
            "percent_covered_display": "0",
            "missing_lines": 48,
            "excluded_lines": 0
          },
          "missing_lines": [
            240, 241, 243, 244, 249, 257, 258, 260, 262, 263, 264, 271, 273, 274, 275, 279, 281,
            282, 283, 287, 288, 291, 292, 293, 295, 296, 297, 302, 303, 306, 307, 312, 313, 314,
            317, 318, 319, 320, 321, 324, 325, 329, 338, 339, 341, 343, 344, 345
          ],
          "excluded_lines": []
        },
        "_report_governance_evaluation": {
          "executed_lines": [],
          "summary": {
            "covered_lines": 0,
            "num_statements": 5,
            "percent_covered": 0.0,
            "percent_covered_display": "0",
            "missing_lines": 5,
            "excluded_lines": 0
          },
          "missing_lines": [355, 356, 370, 371, 372],
          "excluded_lines": []
        },
        "alphaevolve_health_check": {
          "executed_lines": [],
          "summary": {
            "covered_lines": 0,
            "num_statements": 6,
            "percent_covered": 0.0,
            "percent_covered_display": "0",
            "missing_lines": 6,
            "excluded_lines": 0
          },
          "missing_lines": [381, 383, 385, 392, 393, 394],
          "excluded_lines": []
        },
        "": {
          "executed_lines": [],
          "summary": {
            "covered_lines": 0,
            "num_statements": 64,
            "percent_covered": 0.0,
            "percent_covered_display": "0",
            "missing_lines": 64,
            "excluded_lines": 0
          },
          "missing_lines": [
            8, 9, 10, 11, 13, 14, 16, 17, 18, 19, 21, 22, 25, 28, 29, 30, 31, 32, 33, 34, 35, 36,
            39, 42, 43, 44, 47, 50, 53, 54, 55, 56, 57, 58, 61, 64, 67, 70, 71, 74, 75, 76, 77, 80,
            83, 84, 85, 86, 87, 90, 93, 94, 95, 96, 97, 98, 103, 110, 111, 228, 229, 348, 375, 376
          ],
          "excluded_lines": []
        }
      },
      "classes": {
        "ECProposal": {
          "executed_lines": [],
          "summary": {
            "covered_lines": 0,
            "num_statements": 0,
            "percent_covered": 100.0,
            "percent_covered_display": "100",
            "missing_lines": 0,
            "excluded_lines": 0
          },
          "missing_lines": [],
          "excluded_lines": []
        },
        "ECGovernanceRequest": {
          "executed_lines": [],
          "summary": {
            "covered_lines": 0,
            "num_statements": 0,
            "percent_covered": 100.0,
            "percent_covered_display": "100",
            "missing_lines": 0,
            "excluded_lines": 0
          },
          "missing_lines": [],
          "excluded_lines": []
        },
        "ECGovernanceDecision": {
          "executed_lines": [],
          "summary": {
            "covered_lines": 0,
            "num_statements": 0,
            "percent_covered": 100.0,
            "percent_covered_display": "100",
            "missing_lines": 0,
            "excluded_lines": 0
          },
          "missing_lines": [],
          "excluded_lines": []
        },
        "ECGovernanceResponse": {
          "executed_lines": [],
          "summary": {
            "covered_lines": 0,
            "num_statements": 0,
            "percent_covered": 100.0,
            "percent_covered_display": "100",
            "missing_lines": 0,
            "excluded_lines": 0
          },
          "missing_lines": [],
          "excluded_lines": []
        },
        "ECOptimizationRequest": {
          "executed_lines": [],
          "summary": {
            "covered_lines": 0,
            "num_statements": 0,
            "percent_covered": 100.0,
            "percent_covered_display": "100",
            "missing_lines": 0,
            "excluded_lines": 0
          },
          "missing_lines": [],
          "excluded_lines": []
        },
        "ECOptimizationResponse": {
          "executed_lines": [],
          "summary": {
            "covered_lines": 0,
            "num_statements": 0,
            "percent_covered": 100.0,
            "percent_covered_display": "100",
            "missing_lines": 0,
            "excluded_lines": 0
          },
          "missing_lines": [],
          "excluded_lines": []
        },
        "": {
          "executed_lines": [],
          "summary": {
            "covered_lines": 0,
            "num_statements": 155,
            "percent_covered": 0.0,
            "percent_covered_display": "0",
            "missing_lines": 155,
            "excluded_lines": 0
          },
          "missing_lines": [
            8, 9, 10, 11, 13, 14, 16, 17, 18, 19, 21, 22, 25, 28, 29, 30, 31, 32, 33, 34, 35, 36,
            39, 42, 43, 44, 47, 50, 53, 54, 55, 56, 57, 58, 61, 64, 67, 70, 71, 74, 75, 76, 77, 80,
            83, 84, 85, 86, 87, 90, 93, 94, 95, 96, 97, 98, 103, 105, 107, 110, 111, 123, 124, 126,
            127, 130, 131, 132, 147, 154, 155, 157, 158, 168, 171, 172, 175, 176, 181, 182, 183,
            186, 187, 192, 206, 216, 220, 221, 223, 224, 225, 228, 229, 240, 241, 243, 244, 249,
            257, 258, 260, 262, 263, 264, 271, 273, 274, 275, 279, 281, 282, 283, 287, 288, 291,
            292, 293, 295, 296, 297, 302, 303, 306, 307, 312, 313, 314, 317, 318, 319, 320, 321,
            324, 325, 329, 338, 339, 341, 343, 344, 345, 348, 355, 356, 370, 371, 372, 375, 376,
            381, 383, 385, 392, 393, 394
          ],
          "excluded_lines": []
        }
      }
    },
    "services/core/evolutionary-computation/app/api/v1/monitoring.py": {
      "executed_lines": [],
      "summary": {
        "covered_lines": 0,
        "num_statements": 162,
        "percent_covered": 0.0,
        "percent_covered_display": "0",
        "missing_lines": 162,
        "excluded_lines": 0
      },
      "missing_lines": [
        8, 9, 10, 12, 13, 15, 16, 17, 18, 20, 21, 24, 27, 28, 29, 30, 31, 34, 37, 38, 39, 40, 41,
        42, 43, 46, 49, 50, 51, 52, 53, 54, 55, 58, 61, 62, 63, 64, 65, 66, 67, 68, 69, 72, 75, 76,
        77, 78, 79, 80, 83, 85, 87, 90, 91, 100, 101, 104, 118, 119, 120, 121, 123, 134, 135, 136,
        147, 150, 153, 162, 171, 172, 174, 175, 176, 179, 180, 190, 191, 194, 195, 196, 198, 208,
        209, 211, 212, 213, 216, 217, 226, 227, 231, 244, 245, 247, 248, 249, 252, 253, 262, 263,
        266, 267, 270, 272, 280, 281, 282, 285, 286, 291, 292, 294, 300, 307, 308, 309, 312, 316,
        319, 363, 373, 379, 381, 382, 383, 384, 385, 387, 388, 389, 390, 391, 392, 393, 394, 395,
        396, 397, 399, 400, 411, 413, 416, 418, 421, 422, 423, 424, 425, 428, 429, 430, 431, 432,
        435, 436, 437, 438, 439, 441
      ],
      "excluded_lines": [],
      "functions": {
        "get_wina_coordinator": {
          "executed_lines": [],
          "summary": {
            "covered_lines": 0,
            "num_statements": 2,
            "percent_covered": 0.0,
            "percent_covered_display": "0",
            "missing_lines": 2,
            "excluded_lines": 0
          },
          "missing_lines": [85, 87],
          "excluded_lines": []
        },
        "get_monitoring_dashboard": {
          "executed_lines": [],
          "summary": {
            "covered_lines": 0,
            "num_statements": 20,
            "percent_covered": 0.0,
            "percent_covered_display": "0",
            "missing_lines": 20,
            "excluded_lines": 0
          },
          "missing_lines": [
            100, 101, 104, 118, 119, 120, 121, 123, 134, 135, 136, 147, 150, 153, 162, 171, 172,
            174, 175, 176
          ],
          "excluded_lines": []
        },
        "get_wina_metrics": {
          "executed_lines": [],
          "summary": {
            "covered_lines": 0,
            "num_statements": 11,
            "percent_covered": 0.0,
            "percent_covered_display": "0",
            "missing_lines": 11,
            "excluded_lines": 0
          },
          "missing_lines": [190, 191, 194, 195, 196, 198, 208, 209, 211, 212, 213],
          "excluded_lines": []
        },
        "get_system_metrics": {
          "executed_lines": [],
          "summary": {
            "covered_lines": 0,
            "num_statements": 8,
            "percent_covered": 0.0,
            "percent_covered_display": "0",
            "missing_lines": 8,
            "excluded_lines": 0
          },
          "missing_lines": [226, 227, 231, 244, 245, 247, 248, 249],
          "excluded_lines": []
        },
        "get_active_alerts": {
          "executed_lines": [],
          "summary": {
            "covered_lines": 0,
            "num_statements": 9,
            "percent_covered": 0.0,
            "percent_covered_display": "0",
            "missing_lines": 9,
            "excluded_lines": 0
          },
          "missing_lines": [262, 263, 266, 267, 270, 272, 280, 281, 282],
          "excluded_lines": []
        },
        "monitoring_health_check": {
          "executed_lines": [],
          "summary": {
            "covered_lines": 0,
            "num_statements": 7,
            "percent_covered": 0.0,
            "percent_covered_display": "0",
            "missing_lines": 7,
            "excluded_lines": 0
          },
          "missing_lines": [291, 292, 294, 300, 307, 308, 309],
          "excluded_lines": []
        },
        "_check_active_alerts": {
          "executed_lines": [],
          "summary": {
            "covered_lines": 0,
            "num_statements": 25,
            "percent_covered": 0.0,
            "percent_covered_display": "0",
            "missing_lines": 25,
            "excluded_lines": 0
          },
          "missing_lines": [
            316, 319, 363, 373, 379, 381, 382, 383, 384, 385, 387, 388, 389, 390, 391, 392, 393,
            394, 395, 396, 397, 399, 400, 411, 413
          ],
          "excluded_lines": []
        },
        "_check_service_health": {
          "executed_lines": [],
          "summary": {
            "covered_lines": 0,
            "num_statements": 17,
            "percent_covered": 0.0,
            "percent_covered_display": "0",
            "missing_lines": 17,
            "excluded_lines": 0
          },
          "missing_lines": [
            418, 421, 422, 423, 424, 425, 428, 429, 430, 431, 432, 435, 436, 437, 438, 439, 441
          ],
          "excluded_lines": []
        },
        "": {
          "executed_lines": [],
          "summary": {
            "covered_lines": 0,
            "num_statements": 63,
            "percent_covered": 0.0,
            "percent_covered_display": "0",
            "missing_lines": 63,
            "excluded_lines": 0
          },
          "missing_lines": [
            8, 9, 10, 12, 13, 15, 16, 17, 18, 20, 21, 24, 27, 28, 29, 30, 31, 34, 37, 38, 39, 40,
            41, 42, 43, 46, 49, 50, 51, 52, 53, 54, 55, 58, 61, 62, 63, 64, 65, 66, 67, 68, 69, 72,
            75, 76, 77, 78, 79, 80, 83, 90, 91, 179, 180, 216, 217, 252, 253, 285, 286, 312, 416
          ],
          "excluded_lines": []
        }
      },
      "classes": {
        "SystemMetrics": {
          "executed_lines": [],
          "summary": {
            "covered_lines": 0,
            "num_statements": 0,
            "percent_covered": 100.0,
            "percent_covered_display": "100",
            "missing_lines": 0,
            "excluded_lines": 0
          },
          "missing_lines": [],
          "excluded_lines": []
        },
        "WINAPerformanceMetrics": {
          "executed_lines": [],
          "summary": {
            "covered_lines": 0,
            "num_statements": 0,
            "percent_covered": 100.0,
            "percent_covered_display": "100",
            "missing_lines": 0,
            "excluded_lines": 0
          },
          "missing_lines": [],
          "excluded_lines": []
        },
        "AlertRule": {
          "executed_lines": [],
          "summary": {
            "covered_lines": 0,
            "num_statements": 0,
            "percent_covered": 100.0,
            "percent_covered_display": "100",
            "missing_lines": 0,
            "excluded_lines": 0
          },
          "missing_lines": [],
          "excluded_lines": []
        },
        "Alert": {
          "executed_lines": [],
          "summary": {
            "covered_lines": 0,
            "num_statements": 0,
            "percent_covered": 100.0,
            "percent_covered_display": "100",
            "missing_lines": 0,
            "excluded_lines": 0
          },
          "missing_lines": [],
          "excluded_lines": []
        },
        "MonitoringDashboard": {
          "executed_lines": [],
          "summary": {
            "covered_lines": 0,
            "num_statements": 0,
            "percent_covered": 100.0,
            "percent_covered_display": "100",
            "missing_lines": 0,
            "excluded_lines": 0
          },
          "missing_lines": [],
          "excluded_lines": []
        },
        "": {
          "executed_lines": [],
          "summary": {
            "covered_lines": 0,
            "num_statements": 162,
            "percent_covered": 0.0,
            "percent_covered_display": "0",
            "missing_lines": 162,
            "excluded_lines": 0
          },
          "missing_lines": [
            8, 9, 10, 12, 13, 15, 16, 17, 18, 20, 21, 24, 27, 28, 29, 30, 31, 34, 37, 38, 39, 40,
            41, 42, 43, 46, 49, 50, 51, 52, 53, 54, 55, 58, 61, 62, 63, 64, 65, 66, 67, 68, 69, 72,
            75, 76, 77, 78, 79, 80, 83, 85, 87, 90, 91, 100, 101, 104, 118, 119, 120, 121, 123, 134,
            135, 136, 147, 150, 153, 162, 171, 172, 174, 175, 176, 179, 180, 190, 191, 194, 195,
            196, 198, 208, 209, 211, 212, 213, 216, 217, 226, 227, 231, 244, 245, 247, 248, 249,
            252, 253, 262, 263, 266, 267, 270, 272, 280, 281, 282, 285, 286, 291, 292, 294, 300,
            307, 308, 309, 312, 316, 319, 363, 373, 379, 381, 382, 383, 384, 385, 387, 388, 389,
            390, 391, 392, 393, 394, 395, 396, 397, 399, 400, 411, 413, 416, 418, 421, 422, 423,
            424, 425, 428, 429, 430, 431, 432, 435, 436, 437, 438, 439, 441
          ],
          "excluded_lines": []
        }
      }
    },
    "services/core/evolutionary-computation/app/api/v1/oversight.py": {
      "executed_lines": [],
      "summary": {
        "covered_lines": 0,
        "num_statements": 104,
        "percent_covered": 0.0,
        "percent_covered_display": "0",
        "missing_lines": 104,
        "excluded_lines": 0
      },
      "missing_lines": [
        8, 9, 10, 11, 13, 14, 16, 23, 25, 26, 29, 32, 33, 34, 35, 36, 39, 40, 43, 46, 47, 48, 49,
        50, 51, 54, 55, 56, 57, 60, 63, 64, 65, 68, 71, 72, 73, 74, 75, 78, 80, 82, 85, 86, 100,
        101, 103, 104, 107, 118, 121, 124, 145, 149, 152, 154, 155, 156, 159, 160, 171, 172, 174,
        175, 177, 178, 180, 181, 183, 194, 199, 216, 217, 219, 220, 224, 225, 227, 246, 254, 257,
        259, 260, 261, 266, 273, 274, 289, 290, 291, 294, 295, 300, 311, 312, 317, 328, 329, 333,
        335, 341, 343, 344, 345
      ],
      "excluded_lines": [],
      "functions": {
        "get_wina_coordinator": {
          "executed_lines": [],
          "summary": {
            "covered_lines": 0,
            "num_statements": 2,
            "percent_covered": 0.0,
            "percent_covered_display": "0",
            "missing_lines": 2,
            "excluded_lines": 0
          },
          "missing_lines": [80, 82],
          "excluded_lines": []
        },
        "coordinate_oversight": {
          "executed_lines": [],
          "summary": {
            "covered_lines": 0,
            "num_statements": 14,
            "percent_covered": 0.0,
            "percent_covered_display": "0",
            "missing_lines": 14,
            "excluded_lines": 0
          },
          "missing_lines": [100, 101, 103, 104, 107, 118, 121, 124, 145, 149, 152, 154, 155, 156],
          "excluded_lines": []
        },
        "batch_coordinate_oversight": {
          "executed_lines": [],
          "summary": {
            "covered_lines": 0,
            "num_statements": 24,
            "percent_covered": 0.0,
            "percent_covered_display": "0",
            "missing_lines": 24,
            "excluded_lines": 0
          },
          "missing_lines": [
            171, 172, 174, 175, 177, 178, 180, 181, 183, 194, 199, 216, 217, 219, 220, 224, 225,
            227, 246, 254, 257, 259, 260, 261
          ],
          "excluded_lines": []
        },
        "_report_oversight_activity": {
          "executed_lines": [],
          "summary": {
            "covered_lines": 0,
            "num_statements": 5,
            "percent_covered": 0.0,
            "percent_covered_display": "0",
            "missing_lines": 5,
            "excluded_lines": 0
          },
          "missing_lines": [273, 274, 289, 290, 291],
          "excluded_lines": []
        },
        "get_oversight_strategies": {
          "executed_lines": [],
          "summary": {
            "covered_lines": 0,
            "num_statements": 1,
            "percent_covered": 0.0,
            "percent_covered_display": "0",
            "missing_lines": 1,
            "excluded_lines": 0
          },
          "missing_lines": [300],
          "excluded_lines": []
        },
        "get_oversight_contexts": {
          "executed_lines": [],
          "summary": {
            "covered_lines": 0,
            "num_statements": 1,
            "percent_covered": 0.0,
            "percent_covered_display": "0",
            "missing_lines": 1,
            "excluded_lines": 0
          },
          "missing_lines": [317],
          "excluded_lines": []
        },
        "oversight_health_check": {
          "executed_lines": [],
          "summary": {
            "covered_lines": 0,
            "num_statements": 6,
            "percent_covered": 0.0,
            "percent_covered_display": "0",
            "missing_lines": 6,
            "excluded_lines": 0
          },
          "missing_lines": [333, 335, 341, 343, 344, 345],
          "excluded_lines": []
        },
        "": {
          "executed_lines": [],
          "summary": {
            "covered_lines": 0,
            "num_statements": 51,
            "percent_covered": 0.0,
            "percent_covered_display": "0",
            "missing_lines": 51,
            "excluded_lines": 0
          },
          "missing_lines": [
            8, 9, 10, 11, 13, 14, 16, 23, 25, 26, 29, 32, 33, 34, 35, 36, 39, 40, 43, 46, 47, 48,
            49, 50, 51, 54, 55, 56, 57, 60, 63, 64, 65, 68, 71, 72, 73, 74, 75, 78, 85, 86, 159,
            160, 266, 294, 295, 311, 312, 328, 329
          ],
          "excluded_lines": []
        }
      },
      "classes": {
        "OversightRequestModel": {
          "executed_lines": [],
          "summary": {
            "covered_lines": 0,
            "num_statements": 0,
            "percent_covered": 100.0,
            "percent_covered_display": "100",
            "missing_lines": 0,
            "excluded_lines": 0
          },
          "missing_lines": [],
          "excluded_lines": []
        },
        "OversightResponseModel": {
          "executed_lines": [],
          "summary": {
            "covered_lines": 0,
            "num_statements": 0,
            "percent_covered": 100.0,
            "percent_covered_display": "100",
            "missing_lines": 0,
            "excluded_lines": 0
          },
          "missing_lines": [],
          "excluded_lines": []
        },
        "BatchOversightRequestModel": {
          "executed_lines": [],
          "summary": {
            "covered_lines": 0,
            "num_statements": 0,
            "percent_covered": 100.0,
            "percent_covered_display": "100",
            "missing_lines": 0,
            "excluded_lines": 0
          },
          "missing_lines": [],
          "excluded_lines": []
        },
        "BatchOversightResponseModel": {
          "executed_lines": [],
          "summary": {
            "covered_lines": 0,
            "num_statements": 0,
            "percent_covered": 100.0,
            "percent_covered_display": "100",
            "missing_lines": 0,
            "excluded_lines": 0
          },
          "missing_lines": [],
          "excluded_lines": []
        },
        "": {
          "executed_lines": [],
          "summary": {
            "covered_lines": 0,
            "num_statements": 104,
            "percent_covered": 0.0,
            "percent_covered_display": "0",
            "missing_lines": 104,
            "excluded_lines": 0
          },
          "missing_lines": [
            8, 9, 10, 11, 13, 14, 16, 23, 25, 26, 29, 32, 33, 34, 35, 36, 39, 40, 43, 46, 47, 48,
            49, 50, 51, 54, 55, 56, 57, 60, 63, 64, 65, 68, 71, 72, 73, 74, 75, 78, 80, 82, 85, 86,
            100, 101, 103, 104, 107, 118, 121, 124, 145, 149, 152, 154, 155, 156, 159, 160, 171,
            172, 174, 175, 177, 178, 180, 181, 183, 194, 199, 216, 217, 219, 220, 224, 225, 227,
            246, 254, 257, 259, 260, 261, 266, 273, 274, 289, 290, 291, 294, 295, 300, 311, 312,
            317, 328, 329, 333, 335, 341, 343, 344, 345
          ],
          "excluded_lines": []
        }
      }
    },
    "services/core/evolutionary-computation/app/api/v1/reporting.py": {
      "executed_lines": [],
      "summary": {
        "covered_lines": 0,
        "num_statements": 156,
        "percent_covered": 0.0,
        "percent_covered_display": "0",
        "missing_lines": 156,
        "excluded_lines": 0
      },
      "missing_lines": [
        8, 9, 10, 12, 13, 15, 16, 17, 18, 20, 21, 24, 27, 28, 29, 30, 31, 32, 35, 38, 39, 40, 41,
        42, 43, 46, 49, 50, 53, 56, 57, 58, 59, 60, 63, 66, 67, 68, 69, 70, 71, 74, 76, 78, 81, 82,
        95, 96, 99, 100, 101, 102, 103, 104, 105, 106, 107, 109, 112, 114, 115, 116, 117, 119, 121,
        122, 123, 124, 126, 128, 129, 130, 131, 134, 144, 181, 189, 198, 199, 200, 203, 204, 205,
        206, 208, 224, 225, 227, 228, 229, 232, 233, 242, 243, 246, 249, 250, 251, 254, 262, 263,
        264, 265, 266, 267, 269, 272, 286, 292, 293, 297, 305, 306, 308, 309, 310, 315, 316, 325,
        326, 329, 332, 335, 343, 351, 361, 382, 391, 392, 394, 395, 396, 399, 400, 405, 407, 409,
        410, 411, 412, 413, 415, 416, 417, 418, 419, 421, 422, 423, 424, 425, 427, 433, 439, 440,
        441
      ],
      "excluded_lines": [],
      "functions": {
        "get_wina_coordinator": {
          "executed_lines": [],
          "summary": {
            "covered_lines": 0,
            "num_statements": 2,
            "percent_covered": 0.0,
            "percent_covered_display": "0",
            "missing_lines": 2,
            "excluded_lines": 0
          },
          "missing_lines": [76, 78],
          "excluded_lines": []
        },
        "get_oversight_summary": {
          "executed_lines": [],
          "summary": {
            "covered_lines": 0,
            "num_statements": 44,
            "percent_covered": 0.0,
            "percent_covered_display": "0",
            "missing_lines": 44,
            "excluded_lines": 0
          },
          "missing_lines": [
            95, 96, 99, 100, 101, 102, 103, 104, 105, 106, 107, 109, 112, 114, 115, 116, 117, 119,
            121, 122, 123, 124, 126, 128, 129, 130, 131, 134, 144, 181, 189, 198, 199, 200, 203,
            204, 205, 206, 208, 224, 225, 227, 228, 229
          ],
          "excluded_lines": []
        },
        "get_constitutional_compliance_report": {
          "executed_lines": [],
          "summary": {
            "covered_lines": 0,
            "num_statements": 24,
            "percent_covered": 0.0,
            "percent_covered_display": "0",
            "missing_lines": 24,
            "excluded_lines": 0
          },
          "missing_lines": [
            242, 243, 246, 249, 250, 251, 254, 262, 263, 264, 265, 266, 267, 269, 272, 286, 292,
            293, 297, 305, 306, 308, 309, 310
          ],
          "excluded_lines": []
        },
        "get_wina_optimization_report": {
          "executed_lines": [],
          "summary": {
            "covered_lines": 0,
            "num_statements": 14,
            "percent_covered": 0.0,
            "percent_covered_display": "0",
            "missing_lines": 14,
            "excluded_lines": 0
          },
          "missing_lines": [325, 326, 329, 332, 335, 343, 351, 361, 382, 391, 392, 394, 395, 396],
          "excluded_lines": []
        },
        "reporting_health_check": {
          "executed_lines": [],
          "summary": {
            "covered_lines": 0,
            "num_statements": 22,
            "percent_covered": 0.0,
            "percent_covered_display": "0",
            "missing_lines": 22,
            "excluded_lines": 0
          },
          "missing_lines": [
            405, 407, 409, 410, 411, 412, 413, 415, 416, 417, 418, 419, 421, 422, 423, 424, 425,
            427, 433, 439, 440, 441
          ],
          "excluded_lines": []
        },
        "": {
          "executed_lines": [],
          "summary": {
            "covered_lines": 0,
            "num_statements": 50,
            "percent_covered": 0.0,
            "percent_covered_display": "0",
            "missing_lines": 50,
            "excluded_lines": 0
          },
          "missing_lines": [
            8, 9, 10, 12, 13, 15, 16, 17, 18, 20, 21, 24, 27, 28, 29, 30, 31, 32, 35, 38, 39, 40,
            41, 42, 43, 46, 49, 50, 53, 56, 57, 58, 59, 60, 63, 66, 67, 68, 69, 70, 71, 74, 81, 82,
            232, 233, 315, 316, 399, 400
          ],
          "excluded_lines": []
        }
      },
      "classes": {
        "PerformanceMetrics": {
          "executed_lines": [],
          "summary": {
            "covered_lines": 0,
            "num_statements": 0,
            "percent_covered": 100.0,
            "percent_covered_display": "100",
            "missing_lines": 0,
            "excluded_lines": 0
          },
          "missing_lines": [],
          "excluded_lines": []
        },
        "OversightReport": {
          "executed_lines": [],
          "summary": {
            "covered_lines": 0,
            "num_statements": 0,
            "percent_covered": 100.0,
            "percent_covered_display": "100",
            "missing_lines": 0,
            "excluded_lines": 0
          },
          "missing_lines": [],
          "excluded_lines": []
        },
        "ConstitutionalComplianceReport": {
          "executed_lines": [],
          "summary": {
            "covered_lines": 0,
            "num_statements": 0,
            "percent_covered": 100.0,
            "percent_covered_display": "100",
            "missing_lines": 0,
            "excluded_lines": 0
          },
          "missing_lines": [],
          "excluded_lines": []
        },
        "WINAOptimizationReport": {
          "executed_lines": [],
          "summary": {
            "covered_lines": 0,
            "num_statements": 0,
            "percent_covered": 100.0,
            "percent_covered_display": "100",
            "missing_lines": 0,
            "excluded_lines": 0
          },
          "missing_lines": [],
          "excluded_lines": []
        },
        "": {
          "executed_lines": [],
          "summary": {
            "covered_lines": 0,
            "num_statements": 156,
            "percent_covered": 0.0,
            "percent_covered_display": "0",
            "missing_lines": 156,
            "excluded_lines": 0
          },
          "missing_lines": [
            8, 9, 10, 12, 13, 15, 16, 17, 18, 20, 21, 24, 27, 28, 29, 30, 31, 32, 35, 38, 39, 40,
            41, 42, 43, 46, 49, 50, 53, 56, 57, 58, 59, 60, 63, 66, 67, 68, 69, 70, 71, 74, 76, 78,
            81, 82, 95, 96, 99, 100, 101, 102, 103, 104, 105, 106, 107, 109, 112, 114, 115, 116,
            117, 119, 121, 122, 123, 124, 126, 128, 129, 130, 131, 134, 144, 181, 189, 198, 199,
            200, 203, 204, 205, 206, 208, 224, 225, 227, 228, 229, 232, 233, 242, 243, 246, 249,
            250, 251, 254, 262, 263, 264, 265, 266, 267, 269, 272, 286, 292, 293, 297, 305, 306,
            308, 309, 310, 315, 316, 325, 326, 329, 332, 335, 343, 351, 361, 382, 391, 392, 394,
            395, 396, 399, 400, 405, 407, 409, 410, 411, 412, 413, 415, 416, 417, 418, 419, 421,
            422, 423, 424, 425, 427, 433, 439, 440, 441
          ],
          "excluded_lines": []
        }
      }
    },
    "services/core/evolutionary-computation/app/api/v1/wina_oversight.py": {
      "executed_lines": [],
      "summary": {
        "covered_lines": 0,
        "num_statements": 178,
        "percent_covered": 0.0,
        "percent_covered_display": "0",
        "missing_lines": 178,
        "excluded_lines": 0
      },
      "missing_lines": [
        16, 17, 18, 20, 21, 24, 32, 35, 41, 44, 45, 46, 47, 50, 53, 56, 59, 62, 64, 65, 66, 70, 71,
        72, 73, 75, 76, 77, 81, 82, 83, 84, 87, 90, 91, 96, 99, 100, 102, 103, 104, 108, 115, 116,
        119, 122, 123, 124, 125, 126, 127, 128, 129, 130, 131, 132, 133, 134, 135, 138, 141, 142,
        143, 144, 145, 146, 147, 148, 149, 150, 151, 152, 153, 159, 161, 162, 163, 164, 165, 173,
        174, 185, 186, 189, 202, 205, 236, 237, 239, 240, 241, 242, 243, 244, 247, 248, 258, 259,
        262, 275, 280, 282, 294, 295, 296, 297, 298, 299, 302, 303, 313, 314, 317, 318, 319, 322,
        325, 351, 352, 353, 356, 357, 364, 365, 367, 368, 374, 376, 382, 383, 384, 389, 390, 397,
        398, 400, 401, 407, 409, 414, 415, 416, 421, 422, 431, 433, 438, 452, 453, 456, 459, 462,
        466, 478, 479, 485, 486, 487, 489, 491, 493, 494, 495, 501, 503, 511, 514, 516, 539, 542,
        544, 552, 555, 557, 577, 580, 582, 590
      ],
      "excluded_lines": [],
      "functions": {
        "OversightRequestModel.validate_oversight_type": {
          "executed_lines": [],
          "summary": {
            "covered_lines": 0,
            "num_statements": 4,
            "percent_covered": 0.0,
            "percent_covered_display": "0",
            "missing_lines": 4,
            "excluded_lines": 0
          },
          "missing_lines": [70, 71, 72, 73],
          "excluded_lines": []
        },
        "OversightRequestModel.validate_priority_level": {
          "executed_lines": [],
          "summary": {
            "covered_lines": 0,
            "num_statements": 4,
            "percent_covered": 0.0,
            "percent_covered_display": "0",
            "missing_lines": 4,
            "excluded_lines": 0
          },
          "missing_lines": [81, 82, 83, 84],
          "excluded_lines": []
        },
        "ReportingPeriodModel.validate_end_time": {
          "executed_lines": [],
          "summary": {
            "covered_lines": 0,
            "num_statements": 3,
            "percent_covered": 0.0,
            "percent_covered_display": "0",
            "missing_lines": 3,
            "excluded_lines": 0
          },
          "missing_lines": [108, 115, 116],
          "excluded_lines": []
        },
        "get_oversight_coordinator": {
          "executed_lines": [],
          "summary": {
            "covered_lines": 0,
            "num_statements": 5,
            "percent_covered": 0.0,
            "percent_covered_display": "0",
            "missing_lines": 5,
            "excluded_lines": 0
          },
          "missing_lines": [161, 162, 163, 164, 165],
          "excluded_lines": []
        },
        "coordinate_oversight": {
          "executed_lines": [],
          "summary": {
            "covered_lines": 0,
            "num_statements": 13,
            "percent_covered": 0.0,
            "percent_covered_display": "0",
            "missing_lines": 13,
            "excluded_lines": 0
          },
          "missing_lines": [185, 186, 189, 202, 205, 236, 237, 239, 240, 241, 242, 243, 244],
          "excluded_lines": []
        },
        "select_oversight_strategy": {
          "executed_lines": [],
          "summary": {
            "covered_lines": 0,
            "num_statements": 12,
            "percent_covered": 0.0,
            "percent_covered_display": "0",
            "missing_lines": 12,
            "excluded_lines": 0
          },
          "missing_lines": [258, 259, 262, 275, 280, 282, 294, 295, 296, 297, 298, 299],
          "excluded_lines": []
        },
        "generate_comprehensive_report": {
          "executed_lines": [],
          "summary": {
            "covered_lines": 0,
            "num_statements": 10,
            "percent_covered": 0.0,
            "percent_covered_display": "0",
            "missing_lines": 10,
            "excluded_lines": 0
          },
          "missing_lines": [313, 314, 317, 318, 319, 322, 325, 351, 352, 353],
          "excluded_lines": []
        },
        "get_available_strategies": {
          "executed_lines": [],
          "summary": {
            "covered_lines": 0,
            "num_statements": 9,
            "percent_covered": 0.0,
            "percent_covered_display": "0",
            "missing_lines": 9,
            "excluded_lines": 0
          },
          "missing_lines": [364, 365, 367, 368, 374, 376, 382, 383, 384],
          "excluded_lines": []
        },
        "get_oversight_contexts": {
          "executed_lines": [],
          "summary": {
            "covered_lines": 0,
            "num_statements": 9,
            "percent_covered": 0.0,
            "percent_covered_display": "0",
            "missing_lines": 9,
            "excluded_lines": 0
          },
          "missing_lines": [397, 398, 400, 401, 407, 409, 414, 415, 416],
          "excluded_lines": []
        },
        "get_oversight_health": {
          "executed_lines": [],
          "summary": {
            "covered_lines": 0,
            "num_statements": 19,
            "percent_covered": 0.0,
            "percent_covered_display": "0",
            "missing_lines": 19,
            "excluded_lines": 0
          },
          "missing_lines": [
            431, 433, 438, 452, 453, 456, 459, 462, 466, 478, 479, 485, 486, 487, 489, 491, 493,
            494, 495
          ],
          "excluded_lines": []
        },
        "_get_strategy_description": {
          "executed_lines": [],
          "summary": {
            "covered_lines": 0,
            "num_statements": 2,
            "percent_covered": 0.0,
            "percent_covered_display": "0",
            "missing_lines": 2,
            "excluded_lines": 0
          },
          "missing_lines": [503, 511],
          "excluded_lines": []
        },
        "_get_strategy_use_cases": {
          "executed_lines": [],
          "summary": {
            "covered_lines": 0,
            "num_statements": 2,
            "percent_covered": 0.0,
            "percent_covered_display": "0",
            "missing_lines": 2,
            "excluded_lines": 0
          },
          "missing_lines": [516, 539],
          "excluded_lines": []
        },
        "_get_context_description": {
          "executed_lines": [],
          "summary": {
            "covered_lines": 0,
            "num_statements": 2,
            "percent_covered": 0.0,
            "percent_covered_display": "0",
            "missing_lines": 2,
            "excluded_lines": 0
          },
          "missing_lines": [544, 552],
          "excluded_lines": []
        },
        "_get_context_typical_strategies": {
          "executed_lines": [],
          "summary": {
            "covered_lines": 0,
            "num_statements": 2,
            "percent_covered": 0.0,
            "percent_covered_display": "0",
            "missing_lines": 2,
            "excluded_lines": 0
          },
          "missing_lines": [557, 577],
          "excluded_lines": []
        },
        "_get_context_optimization_potential": {
          "executed_lines": [],
          "summary": {
            "covered_lines": 0,
            "num_statements": 2,
            "percent_covered": 0.0,
            "percent_covered_display": "0",
            "missing_lines": 2,
            "excluded_lines": 0
          },
          "missing_lines": [582, 590],
          "excluded_lines": []
        },
        "": {
          "executed_lines": [],
          "summary": {
            "covered_lines": 0,
            "num_statements": 80,
            "percent_covered": 0.0,
            "percent_covered_display": "0",
            "missing_lines": 80,
            "excluded_lines": 0
          },
          "missing_lines": [
            16, 17, 18, 20, 21, 24, 32, 35, 41, 44, 45, 46, 47, 50, 53, 56, 59, 62, 64, 65, 66, 75,
            76, 77, 87, 90, 91, 96, 99, 100, 102, 103, 104, 119, 122, 123, 124, 125, 126, 127, 128,
            129, 130, 131, 132, 133, 134, 135, 138, 141, 142, 143, 144, 145, 146, 147, 148, 149,
            150, 151, 152, 153, 159, 173, 174, 247, 248, 302, 303, 356, 357, 389, 390, 421, 422,
            501, 514, 542, 555, 580
          ],
          "excluded_lines": []
        }
      },
      "classes": {
        "OversightRequestModel": {
          "executed_lines": [],
          "summary": {
            "covered_lines": 0,
            "num_statements": 8,
            "percent_covered": 0.0,
            "percent_covered_display": "0",
            "missing_lines": 8,
            "excluded_lines": 0
          },
          "missing_lines": [70, 71, 72, 73, 81, 82, 83, 84],
          "excluded_lines": []
        },
        "OversightStrategySelection": {
          "executed_lines": [],
          "summary": {
            "covered_lines": 0,
            "num_statements": 0,
            "percent_covered": 100.0,
            "percent_covered_display": "100",
            "missing_lines": 0,
            "excluded_lines": 0
          },
          "missing_lines": [],
          "excluded_lines": []
        },
        "ReportingPeriodModel": {
          "executed_lines": [],
          "summary": {
            "covered_lines": 0,
            "num_statements": 3,
            "percent_covered": 0.0,
            "percent_covered_display": "0",
            "missing_lines": 3,
            "excluded_lines": 0
          },
          "missing_lines": [108, 115, 116],
          "excluded_lines": []
        },
        "OversightMetricsResponse": {
          "executed_lines": [],
          "summary": {
            "covered_lines": 0,
            "num_statements": 0,
            "percent_covered": 100.0,
            "percent_covered_display": "100",
            "missing_lines": 0,
            "excluded_lines": 0
          },
          "missing_lines": [],
          "excluded_lines": []
        },
        "OversightResultResponse": {
          "executed_lines": [],
          "summary": {
            "covered_lines": 0,
            "num_statements": 0,
            "percent_covered": 100.0,
            "percent_covered_display": "100",
            "missing_lines": 0,
            "excluded_lines": 0
          },
          "missing_lines": [],
          "excluded_lines": []
        },
        "": {
          "executed_lines": [],
          "summary": {
            "covered_lines": 0,
            "num_statements": 167,
            "percent_covered": 0.0,
            "percent_covered_display": "0",
            "missing_lines": 167,
            "excluded_lines": 0
          },
          "missing_lines": [
            16, 17, 18, 20, 21, 24, 32, 35, 41, 44, 45, 46, 47, 50, 53, 56, 59, 62, 64, 65, 66, 75,
            76, 77, 87, 90, 91, 96, 99, 100, 102, 103, 104, 119, 122, 123, 124, 125, 126, 127, 128,
            129, 130, 131, 132, 133, 134, 135, 138, 141, 142, 143, 144, 145, 146, 147, 148, 149,
            150, 151, 152, 153, 159, 161, 162, 163, 164, 165, 173, 174, 185, 186, 189, 202, 205,
            236, 237, 239, 240, 241, 242, 243, 244, 247, 248, 258, 259, 262, 275, 280, 282, 294,
            295, 296, 297, 298, 299, 302, 303, 313, 314, 317, 318, 319, 322, 325, 351, 352, 353,
            356, 357, 364, 365, 367, 368, 374, 376, 382, 383, 384, 389, 390, 397, 398, 400, 401,
            407, 409, 414, 415, 416, 421, 422, 431, 433, 438, 452, 453, 456, 459, 462, 466, 478,
            479, 485, 486, 487, 489, 491, 493, 494, 495, 501, 503, 511, 514, 516, 539, 542, 544,
            552, 555, 557, 577, 580, 582, 590
          ],
          "excluded_lines": []
        }
      }
    },
    "services/core/evolutionary-computation/app/cache_manager.py": {
      "executed_lines": [],
      "summary": {
        "covered_lines": 0,
        "num_statements": 32,
        "percent_covered": 0.0,
        "percent_covered_display": "0",
        "missing_lines": 32,
        "excluded_lines": 0
      },
      "missing_lines": [
        5, 6, 8, 10, 16, 19, 20, 24, 25, 26, 28, 32, 33, 35, 36, 42, 43, 44, 46, 47, 48, 50, 51, 52,
        54, 55, 65, 68, 70, 71, 72, 73
      ],
      "excluded_lines": [],
      "functions": {
        "Ec_serviceCacheManager.__init__": {
          "executed_lines": [],
          "summary": {
            "covered_lines": 0,
            "num_statements": 3,
            "percent_covered": 0.0,
            "percent_covered_display": "0",
            "missing_lines": 3,
            "excluded_lines": 0
          },
          "missing_lines": [24, 25, 26],
          "excluded_lines": []
        },
        "Ec_serviceCacheManager.initialize": {
          "executed_lines": [],
          "summary": {
            "covered_lines": 0,
            "num_statements": 10,
            "percent_covered": 0.0,
            "percent_covered_display": "0",
            "missing_lines": 10,
            "excluded_lines": 0
          },
          "missing_lines": [32, 33, 35, 36, 42, 43, 44, 46, 47, 48],
          "excluded_lines": []
        },
        "Ec_serviceCacheManager.get_cache_metrics": {
          "executed_lines": [],
          "summary": {
            "covered_lines": 0,
            "num_statements": 4,
            "percent_covered": 0.0,
            "percent_covered_display": "0",
            "missing_lines": 4,
            "excluded_lines": 0
          },
          "missing_lines": [51, 52, 54, 55],
          "excluded_lines": []
        },
        "get_cache_manager": {
          "executed_lines": [],
          "summary": {
            "covered_lines": 0,
            "num_statements": 4,
            "percent_covered": 0.0,
            "percent_covered_display": "0",
            "missing_lines": 4,
            "excluded_lines": 0
          },
          "missing_lines": [70, 71, 72, 73],
          "excluded_lines": []
        },
        "": {
          "executed_lines": [],
          "summary": {
            "covered_lines": 0,
            "num_statements": 11,
            "percent_covered": 0.0,
            "percent_covered_display": "0",
            "missing_lines": 11,
            "excluded_lines": 0
          },
          "missing_lines": [5, 6, 8, 10, 16, 19, 20, 28, 50, 65, 68],
          "excluded_lines": []
        }
      },
      "classes": {
        "Ec_serviceCacheManager": {
          "executed_lines": [],
          "summary": {
            "covered_lines": 0,
            "num_statements": 17,
            "percent_covered": 0.0,
            "percent_covered_display": "0",
            "missing_lines": 17,
            "excluded_lines": 0
          },
          "missing_lines": [24, 25, 26, 32, 33, 35, 36, 42, 43, 44, 46, 47, 48, 51, 52, 54, 55],
          "excluded_lines": []
        },
        "": {
          "executed_lines": [],
          "summary": {
            "covered_lines": 0,
            "num_statements": 15,
            "percent_covered": 0.0,
            "percent_covered_display": "0",
            "missing_lines": 15,
            "excluded_lines": 0
          },
          "missing_lines": [5, 6, 8, 10, 16, 19, 20, 28, 50, 65, 68, 70, 71, 72, 73],
          "excluded_lines": []
        }
      }
    },
    "services/core/evolutionary-computation/app/main.py": {
      "executed_lines": [],
      "summary": {
        "covered_lines": 0,
        "num_statements": 179,
        "percent_covered": 0.0,
        "percent_covered_display": "0",
        "missing_lines": 179,
        "excluded_lines": 4
      },
      "missing_lines": [
        16, 17, 18, 19, 21, 22, 23, 24, 25, 26, 29, 30, 32, 33, 38, 39, 40, 41, 42, 46, 47, 49, 50,
        61, 62, 63, 64, 65, 67, 70, 71, 74, 79, 88, 89, 93, 96, 99, 100, 104, 107, 108, 111, 117,
        121, 122, 124, 127, 133, 137, 139, 142, 143, 147, 150, 154, 158, 159, 160, 163, 165, 167,
        169, 173, 176, 177, 178, 179, 182, 185, 188, 191, 194, 195, 202, 204, 206, 207, 210, 211,
        214, 217, 219, 221, 223, 224, 225, 228, 231, 232, 233, 234, 235, 236, 239, 240, 241, 243,
        246, 251, 252, 253, 255, 258, 260, 261, 262, 263, 264, 265, 268, 277, 278, 279, 280, 281,
        282, 283, 284, 285, 286, 288, 291, 292, 298, 299, 301, 304, 307, 310, 313, 314, 316, 317,
        318, 319, 320, 323, 324, 326, 327, 332, 334, 335, 336, 338, 341, 342, 343, 346, 347, 348,
        353, 361, 362, 367, 368, 369, 370, 372, 375, 376, 383, 384, 385, 387, 388, 389, 391, 424,
        425, 430, 465, 468, 469, 470, 473, 478, 479
      ],
      "excluded_lines": [482, 483, 485, 487],
      "functions": {
        "add_security_middleware": {
          "executed_lines": [],
          "summary": {
            "covered_lines": 0,
            "num_statements": 1,
            "percent_covered": 0.0,
            "percent_covered_display": "0",
            "missing_lines": 1,
            "excluded_lines": 0
          },
          "missing_lines": [79],
          "excluded_lines": []
        },
        "MockSecurityConfig.get": {
          "executed_lines": [],
          "summary": {
            "covered_lines": 0,
            "num_statements": 1,
            "percent_covered": 0.0,
            "percent_covered_display": "0",
            "missing_lines": 1,
            "excluded_lines": 0
          },
          "missing_lines": [93],
          "excluded_lines": []
        },
        "MockMetrics.record_verification_operation": {
          "executed_lines": [],
          "summary": {
            "covered_lines": 0,
            "num_statements": 1,
            "percent_covered": 0.0,
            "percent_covered_display": "0",
            "missing_lines": 1,
            "excluded_lines": 0
          },
          "missing_lines": [104],
          "excluded_lines": []
        },
        "get_metrics": {
          "executed_lines": [],
          "summary": {
            "covered_lines": 0,
            "num_statements": 1,
            "percent_covered": 0.0,
            "percent_covered_display": "0",
            "missing_lines": 1,
            "excluded_lines": 0
          },
          "missing_lines": [108],
          "excluded_lines": []
        },
        "metrics_middleware": {
          "executed_lines": [],
          "summary": {
            "covered_lines": 0,
            "num_statements": 2,
            "percent_covered": 0.0,
            "percent_covered_display": "0",
            "missing_lines": 2,
            "excluded_lines": 0
          },
          "missing_lines": [117, 124],
          "excluded_lines": []
        },
        "metrics_middleware.middleware": {
          "executed_lines": [],
          "summary": {
            "covered_lines": 0,
            "num_statements": 2,
            "percent_covered": 0.0,
            "percent_covered_display": "0",
            "missing_lines": 2,
            "excluded_lines": 0
          },
          "missing_lines": [121, 122],
          "excluded_lines": []
        },
        "create_metrics_endpoint": {
          "executed_lines": [],
          "summary": {
            "covered_lines": 0,
            "num_statements": 2,
            "percent_covered": 0.0,
            "percent_covered_display": "0",
            "missing_lines": 2,
            "excluded_lines": 0
          },
          "missing_lines": [133, 139],
          "excluded_lines": []
        },
        "create_metrics_endpoint.metrics": {
          "executed_lines": [],
          "summary": {
            "covered_lines": 0,
            "num_statements": 1,
            "percent_covered": 0.0,
            "percent_covered_display": "0",
            "missing_lines": 1,
            "excluded_lines": 0
          },
          "missing_lines": [137],
          "excluded_lines": []
        },
        "MockConfig.get": {
          "executed_lines": [],
          "summary": {
            "covered_lines": 0,
            "num_statements": 1,
            "percent_covered": 0.0,
            "percent_covered_display": "0",
            "missing_lines": 1,
            "excluded_lines": 0
          },
          "missing_lines": [147],
          "excluded_lines": []
        },
        "get_config": {
          "executed_lines": [],
          "summary": {
            "covered_lines": 0,
            "num_statements": 1,
            "percent_covered": 0.0,
            "percent_covered_display": "0",
            "missing_lines": 1,
            "excluded_lines": 0
          },
          "missing_lines": [154],
          "excluded_lines": []
        },
        "lifespan": {
          "executed_lines": [],
          "summary": {
            "covered_lines": 0,
            "num_statements": 24,
            "percent_covered": 0.0,
            "percent_covered_display": "0",
            "missing_lines": 24,
            "excluded_lines": 0
          },
          "missing_lines": [
            202, 204, 206, 207, 210, 211, 214, 217, 219, 221, 223, 224, 225, 228, 231, 232, 233,
            234, 235, 236, 239, 240, 241, 243
          ],
          "excluded_lines": []
        },
        "background_monitoring": {
          "executed_lines": [],
          "summary": {
            "covered_lines": 0,
            "num_statements": 11,
            "percent_covered": 0.0,
            "percent_covered_display": "0",
            "missing_lines": 11,
            "excluded_lines": 0
          },
          "missing_lines": [251, 252, 253, 255, 258, 260, 261, 262, 263, 264, 265],
          "excluded_lines": []
        },
        "add_constitutional_headers": {
          "executed_lines": [],
          "summary": {
            "covered_lines": 0,
            "num_statements": 5,
            "percent_covered": 0.0,
            "percent_covered_display": "0",
            "missing_lines": 5,
            "excluded_lines": 0
          },
          "missing_lines": [316, 317, 318, 319, 320],
          "excluded_lines": []
        },
        "enhanced_metrics_endpoint": {
          "executed_lines": [],
          "summary": {
            "covered_lines": 0,
            "num_statements": 5,
            "percent_covered": 0.0,
            "percent_covered_display": "0",
            "missing_lines": 5,
            "excluded_lines": 0
          },
          "missing_lines": [367, 368, 369, 370, 372],
          "excluded_lines": []
        },
        "health_check": {
          "executed_lines": [],
          "summary": {
            "covered_lines": 0,
            "num_statements": 7,
            "percent_covered": 0.0,
            "percent_covered_display": "0",
            "missing_lines": 7,
            "excluded_lines": 0
          },
          "missing_lines": [383, 384, 385, 387, 388, 389, 391],
          "excluded_lines": []
        },
        "root": {
          "executed_lines": [],
          "summary": {
            "covered_lines": 0,
            "num_statements": 1,
            "percent_covered": 0.0,
            "percent_covered_display": "0",
            "missing_lines": 1,
            "excluded_lines": 0
          },
          "missing_lines": [430],
          "excluded_lines": []
        },
        "get_wina_coordinator": {
          "executed_lines": [],
          "summary": {
            "covered_lines": 0,
            "num_statements": 3,
            "percent_covered": 0.0,
            "percent_covered_display": "0",
            "missing_lines": 3,
            "excluded_lines": 0
          },
          "missing_lines": [468, 469, 470],
          "excluded_lines": []
        },
        "get_wina_performance_collector": {
          "executed_lines": [],
          "summary": {
            "covered_lines": 0,
            "num_statements": 2,
            "percent_covered": 0.0,
            "percent_covered_display": "0",
            "missing_lines": 2,
            "excluded_lines": 0
          },
          "missing_lines": [478, 479],
          "excluded_lines": []
        },
        "": {
          "executed_lines": [],
          "summary": {
            "covered_lines": 0,
            "num_statements": 108,
            "percent_covered": 0.0,
            "percent_covered_display": "0",
            "missing_lines": 108,
            "excluded_lines": 4
          },
          "missing_lines": [
            16, 17, 18, 19, 21, 22, 23, 24, 25, 26, 29, 30, 32, 33, 38, 39, 40, 41, 42, 46, 47, 49,
            50, 61, 62, 63, 64, 65, 67, 70, 71, 74, 88, 89, 96, 99, 100, 107, 111, 127, 142, 143,
            150, 158, 159, 160, 163, 165, 167, 169, 173, 176, 177, 178, 179, 182, 185, 188, 191,
            194, 195, 246, 268, 277, 278, 279, 280, 281, 282, 283, 284, 285, 286, 288, 291, 292,
            298, 299, 301, 304, 307, 310, 313, 314, 323, 324, 326, 327, 332, 334, 335, 336, 338,
            341, 342, 343, 346, 347, 348, 353, 361, 362, 375, 376, 424, 425, 465, 473
          ],
          "excluded_lines": [482, 483, 485, 487]
        }
      },
      "classes": {
        "MockSecurityConfig": {
          "executed_lines": [],
          "summary": {
            "covered_lines": 0,
            "num_statements": 1,
            "percent_covered": 0.0,
            "percent_covered_display": "0",
            "missing_lines": 1,
            "excluded_lines": 0
          },
          "missing_lines": [93],
          "excluded_lines": []
        },
        "MockMetrics": {
          "executed_lines": [],
          "summary": {
            "covered_lines": 0,
            "num_statements": 1,
            "percent_covered": 0.0,
            "percent_covered_display": "0",
            "missing_lines": 1,
            "excluded_lines": 0
          },
          "missing_lines": [104],
          "excluded_lines": []
        },
        "MockConfig": {
          "executed_lines": [],
          "summary": {
            "covered_lines": 0,
            "num_statements": 1,
            "percent_covered": 0.0,
            "percent_covered_display": "0",
            "missing_lines": 1,
            "excluded_lines": 0
          },
          "missing_lines": [147],
          "excluded_lines": []
        },
        "": {
          "executed_lines": [],
          "summary": {
            "covered_lines": 0,
            "num_statements": 176,
            "percent_covered": 0.0,
            "percent_covered_display": "0",
            "missing_lines": 176,
            "excluded_lines": 4
          },
          "missing_lines": [
            16, 17, 18, 19, 21, 22, 23, 24, 25, 26, 29, 30, 32, 33, 38, 39, 40, 41, 42, 46, 47, 49,
            50, 61, 62, 63, 64, 65, 67, 70, 71, 74, 79, 88, 89, 96, 99, 100, 107, 108, 111, 117,
            121, 122, 124, 127, 133, 137, 139, 142, 143, 150, 154, 158, 159, 160, 163, 165, 167,
            169, 173, 176, 177, 178, 179, 182, 185, 188, 191, 194, 195, 202, 204, 206, 207, 210,
            211, 214, 217, 219, 221, 223, 224, 225, 228, 231, 232, 233, 234, 235, 236, 239, 240,
            241, 243, 246, 251, 252, 253, 255, 258, 260, 261, 262, 263, 264, 265, 268, 277, 278,
            279, 280, 281, 282, 283, 284, 285, 286, 288, 291, 292, 298, 299, 301, 304, 307, 310,
            313, 314, 316, 317, 318, 319, 320, 323, 324, 326, 327, 332, 334, 335, 336, 338, 341,
            342, 343, 346, 347, 348, 353, 361, 362, 367, 368, 369, 370, 372, 375, 376, 383, 384,
            385, 387, 388, 389, 391, 424, 425, 430, 465, 468, 469, 470, 473, 478, 479
          ],
          "excluded_lines": [482, 483, 485, 487]
        }
      }
    },
    "services/core/evolutionary-computation/app/middleware/__init__.py": {
      "executed_lines": [],
      "summary": {
        "covered_lines": 0,
        "num_statements": 0,
        "percent_covered": 100.0,
        "percent_covered_display": "100",
        "missing_lines": 0,
        "excluded_lines": 0
      },
      "missing_lines": [],
      "excluded_lines": [],
      "functions": {
        "": {
          "executed_lines": [],
          "summary": {
            "covered_lines": 0,
            "num_statements": 0,
            "percent_covered": 100.0,
            "percent_covered_display": "100",
            "missing_lines": 0,
            "excluded_lines": 0
          },
          "missing_lines": [],
          "excluded_lines": []
        }
      },
      "classes": {
        "": {
          "executed_lines": [],
          "summary": {
            "covered_lines": 0,
            "num_statements": 0,
            "percent_covered": 100.0,
            "percent_covered_display": "100",
            "missing_lines": 0,
            "excluded_lines": 0
          },
          "missing_lines": [],
          "excluded_lines": []
        }
      }
    },
    "services/core/evolutionary-computation/app/middleware/enhanced_security.py": {
      "executed_lines": [],
      "summary": {
        "covered_lines": 0,
        "num_statements": 34,
        "percent_covered": 0.0,
        "percent_covered_display": "0",
        "missing_lines": 34,
        "excluded_lines": 0
      },
      "missing_lines": [
        1, 3, 4, 7, 10, 14, 17, 26, 32, 39, 40, 41, 51, 52, 53, 54, 64, 65, 67, 69, 70, 72, 73, 74,
        77, 79, 81, 84, 86, 88, 90, 91, 92, 94
      ],
      "excluded_lines": [],
      "functions": {
        "EnhancedSecurityMiddleware.__init__": {
          "executed_lines": [],
          "summary": {
            "covered_lines": 0,
            "num_statements": 3,
            "percent_covered": 0.0,
            "percent_covered_display": "0",
            "missing_lines": 3,
            "excluded_lines": 0
          },
          "missing_lines": [14, 17, 26],
          "excluded_lines": []
        },
        "EnhancedSecurityMiddleware.__call__": {
          "executed_lines": [],
          "summary": {
            "covered_lines": 0,
            "num_statements": 9,
            "percent_covered": 0.0,
            "percent_covered_display": "0",
            "missing_lines": 9,
            "excluded_lines": 0
          },
          "missing_lines": [39, 40, 41, 51, 52, 53, 54, 64, 65],
          "excluded_lines": []
        },
        "EnhancedSecurityMiddleware.validate_http_method": {
          "executed_lines": [],
          "summary": {
            "covered_lines": 0,
            "num_statements": 6,
            "percent_covered": 0.0,
            "percent_covered_display": "0",
            "missing_lines": 6,
            "excluded_lines": 0
          },
          "missing_lines": [69, 70, 72, 73, 74, 77],
          "excluded_lines": []
        },
        "EnhancedSecurityMiddleware.validate_content_type": {
          "executed_lines": [],
          "summary": {
            "covered_lines": 0,
            "num_statements": 3,
            "percent_covered": 0.0,
            "percent_covered_display": "0",
            "missing_lines": 3,
            "excluded_lines": 0
          },
          "missing_lines": [81, 84, 86],
          "excluded_lines": []
        },
        "EnhancedSecurityMiddleware.get_allowed_methods": {
          "executed_lines": [],
          "summary": {
            "covered_lines": 0,
            "num_statements": 4,
            "percent_covered": 0.0,
            "percent_covered_display": "0",
            "missing_lines": 4,
            "excluded_lines": 0
          },
          "missing_lines": [90, 91, 92, 94],
          "excluded_lines": []
        },
        "": {
          "executed_lines": [],
          "summary": {
            "covered_lines": 0,
            "num_statements": 9,
            "percent_covered": 0.0,
            "percent_covered_display": "0",
            "missing_lines": 9,
            "excluded_lines": 0
          },
          "missing_lines": [1, 3, 4, 7, 10, 32, 67, 79, 88],
          "excluded_lines": []
        }
      },
      "classes": {
        "EnhancedSecurityMiddleware": {
          "executed_lines": [],
          "summary": {
            "covered_lines": 0,
            "num_statements": 25,
            "percent_covered": 0.0,
            "percent_covered_display": "0",
            "missing_lines": 25,
            "excluded_lines": 0
          },
          "missing_lines": [
            14, 17, 26, 39, 40, 41, 51, 52, 53, 54, 64, 65, 69, 70, 72, 73, 74, 77, 81, 84, 86, 90,
            91, 92, 94
          ],
          "excluded_lines": []
        },
        "": {
          "executed_lines": [],
          "summary": {
            "covered_lines": 0,
            "num_statements": 9,
            "percent_covered": 0.0,
            "percent_covered_display": "0",
            "missing_lines": 9,
            "excluded_lines": 0
          },
          "missing_lines": [1, 3, 4, 7, 10, 32, 67, 79, 88],
          "excluded_lines": []
        }
      }
    },
    "services/core/evolutionary-computation/app/services/__init__.py": {
      "executed_lines": [],
      "summary": {
        "covered_lines": 0,
        "num_statements": 0,
        "percent_covered": 100.0,
        "percent_covered_display": "100",
        "missing_lines": 0,
        "excluded_lines": 0
      },
      "missing_lines": [],
      "excluded_lines": [],
      "functions": {
        "": {
          "executed_lines": [],
          "summary": {
            "covered_lines": 0,
            "num_statements": 0,
            "percent_covered": 100.0,
            "percent_covered_display": "100",
            "missing_lines": 0,
            "excluded_lines": 0
          },
          "missing_lines": [],
          "excluded_lines": []
        }
      },
      "classes": {
        "": {
          "executed_lines": [],
          "summary": {
            "covered_lines": 0,
            "num_statements": 0,
            "percent_covered": 100.0,
            "percent_covered_display": "100",
            "missing_lines": 0,
            "excluded_lines": 0
          },
          "missing_lines": [],
          "excluded_lines": []
        }
      }
    },
    "services/core/evolutionary-computation/app/services/ac_client.py": {
      "executed_lines": [],
      "summary": {
        "covered_lines": 0,
        "num_statements": 73,
        "percent_covered": 0.0,
        "percent_covered_display": "0",
        "missing_lines": 73,
        "excluded_lines": 0
      },
      "missing_lines": [
        8, 9, 11, 14, 15, 16, 19, 20, 21, 23, 24, 26, 27, 34, 35, 38, 41, 45, 46, 52, 57, 59, 72,
        73, 74, 75, 76, 77, 79, 80, 82, 84, 85, 86, 87, 88, 89, 91, 104, 105, 107, 110, 112, 114,
        115, 116, 117, 118, 119, 121, 128, 129, 130, 132, 134, 135, 136, 137, 138, 139, 141, 155,
        156, 163, 164, 166, 168, 169, 170, 171, 172, 173, 177
      ],
      "excluded_lines": [],
      "functions": {
        "ACServiceClient.__init__": {
          "executed_lines": [],
          "summary": {
            "covered_lines": 0,
            "num_statements": 2,
            "percent_covered": 0.0,
            "percent_covered_display": "0",
            "missing_lines": 2,
            "excluded_lines": 0
          },
          "missing_lines": [45, 46],
          "excluded_lines": []
        },
        "ACServiceClient.close": {
          "executed_lines": [],
          "summary": {
            "covered_lines": 0,
            "num_statements": 1,
            "percent_covered": 0.0,
            "percent_covered_display": "0",
            "missing_lines": 1,
            "excluded_lines": 0
          },
          "missing_lines": [57],
          "excluded_lines": []
        },
        "ACServiceClient.get_constitutional_principles": {
          "executed_lines": [],
          "summary": {
            "covered_lines": 0,
            "num_statements": 15,
            "percent_covered": 0.0,
            "percent_covered_display": "0",
            "missing_lines": 15,
            "excluded_lines": 0
          },
          "missing_lines": [72, 73, 74, 75, 76, 77, 79, 80, 82, 84, 85, 86, 87, 88, 89],
          "excluded_lines": []
        },
        "ACServiceClient.verify_constitutional_compliance": {
          "executed_lines": [],
          "summary": {
            "covered_lines": 0,
            "num_statements": 11,
            "percent_covered": 0.0,
            "percent_covered_display": "0",
            "missing_lines": 11,
            "excluded_lines": 0
          },
          "missing_lines": [104, 105, 107, 110, 112, 114, 115, 116, 117, 118, 119],
          "excluded_lines": []
        },
        "ACServiceClient.get_fidelity_metrics": {
          "executed_lines": [],
          "summary": {
            "covered_lines": 0,
            "num_statements": 10,
            "percent_covered": 0.0,
            "percent_covered_display": "0",
            "missing_lines": 10,
            "excluded_lines": 0
          },
          "missing_lines": [128, 129, 130, 132, 134, 135, 136, 137, 138, 139],
          "excluded_lines": []
        },
        "ACServiceClient.report_oversight_activity": {
          "executed_lines": [],
          "summary": {
            "covered_lines": 0,
            "num_statements": 11,
            "percent_covered": 0.0,
            "percent_covered_display": "0",
            "missing_lines": 11,
            "excluded_lines": 0
          },
          "missing_lines": [155, 156, 163, 164, 166, 168, 169, 170, 171, 172, 173],
          "excluded_lines": []
        },
        "": {
          "executed_lines": [],
          "summary": {
            "covered_lines": 0,
            "num_statements": 23,
            "percent_covered": 0.0,
            "percent_covered_display": "0",
            "missing_lines": 23,
            "excluded_lines": 0
          },
          "missing_lines": [
            8, 9, 11, 14, 15, 16, 19, 20, 21, 23, 24, 26, 27, 34, 35, 38, 41, 52, 59, 91, 121, 141,
            177
          ],
          "excluded_lines": []
        }
      },
      "classes": {
        "ACServiceClient": {
          "executed_lines": [],
          "summary": {
            "covered_lines": 0,
            "num_statements": 50,
            "percent_covered": 0.0,
            "percent_covered_display": "0",
            "missing_lines": 50,
            "excluded_lines": 0
          },
          "missing_lines": [
            45, 46, 57, 72, 73, 74, 75, 76, 77, 79, 80, 82, 84, 85, 86, 87, 88, 89, 104, 105, 107,
            110, 112, 114, 115, 116, 117, 118, 119, 128, 129, 130, 132, 134, 135, 136, 137, 138,
            139, 155, 156, 163, 164, 166, 168, 169, 170, 171, 172, 173
          ],
          "excluded_lines": []
        },
        "": {
          "executed_lines": [],
          "summary": {
            "covered_lines": 0,
            "num_statements": 23,
            "percent_covered": 0.0,
            "percent_covered_display": "0",
            "missing_lines": 23,
            "excluded_lines": 0
          },
          "missing_lines": [
            8, 9, 11, 14, 15, 16, 19, 20, 21, 23, 24, 26, 27, 34, 35, 38, 41, 52, 59, 91, 121, 141,
            177
          ],
          "excluded_lines": []
        }
      }
    },
    "services/core/evolutionary-computation/app/services/gs_client.py": {
      "executed_lines": [],
      "summary": {
        "covered_lines": 0,
        "num_statements": 57,
        "percent_covered": 0.0,
        "percent_covered_display": "0",
        "missing_lines": 57,
        "excluded_lines": 0
      },
      "missing_lines": [
        8, 9, 11, 14, 15, 16, 19, 20, 21, 23, 24, 26, 27, 34, 35, 38, 41, 45, 46, 52, 57, 59, 76,
        77, 83, 86, 88, 90, 91, 92, 93, 94, 95, 97, 116, 117, 124, 127, 129, 131, 132, 133, 134,
        135, 136, 138, 145, 146, 147, 149, 151, 152, 153, 154, 155, 156, 160
      ],
      "excluded_lines": [],
      "functions": {
        "GSServiceClient.__init__": {
          "executed_lines": [],
          "summary": {
            "covered_lines": 0,
            "num_statements": 2,
            "percent_covered": 0.0,
            "percent_covered_display": "0",
            "missing_lines": 2,
            "excluded_lines": 0
          },
          "missing_lines": [45, 46],
          "excluded_lines": []
        },
        "GSServiceClient.close": {
          "executed_lines": [],
          "summary": {
            "covered_lines": 0,
            "num_statements": 1,
            "percent_covered": 0.0,
            "percent_covered_display": "0",
            "missing_lines": 1,
            "excluded_lines": 0
          },
          "missing_lines": [57],
          "excluded_lines": []
        },
        "GSServiceClient.evaluate_ec_governance": {
          "executed_lines": [],
          "summary": {
            "covered_lines": 0,
            "num_statements": 11,
            "percent_covered": 0.0,
            "percent_covered_display": "0",
            "missing_lines": 11,
            "excluded_lines": 0
          },
          "missing_lines": [76, 77, 83, 86, 88, 90, 91, 92, 93, 94, 95],
          "excluded_lines": []
        },
        "GSServiceClient.synthesize_ec_rules": {
          "executed_lines": [],
          "summary": {
            "covered_lines": 0,
            "num_statements": 11,
            "percent_covered": 0.0,
            "percent_covered_display": "0",
            "missing_lines": 11,
            "excluded_lines": 0
          },
          "missing_lines": [116, 117, 124, 127, 129, 131, 132, 133, 134, 135, 136],
          "excluded_lines": []
        },
        "GSServiceClient.get_wina_synthesis_metrics": {
          "executed_lines": [],
          "summary": {
            "covered_lines": 0,
            "num_statements": 10,
            "percent_covered": 0.0,
            "percent_covered_display": "0",
            "missing_lines": 10,
            "excluded_lines": 0
          },
          "missing_lines": [145, 146, 147, 149, 151, 152, 153, 154, 155, 156],
          "excluded_lines": []
        },
        "": {
          "executed_lines": [],
          "summary": {
            "covered_lines": 0,
            "num_statements": 22,
            "percent_covered": 0.0,
            "percent_covered_display": "0",
            "missing_lines": 22,
            "excluded_lines": 0
          },
          "missing_lines": [
            8, 9, 11, 14, 15, 16, 19, 20, 21, 23, 24, 26, 27, 34, 35, 38, 41, 52, 59, 97, 138, 160
          ],
          "excluded_lines": []
        }
      },
      "classes": {
        "GSServiceClient": {
          "executed_lines": [],
          "summary": {
            "covered_lines": 0,
            "num_statements": 35,
            "percent_covered": 0.0,
            "percent_covered_display": "0",
            "missing_lines": 35,
            "excluded_lines": 0
          },
          "missing_lines": [
            45, 46, 57, 76, 77, 83, 86, 88, 90, 91, 92, 93, 94, 95, 116, 117, 124, 127, 129, 131,
            132, 133, 134, 135, 136, 145, 146, 147, 149, 151, 152, 153, 154, 155, 156
          ],
          "excluded_lines": []
        },
        "": {
          "executed_lines": [],
          "summary": {
            "covered_lines": 0,
            "num_statements": 22,
            "percent_covered": 0.0,
            "percent_covered_display": "0",
            "missing_lines": 22,
            "excluded_lines": 0
          },
          "missing_lines": [
            8, 9, 11, 14, 15, 16, 19, 20, 21, 23, 24, 26, 27, 34, 35, 38, 41, 52, 59, 97, 138, 160
          ],
          "excluded_lines": []
        }
      }
    },
    "services/core/evolutionary-computation/app/services/pgc_client.py": {
      "executed_lines": [],
      "summary": {
        "covered_lines": 0,
        "num_statements": 71,
        "percent_covered": 0.0,
        "percent_covered_display": "0",
        "missing_lines": 71,
        "excluded_lines": 0
      },
      "missing_lines": [
        8, 9, 11, 14, 15, 16, 19, 20, 21, 23, 24, 26, 27, 34, 35, 38, 41, 45, 46, 52, 57, 59, 76,
        77, 84, 85, 87, 89, 90, 91, 92, 93, 94, 96, 103, 104, 105, 107, 109, 110, 111, 112, 113,
        114, 116, 129, 130, 137, 138, 140, 142, 143, 144, 145, 146, 147, 149, 162, 163, 164, 165,
        167, 168, 170, 172, 173, 174, 175, 176, 177, 181
      ],
      "excluded_lines": [],
      "functions": {
        "PGCServiceClient.__init__": {
          "executed_lines": [],
          "summary": {
            "covered_lines": 0,
            "num_statements": 2,
            "percent_covered": 0.0,
            "percent_covered_display": "0",
            "missing_lines": 2,
            "excluded_lines": 0
          },
          "missing_lines": [45, 46],
          "excluded_lines": []
        },
        "PGCServiceClient.close": {
          "executed_lines": [],
          "summary": {
            "covered_lines": 0,
            "num_statements": 1,
            "percent_covered": 0.0,
            "percent_covered_display": "0",
            "missing_lines": 1,
            "excluded_lines": 0
          },
          "missing_lines": [57],
          "excluded_lines": []
        },
        "PGCServiceClient.evaluate_policy_compliance": {
          "executed_lines": [],
          "summary": {
            "covered_lines": 0,
            "num_statements": 11,
            "percent_covered": 0.0,
            "percent_covered_display": "0",
            "missing_lines": 11,
            "excluded_lines": 0
          },
          "missing_lines": [76, 77, 84, 85, 87, 89, 90, 91, 92, 93, 94],
          "excluded_lines": []
        },
        "PGCServiceClient.get_wina_enforcement_metrics": {
          "executed_lines": [],
          "summary": {
            "covered_lines": 0,
            "num_statements": 10,
            "percent_covered": 0.0,
            "percent_covered_display": "0",
            "missing_lines": 10,
            "excluded_lines": 0
          },
          "missing_lines": [103, 104, 105, 107, 109, 110, 111, 112, 113, 114],
          "excluded_lines": []
        },
        "PGCServiceClient.enforce_alphaevolve_policies": {
          "executed_lines": [],
          "summary": {
            "covered_lines": 0,
            "num_statements": 11,
            "percent_covered": 0.0,
            "percent_covered_display": "0",
            "missing_lines": 11,
            "excluded_lines": 0
          },
          "missing_lines": [129, 130, 137, 138, 140, 142, 143, 144, 145, 146, 147],
          "excluded_lines": []
        },
        "PGCServiceClient.get_enforcement_strategies": {
          "executed_lines": [],
          "summary": {
            "covered_lines": 0,
            "num_statements": 13,
            "percent_covered": 0.0,
            "percent_covered_display": "0",
            "missing_lines": 13,
            "excluded_lines": 0
          },
          "missing_lines": [162, 163, 164, 165, 167, 168, 170, 172, 173, 174, 175, 176, 177],
          "excluded_lines": []
        },
        "": {
          "executed_lines": [],
          "summary": {
            "covered_lines": 0,
            "num_statements": 23,
            "percent_covered": 0.0,
            "percent_covered_display": "0",
            "missing_lines": 23,
            "excluded_lines": 0
          },
          "missing_lines": [
            8, 9, 11, 14, 15, 16, 19, 20, 21, 23, 24, 26, 27, 34, 35, 38, 41, 52, 59, 96, 116, 149,
            181
          ],
          "excluded_lines": []
        }
      },
      "classes": {
        "PGCServiceClient": {
          "executed_lines": [],
          "summary": {
            "covered_lines": 0,
            "num_statements": 48,
            "percent_covered": 0.0,
            "percent_covered_display": "0",
            "missing_lines": 48,
            "excluded_lines": 0
          },
          "missing_lines": [
            45, 46, 57, 76, 77, 84, 85, 87, 89, 90, 91, 92, 93, 94, 103, 104, 105, 107, 109, 110,
            111, 112, 113, 114, 129, 130, 137, 138, 140, 142, 143, 144, 145, 146, 147, 162, 163,
            164, 165, 167, 168, 170, 172, 173, 174, 175, 176, 177
          ],
          "excluded_lines": []
        },
        "": {
          "executed_lines": [],
          "summary": {
            "covered_lines": 0,
            "num_statements": 23,
            "percent_covered": 0.0,
            "percent_covered_display": "0",
            "missing_lines": 23,
            "excluded_lines": 0
          },
          "missing_lines": [
            8, 9, 11, 14, 15, 16, 19, 20, 21, 23, 24, 26, 27, 34, 35, 38, 41, 52, 59, 96, 116, 149,
            181
          ],
          "excluded_lines": []
        }
      }
    },
    "services/core/evolutionary-computation/simple_ec_main.py": {
      "executed_lines": [],
      "summary": {
        "covered_lines": 0,
        "num_statements": 35,
        "percent_covered": 0.0,
        "percent_covered_display": "0",
        "missing_lines": 35,
        "excluded_lines": 4
      },
      "missing_lines": [
        7, 8, 9, 10, 13, 17, 20, 21, 22, 23, 25, 33, 41, 42, 44, 47, 48, 49, 52, 53, 55, 57, 58, 60,
        61, 75, 76, 78, 80, 99, 100, 102, 117, 118, 120
      ],
      "excluded_lines": [128, 129, 130, 131],
      "functions": {
        "add_security_headers": {
          "executed_lines": [],
          "summary": {
            "covered_lines": 0,
            "num_statements": 7,
            "percent_covered": 0.0,
            "percent_covered_display": "0",
            "missing_lines": 7,
            "excluded_lines": 0
          },
          "missing_lines": [44, 47, 48, 49, 52, 53, 55],
          "excluded_lines": []
        },
        "root": {
          "executed_lines": [],
          "summary": {
            "covered_lines": 0,
            "num_statements": 2,
            "percent_covered": 0.0,
            "percent_covered_display": "0",
            "missing_lines": 2,
            "excluded_lines": 0
          },
          "missing_lines": [60, 61],
          "excluded_lines": []
        },
        "health_check": {
          "executed_lines": [],
          "summary": {
            "covered_lines": 0,
            "num_statements": 2,
            "percent_covered": 0.0,
            "percent_covered_display": "0",
            "missing_lines": 2,
            "excluded_lines": 0
          },
          "missing_lines": [78, 80],
          "excluded_lines": []
        },
        "evolution_status": {
          "executed_lines": [],
          "summary": {
            "covered_lines": 0,
            "num_statements": 1,
            "percent_covered": 0.0,
            "percent_covered_display": "0",
            "missing_lines": 1,
            "excluded_lines": 0
          },
          "missing_lines": [102],
          "excluded_lines": []
        },
        "constitutional_validate": {
          "executed_lines": [],
          "summary": {
            "covered_lines": 0,
            "num_statements": 1,
            "percent_covered": 0.0,
            "percent_covered_display": "0",
            "missing_lines": 1,
            "excluded_lines": 0
          },
          "missing_lines": [120],
          "excluded_lines": []
        },
        "": {
          "executed_lines": [],
          "summary": {
            "covered_lines": 0,
            "num_statements": 22,
            "percent_covered": 0.0,
            "percent_covered_display": "0",
            "missing_lines": 22,
            "excluded_lines": 4
          },
          "missing_lines": [
            7, 8, 9, 10, 13, 17, 20, 21, 22, 23, 25, 33, 41, 42, 57, 58, 75, 76, 99, 100, 117, 118
          ],
          "excluded_lines": [128, 129, 130, 131]
        }
      },
      "classes": {
        "": {
          "executed_lines": [],
          "summary": {
            "covered_lines": 0,
            "num_statements": 35,
            "percent_covered": 0.0,
            "percent_covered_display": "0",
            "missing_lines": 35,
            "excluded_lines": 4
          },
          "missing_lines": [
            7, 8, 9, 10, 13, 17, 20, 21, 22, 23, 25, 33, 41, 42, 44, 47, 48, 49, 52, 53, 55, 57, 58,
            60, 61, 75, 76, 78, 80, 99, 100, 102, 117, 118, 120
          ],
          "excluded_lines": [128, 129, 130, 131]
        }
      }
    },
    "services/core/evolutionary-computation/src/__init__.py": {
      "executed_lines": [],
      "summary": {
        "covered_lines": 0,
        "num_statements": 0,
        "percent_covered": 100.0,
        "percent_covered_display": "100",
        "missing_lines": 0,
        "excluded_lines": 0
      },
      "missing_lines": [],
      "excluded_lines": [],
      "functions": {
        "": {
          "executed_lines": [],
          "summary": {
            "covered_lines": 0,
            "num_statements": 0,
            "percent_covered": 100.0,
            "percent_covered_display": "100",
            "missing_lines": 0,
            "excluded_lines": 0
          },
          "missing_lines": [],
          "excluded_lines": []
        }
      },
      "classes": {
        "": {
          "executed_lines": [],
          "summary": {
            "covered_lines": 0,
            "num_statements": 0,
            "percent_covered": 100.0,
            "percent_covered_display": "100",
            "missing_lines": 0,
            "excluded_lines": 0
          },
          "missing_lines": [],
          "excluded_lines": []
        }
      }
    }
  },
  "totals": {
    "covered_lines": 0,
    "num_statements": 1375,
    "percent_covered": 0.0,
    "percent_covered_display": "0",
    "missing_lines": 1375,
    "excluded_lines": 8
  }
}
