{"meta": {"format": 3, "version": "7.8.2", "timestamp": "2025-06-11T14:44:50.495090", "branch_coverage": false, "show_contexts": false}, "files": {"services/shared/__init__.py": {"executed_lines": [5, 6, 7, 13, 16], "summary": {"covered_lines": 5, "num_statements": 7, "percent_covered": 71.42857142857143, "percent_covered_display": "71", "missing_lines": 2, "excluded_lines": 0}, "missing_lines": [8, 10], "excluded_lines": [], "functions": {"": {"executed_lines": [5, 6, 7, 13, 16], "summary": {"covered_lines": 5, "num_statements": 7, "percent_covered": 71.42857142857143, "percent_covered_display": "71", "missing_lines": 2, "excluded_lines": 0}, "missing_lines": [8, 10], "excluded_lines": []}}, "classes": {"": {"executed_lines": [5, 6, 7, 13, 16], "summary": {"covered_lines": 5, "num_statements": 7, "percent_covered": 71.42857142857143, "percent_covered_display": "71", "missing_lines": 2, "excluded_lines": 0}, "missing_lines": [8, 10], "excluded_lines": []}}}, "services/shared/advanced_redis_client.py": {"executed_lines": [1, 6, 7, 8, 9, 10, 11, 12, 13, 14, 16, 17, 18, 19, 21, 23, 26, 39, 40, 41, 43, 44, 45, 46, 47, 48, 49, 50, 53, 54, 55, 57, 58, 59, 60, 61, 62, 63, 64, 65, 66, 69, 70, 72, 83, 112, 131, 146, 175, 191, 248, 291, 319, 350, 357, 369, 384, 387, 399, 407, 456, 457], "summary": {"covered_lines": 58, "num_statements": 224, "percent_covered": 25.892857142857142, "percent_covered_display": "26", "missing_lines": 166, "excluded_lines": 0}, "missing_lines": [73, 74, 75, 76, 77, 78, 79, 80, 81, 85, 86, 88, 89, 90, 92, 95, 97, 98, 104, 105, 110, 114, 121, 128, 129, 133, 143, 144, 148, 149, 150, 151, 152, 153, 156, 157, 161, 167, 168, 169, 171, 179, 180, 182, 183, 185, 186, 187, 189, 198, 199, 201, 202, 203, 205, 207, 208, 209, 210, 211, 214, 215, 216, 217, 218, 220, 222, 223, 224, 226, 227, 234, 236, 237, 238, 240, 246, 257, 259, 261, 262, 263, 264, 265, 267, 269, 270, 272, 274, 277, 279, 280, 281, 283, 289, 295, 297, 298, 299, 305, 307, 308, 309, 311, 317, 323, 325, 326, 327, 328, 329, 335, 336, 338, 339, 340, 342, 348, 352, 353, 359, 360, 361, 362, 363, 364, 365, 367, 371, 372, 374, 375, 377, 378, 380, 391, 392, 393, 394, 396, 401, 402, 403, 415, 416, 418, 420, 421, 428, 429, 432, 433, 434, 437, 438, 439, 441, 443, 446, 449, 451, 453, 459, 460, 461, 464], "excluded_lines": [], "functions": {"AdvancedRedisClient.__init__": {"executed_lines": [], "summary": {"covered_lines": 0, "num_statements": 9, "percent_covered": 0.0, "percent_covered_display": "0", "missing_lines": 9, "excluded_lines": 0}, "missing_lines": [73, 74, 75, 76, 77, 78, 79, 80, 81], "excluded_lines": []}, "AdvancedRedisClient.initialize": {"executed_lines": [], "summary": {"covered_lines": 0, "num_statements": 12, "percent_covered": 0.0, "percent_covered_display": "0", "missing_lines": 12, "excluded_lines": 0}, "missing_lines": [85, 86, 88, 89, 90, 92, 95, 97, 98, 104, 105, 110], "excluded_lines": []}, "AdvancedRedisClient._initialize_sentinel": {"executed_lines": [], "summary": {"covered_lines": 0, "num_statements": 4, "percent_covered": 0.0, "percent_covered_display": "0", "missing_lines": 4, "excluded_lines": 0}, "missing_lines": [114, 121, 128, 129], "excluded_lines": []}, "AdvancedRedisClient._initialize_direct": {"executed_lines": [], "summary": {"covered_lines": 0, "num_statements": 3, "percent_covered": 0.0, "percent_covered_display": "0", "missing_lines": 3, "excluded_lines": 0}, "missing_lines": [133, 143, 144], "excluded_lines": []}, "AdvancedRedisClient._health_check_loop": {"executed_lines": [], "summary": {"covered_lines": 0, "num_statements": 13, "percent_covered": 0.0, "percent_covered_display": "0", "missing_lines": 13, "excluded_lines": 0}, "missing_lines": [148, 149, 150, 151, 152, 153, 156, 157, 161, 167, 168, 169, 171], "excluded_lines": []}, "AdvancedRedisClient._generate_key": {"executed_lines": [], "summary": {"covered_lines": 0, "num_statements": 8, "percent_covered": 0.0, "percent_covered_display": "0", "missing_lines": 8, "excluded_lines": 0}, "missing_lines": [179, 180, 182, 183, 185, 186, 187, 189], "excluded_lines": []}, "AdvancedRedisClient.get": {"executed_lines": [], "summary": {"covered_lines": 0, "num_statements": 28, "percent_covered": 0.0, "percent_covered_display": "0", "missing_lines": 28, "excluded_lines": 0}, "missing_lines": [198, 199, 201, 202, 203, 205, 207, 208, 209, 210, 211, 214, 215, 216, 217, 218, 220, 222, 223, 224, 226, 227, 234, 236, 237, 238, 240, 246], "excluded_lines": []}, "AdvancedRedisClient.set": {"executed_lines": [], "summary": {"covered_lines": 0, "num_statements": 18, "percent_covered": 0.0, "percent_covered_display": "0", "missing_lines": 18, "excluded_lines": 0}, "missing_lines": [257, 259, 261, 262, 263, 264, 265, 267, 269, 270, 272, 274, 277, 279, 280, 281, 283, 289], "excluded_lines": []}, "AdvancedRedisClient.delete": {"executed_lines": [], "summary": {"covered_lines": 0, "num_statements": 10, "percent_covered": 0.0, "percent_covered_display": "0", "missing_lines": 10, "excluded_lines": 0}, "missing_lines": [295, 297, 298, 299, 305, 307, 308, 309, 311, 317], "excluded_lines": []}, "AdvancedRedisClient.invalidate_pattern": {"executed_lines": [], "summary": {"covered_lines": 0, "num_statements": 13, "percent_covered": 0.0, "percent_covered_display": "0", "missing_lines": 13, "excluded_lines": 0}, "missing_lines": [323, 325, 326, 327, 328, 329, 335, 336, 338, 339, 340, 342, 348], "excluded_lines": []}, "AdvancedRedisClient._update_hit_rate": {"executed_lines": [], "summary": {"covered_lines": 0, "num_statements": 2, "percent_covered": 0.0, "percent_covered_display": "0", "missing_lines": 2, "excluded_lines": 0}, "missing_lines": [352, 353], "excluded_lines": []}, "AdvancedRedisClient.get_metrics": {"executed_lines": [], "summary": {"covered_lines": 0, "num_statements": 8, "percent_covered": 0.0, "percent_covered_display": "0", "missing_lines": 8, "excluded_lines": 0}, "missing_lines": [359, 360, 361, 362, 363, 364, 365, 367], "excluded_lines": []}, "AdvancedRedisClient.close": {"executed_lines": [], "summary": {"covered_lines": 0, "num_statements": 7, "percent_covered": 0.0, "percent_covered_display": "0", "missing_lines": 7, "excluded_lines": 0}, "missing_lines": [371, 372, 374, 375, 377, 378, 380], "excluded_lines": []}, "get_redis_client": {"executed_lines": [], "summary": {"covered_lines": 0, "num_statements": 5, "percent_covered": 0.0, "percent_covered_display": "0", "missing_lines": 5, "excluded_lines": 0}, "missing_lines": [391, 392, 393, 394, 396], "excluded_lines": []}, "close_all_redis_clients": {"executed_lines": [], "summary": {"covered_lines": 0, "num_statements": 3, "percent_covered": 0.0, "percent_covered_display": "0", "missing_lines": 3, "excluded_lines": 0}, "missing_lines": [401, 402, 403], "excluded_lines": []}, "cache_result": {"executed_lines": [], "summary": {"covered_lines": 0, "num_statements": 2, "percent_covered": 0.0, "percent_covered_display": "0", "missing_lines": 2, "excluded_lines": 0}, "missing_lines": [415, 453], "excluded_lines": []}, "cache_result.decorator": {"executed_lines": [], "summary": {"covered_lines": 0, "num_statements": 6, "percent_covered": 0.0, "percent_covered_display": "0", "missing_lines": 6, "excluded_lines": 0}, "missing_lines": [416, 418, 443, 446, 449, 451], "excluded_lines": []}, "cache_result.decorator.async_wrapper": {"executed_lines": [], "summary": {"covered_lines": 0, "num_statements": 11, "percent_covered": 0.0, "percent_covered_display": "0", "missing_lines": 11, "excluded_lines": 0}, "missing_lines": [420, 421, 428, 429, 432, 433, 434, 437, 438, 439, 441], "excluded_lines": []}, "cache_context": {"executed_lines": [], "summary": {"covered_lines": 0, "num_statements": 4, "percent_covered": 0.0, "percent_covered_display": "0", "missing_lines": 4, "excluded_lines": 0}, "missing_lines": [459, 460, 461, 464], "excluded_lines": []}, "": {"executed_lines": [1, 6, 7, 8, 9, 10, 11, 12, 13, 14, 16, 17, 18, 19, 21, 23, 26, 39, 40, 41, 43, 44, 45, 46, 47, 48, 49, 50, 53, 54, 55, 57, 58, 59, 60, 61, 62, 63, 64, 65, 66, 69, 70, 72, 83, 112, 131, 146, 175, 191, 248, 291, 319, 350, 357, 369, 384, 387, 399, 407, 456, 457], "summary": {"covered_lines": 58, "num_statements": 58, "percent_covered": 100.0, "percent_covered_display": "100", "missing_lines": 0, "excluded_lines": 0}, "missing_lines": [], "excluded_lines": []}}, "classes": {"CacheMetrics": {"executed_lines": [], "summary": {"covered_lines": 0, "num_statements": 0, "percent_covered": 100.0, "percent_covered_display": "100", "missing_lines": 0, "excluded_lines": 0}, "missing_lines": [], "excluded_lines": []}, "CacheConfig": {"executed_lines": [], "summary": {"covered_lines": 0, "num_statements": 0, "percent_covered": 100.0, "percent_covered_display": "100", "missing_lines": 0, "excluded_lines": 0}, "missing_lines": [], "excluded_lines": []}, "AdvancedRedisClient": {"executed_lines": [], "summary": {"covered_lines": 0, "num_statements": 135, "percent_covered": 0.0, "percent_covered_display": "0", "missing_lines": 135, "excluded_lines": 0}, "missing_lines": [73, 74, 75, 76, 77, 78, 79, 80, 81, 85, 86, 88, 89, 90, 92, 95, 97, 98, 104, 105, 110, 114, 121, 128, 129, 133, 143, 144, 148, 149, 150, 151, 152, 153, 156, 157, 161, 167, 168, 169, 171, 179, 180, 182, 183, 185, 186, 187, 189, 198, 199, 201, 202, 203, 205, 207, 208, 209, 210, 211, 214, 215, 216, 217, 218, 220, 222, 223, 224, 226, 227, 234, 236, 237, 238, 240, 246, 257, 259, 261, 262, 263, 264, 265, 267, 269, 270, 272, 274, 277, 279, 280, 281, 283, 289, 295, 297, 298, 299, 305, 307, 308, 309, 311, 317, 323, 325, 326, 327, 328, 329, 335, 336, 338, 339, 340, 342, 348, 352, 353, 359, 360, 361, 362, 363, 364, 365, 367, 371, 372, 374, 375, 377, 378, 380], "excluded_lines": []}, "": {"executed_lines": [1, 6, 7, 8, 9, 10, 11, 12, 13, 14, 16, 17, 18, 19, 21, 23, 26, 39, 40, 41, 43, 44, 45, 46, 47, 48, 49, 50, 53, 54, 55, 57, 58, 59, 60, 61, 62, 63, 64, 65, 66, 69, 70, 72, 83, 112, 131, 146, 175, 191, 248, 291, 319, 350, 357, 369, 384, 387, 399, 407, 456, 457], "summary": {"covered_lines": 58, "num_statements": 89, "percent_covered": 65.1685393258427, "percent_covered_display": "65", "missing_lines": 31, "excluded_lines": 0}, "missing_lines": [391, 392, 393, 394, 396, 401, 402, 403, 415, 416, 418, 420, 421, 428, 429, 432, 433, 434, 437, 438, 439, 441, 443, 446, 449, 451, 453, 459, 460, 461, 464], "excluded_lines": []}}}, "services/shared/ai_model_service.py": {"executed_lines": [2, 8, 9, 10, 11, 12, 13, 15, 17, 18, 22, 25, 26, 28, 29, 30, 31, 32, 33, 34, 35, 38, 39, 41, 42, 43, 44, 45, 46, 49, 50, 51, 53, 54, 55, 56, 57, 58, 59, 60, 63, 64, 65, 67, 68, 69, 70, 71, 72, 75, 76, 81, 89, 161, 220, 229, 251, 272, 293, 313, 328, 334, 337, 347], "summary": {"covered_lines": 58, "num_statements": 130, "percent_covered": 44.61538461538461, "percent_covered_display": "45", "missing_lines": 72, "excluded_lines": 0}, "missing_lines": [19, 20, 83, 84, 85, 87, 91, 94, 103, 112, 122, 123, 134, 136, 148, 159, 185, 186, 187, 188, 189, 190, 192, 195, 198, 199, 200, 201, 204, 205, 206, 207, 208, 209, 210, 213, 215, 216, 218, 222, 223, 224, 227, 233, 234, 237, 240, 242, 255, 256, 258, 261, 263, 276, 277, 279, 282, 284, 297, 299, 300, 301, 302, 304, 315, 330, 341, 342, 344, 351, 352, 354], "excluded_lines": [], "functions": {"AIModelService.__init__": {"executed_lines": [], "summary": {"covered_lines": 0, "num_statements": 4, "percent_covered": 0.0, "percent_covered_display": "0", "missing_lines": 4, "excluded_lines": 0}, "missing_lines": [83, 84, 85, 87], "excluded_lines": []}, "AIModelService._load_model_configurations": {"executed_lines": [], "summary": {"covered_lines": 0, "num_statements": 10, "percent_covered": 0.0, "percent_covered_display": "0", "missing_lines": 10, "excluded_lines": 0}, "missing_lines": [91, 94, 103, 112, 122, 123, 134, 136, 148, 159], "excluded_lines": []}, "AIModelService.generate_text": {"executed_lines": [], "summary": {"covered_lines": 0, "num_statements": 23, "percent_covered": 0.0, "percent_covered_display": "0", "missing_lines": 23, "excluded_lines": 0}, "missing_lines": [185, 186, 187, 188, 189, 190, 192, 195, 198, 199, 200, 201, 204, 205, 206, 207, 208, 209, 210, 213, 215, 216, 218], "excluded_lines": []}, "AIModelService._get_model_by_role": {"executed_lines": [], "summary": {"covered_lines": 0, "num_statements": 4, "percent_covered": 0.0, "percent_covered_display": "0", "missing_lines": 4, "excluded_lines": 0}, "missing_lines": [222, 223, 224, 227], "excluded_lines": []}, "AIModelService._generate_google": {"executed_lines": [], "summary": {"covered_lines": 0, "num_statements": 5, "percent_covered": 0.0, "percent_covered_display": "0", "missing_lines": 5, "excluded_lines": 0}, "missing_lines": [233, 234, 237, 240, 242], "excluded_lines": []}, "AIModelService._generate_huggingface": {"executed_lines": [], "summary": {"covered_lines": 0, "num_statements": 5, "percent_covered": 0.0, "percent_covered_display": "0", "missing_lines": 5, "excluded_lines": 0}, "missing_lines": [255, 256, 258, 261, 263], "excluded_lines": []}, "AIModelService._generate_openrouter": {"executed_lines": [], "summary": {"covered_lines": 0, "num_statements": 5, "percent_covered": 0.0, "percent_covered_display": "0", "missing_lines": 5, "excluded_lines": 0}, "missing_lines": [276, 277, 279, 282, 284], "excluded_lines": []}, "AIModelService._generate_mock": {"executed_lines": [], "summary": {"covered_lines": 0, "num_statements": 6, "percent_covered": 0.0, "percent_covered_display": "0", "missing_lines": 6, "excluded_lines": 0}, "missing_lines": [297, 299, 300, 301, 302, 304], "excluded_lines": []}, "AIModelService.get_available_models": {"executed_lines": [], "summary": {"covered_lines": 0, "num_statements": 1, "percent_covered": 0.0, "percent_covered_display": "0", "missing_lines": 1, "excluded_lines": 0}, "missing_lines": [315], "excluded_lines": []}, "AIModelService.close": {"executed_lines": [], "summary": {"covered_lines": 0, "num_statements": 1, "percent_covered": 0.0, "percent_covered_display": "0", "missing_lines": 1, "excluded_lines": 0}, "missing_lines": [330], "excluded_lines": []}, "get_ai_model_service": {"executed_lines": [], "summary": {"covered_lines": 0, "num_statements": 3, "percent_covered": 0.0, "percent_covered_display": "0", "missing_lines": 3, "excluded_lines": 0}, "missing_lines": [341, 342, 344], "excluded_lines": []}, "reset_ai_model_service": {"executed_lines": [], "summary": {"covered_lines": 0, "num_statements": 3, "percent_covered": 0.0, "percent_covered_display": "0", "missing_lines": 3, "excluded_lines": 0}, "missing_lines": [351, 352, 354], "excluded_lines": []}, "": {"executed_lines": [2, 8, 9, 10, 11, 12, 13, 15, 17, 18, 22, 25, 26, 28, 29, 30, 31, 32, 33, 34, 35, 38, 39, 41, 42, 43, 44, 45, 46, 49, 50, 51, 53, 54, 55, 56, 57, 58, 59, 60, 63, 64, 65, 67, 68, 69, 70, 71, 72, 75, 76, 81, 89, 161, 220, 229, 251, 272, 293, 313, 328, 334, 337, 347], "summary": {"covered_lines": 58, "num_statements": 60, "percent_covered": 96.66666666666667, "percent_covered_display": "97", "missing_lines": 2, "excluded_lines": 0}, "missing_lines": [19, 20], "excluded_lines": []}}, "classes": {"ModelProvider": {"executed_lines": [], "summary": {"covered_lines": 0, "num_statements": 0, "percent_covered": 100.0, "percent_covered_display": "100", "missing_lines": 0, "excluded_lines": 0}, "missing_lines": [], "excluded_lines": []}, "ModelRole": {"executed_lines": [], "summary": {"covered_lines": 0, "num_statements": 0, "percent_covered": 100.0, "percent_covered_display": "100", "missing_lines": 0, "excluded_lines": 0}, "missing_lines": [], "excluded_lines": []}, "ModelConfig": {"executed_lines": [], "summary": {"covered_lines": 0, "num_statements": 0, "percent_covered": 100.0, "percent_covered_display": "100", "missing_lines": 0, "excluded_lines": 0}, "missing_lines": [], "excluded_lines": []}, "ModelResponse": {"executed_lines": [], "summary": {"covered_lines": 0, "num_statements": 0, "percent_covered": 100.0, "percent_covered_display": "100", "missing_lines": 0, "excluded_lines": 0}, "missing_lines": [], "excluded_lines": []}, "AIModelService": {"executed_lines": [], "summary": {"covered_lines": 0, "num_statements": 64, "percent_covered": 0.0, "percent_covered_display": "0", "missing_lines": 64, "excluded_lines": 0}, "missing_lines": [83, 84, 85, 87, 91, 94, 103, 112, 122, 123, 134, 136, 148, 159, 185, 186, 187, 188, 189, 190, 192, 195, 198, 199, 200, 201, 204, 205, 206, 207, 208, 209, 210, 213, 215, 216, 218, 222, 223, 224, 227, 233, 234, 237, 240, 242, 255, 256, 258, 261, 263, 276, 277, 279, 282, 284, 297, 299, 300, 301, 302, 304, 315, 330], "excluded_lines": []}, "": {"executed_lines": [2, 8, 9, 10, 11, 12, 13, 15, 17, 18, 22, 25, 26, 28, 29, 30, 31, 32, 33, 34, 35, 38, 39, 41, 42, 43, 44, 45, 46, 49, 50, 51, 53, 54, 55, 56, 57, 58, 59, 60, 63, 64, 65, 67, 68, 69, 70, 71, 72, 75, 76, 81, 89, 161, 220, 229, 251, 272, 293, 313, 328, 334, 337, 347], "summary": {"covered_lines": 58, "num_statements": 66, "percent_covered": 87.87878787878788, "percent_covered_display": "88", "missing_lines": 8, "excluded_lines": 0}, "missing_lines": [19, 20, 341, 342, 344, 351, 352, 354], "excluded_lines": []}}}, "services/shared/api_models.py": {"executed_lines": [], "summary": {"covered_lines": 0, "num_statements": 131, "percent_covered": 0.0, "percent_covered_display": "0", "missing_lines": 131, "excluded_lines": 0}, "missing_lines": [9, 10, 11, 12, 14, 17, 20, 21, 22, 23, 26, 29, 30, 31, 32, 33, 34, 35, 36, 37, 38, 41, 44, 45, 46, 47, 48, 50, 51, 54, 57, 58, 59, 60, 61, 62, 63, 65, 66, 69, 77, 78, 79, 80, 82, 83, 85, 86, 87, 89, 90, 92, 94, 95, 98, 101, 102, 103, 104, 105, 106, 107, 108, 110, 111, 114, 117, 118, 119, 120, 121, 122, 123, 124, 127, 130, 131, 132, 133, 136, 139, 140, 141, 142, 143, 144, 145, 147, 148, 150, 151, 152, 154, 155, 157, 158, 159, 161, 162, 164, 165, 168, 171, 172, 173, 174, 175, 180, 183, 184, 185, 186, 187, 191, 194, 197, 200, 201, 203, 204, 206, 207, 208, 209, 212, 219, 225, 228, 237, 243, 250], "excluded_lines": [], "functions": {"APIResponse.error_required_for_error_status": {"executed_lines": [], "summary": {"covered_lines": 0, "num_statements": 3, "percent_covered": 0.0, "percent_covered_display": "0", "missing_lines": 3, "excluded_lines": 0}, "missing_lines": [85, 86, 87], "excluded_lines": []}, "APIResponse.data_required_for_success_status": {"executed_lines": [], "summary": {"covered_lines": 0, "num_statements": 3, "percent_covered": 0.0, "percent_covered_display": "0", "missing_lines": 3, "excluded_lines": 0}, "missing_lines": [92, 94, 95], "excluded_lines": []}, "PaginatedResponse.calculate_pages": {"executed_lines": [], "summary": {"covered_lines": 0, "num_statements": 3, "percent_covered": 0.0, "percent_covered_display": "0", "missing_lines": 3, "excluded_lines": 0}, "missing_lines": [150, 151, 152], "excluded_lines": []}, "PaginatedResponse.calculate_has_next": {"executed_lines": [], "summary": {"covered_lines": 0, "num_statements": 3, "percent_covered": 0.0, "percent_covered_display": "0", "missing_lines": 3, "excluded_lines": 0}, "missing_lines": [157, 158, 159], "excluded_lines": []}, "PaginatedResponse.calculate_has_prev": {"executed_lines": [], "summary": {"covered_lines": 0, "num_statements": 2, "percent_covered": 0.0, "percent_covered_display": "0", "missing_lines": 2, "excluded_lines": 0}, "missing_lines": [164, 165], "excluded_lines": []}, "TimestampRange.end_after_start": {"executed_lines": [], "summary": {"covered_lines": 0, "num_statements": 4, "percent_covered": 0.0, "percent_covered_display": "0", "missing_lines": 4, "excluded_lines": 0}, "missing_lines": [206, 207, 208, 209], "excluded_lines": []}, "create_success_response": {"executed_lines": [], "summary": {"covered_lines": 0, "num_statements": 2, "percent_covered": 0.0, "percent_covered_display": "0", "missing_lines": 2, "excluded_lines": 0}, "missing_lines": [219, 225], "excluded_lines": []}, "create_error_response": {"executed_lines": [], "summary": {"covered_lines": 0, "num_statements": 3, "percent_covered": 0.0, "percent_covered_display": "0", "missing_lines": 3, "excluded_lines": 0}, "missing_lines": [237, 243, 250], "excluded_lines": []}, "": {"executed_lines": [], "summary": {"covered_lines": 0, "num_statements": 108, "percent_covered": 0.0, "percent_covered_display": "0", "missing_lines": 108, "excluded_lines": 0}, "missing_lines": [9, 10, 11, 12, 14, 17, 20, 21, 22, 23, 26, 29, 30, 31, 32, 33, 34, 35, 36, 37, 38, 41, 44, 45, 46, 47, 48, 50, 51, 54, 57, 58, 59, 60, 61, 62, 63, 65, 66, 69, 77, 78, 79, 80, 82, 83, 89, 90, 98, 101, 102, 103, 104, 105, 106, 107, 108, 110, 111, 114, 117, 118, 119, 120, 121, 122, 123, 124, 127, 130, 131, 132, 133, 136, 139, 140, 141, 142, 143, 144, 145, 147, 148, 154, 155, 161, 162, 168, 171, 172, 173, 174, 175, 180, 183, 184, 185, 186, 187, 191, 194, 197, 200, 201, 203, 204, 212, 228], "excluded_lines": []}}, "classes": {"APIStatus": {"executed_lines": [], "summary": {"covered_lines": 0, "num_statements": 0, "percent_covered": 100.0, "percent_covered_display": "100", "missing_lines": 0, "excluded_lines": 0}, "missing_lines": [], "excluded_lines": []}, "ErrorCode": {"executed_lines": [], "summary": {"covered_lines": 0, "num_statements": 0, "percent_covered": 100.0, "percent_covered_display": "100", "missing_lines": 0, "excluded_lines": 0}, "missing_lines": [], "excluded_lines": []}, "APIError": {"executed_lines": [], "summary": {"covered_lines": 0, "num_statements": 0, "percent_covered": 100.0, "percent_covered_display": "100", "missing_lines": 0, "excluded_lines": 0}, "missing_lines": [], "excluded_lines": []}, "APIError.Config": {"executed_lines": [], "summary": {"covered_lines": 0, "num_statements": 0, "percent_covered": 100.0, "percent_covered_display": "100", "missing_lines": 0, "excluded_lines": 0}, "missing_lines": [], "excluded_lines": []}, "APIMetadata": {"executed_lines": [], "summary": {"covered_lines": 0, "num_statements": 0, "percent_covered": 100.0, "percent_covered_display": "100", "missing_lines": 0, "excluded_lines": 0}, "missing_lines": [], "excluded_lines": []}, "APIMetadata.Config": {"executed_lines": [], "summary": {"covered_lines": 0, "num_statements": 0, "percent_covered": 100.0, "percent_covered_display": "100", "missing_lines": 0, "excluded_lines": 0}, "missing_lines": [], "excluded_lines": []}, "APIResponse": {"executed_lines": [], "summary": {"covered_lines": 0, "num_statements": 6, "percent_covered": 0.0, "percent_covered_display": "0", "missing_lines": 6, "excluded_lines": 0}, "missing_lines": [85, 86, 87, 92, 94, 95], "excluded_lines": []}, "HealthCheckResponse": {"executed_lines": [], "summary": {"covered_lines": 0, "num_statements": 0, "percent_covered": 100.0, "percent_covered_display": "100", "missing_lines": 0, "excluded_lines": 0}, "missing_lines": [], "excluded_lines": []}, "HealthCheckResponse.Config": {"executed_lines": [], "summary": {"covered_lines": 0, "num_statements": 0, "percent_covered": 100.0, "percent_covered_display": "100", "missing_lines": 0, "excluded_lines": 0}, "missing_lines": [], "excluded_lines": []}, "ServiceInfo": {"executed_lines": [], "summary": {"covered_lines": 0, "num_statements": 0, "percent_covered": 100.0, "percent_covered_display": "100", "missing_lines": 0, "excluded_lines": 0}, "missing_lines": [], "excluded_lines": []}, "PaginationParams": {"executed_lines": [], "summary": {"covered_lines": 0, "num_statements": 0, "percent_covered": 100.0, "percent_covered_display": "100", "missing_lines": 0, "excluded_lines": 0}, "missing_lines": [], "excluded_lines": []}, "PaginatedResponse": {"executed_lines": [], "summary": {"covered_lines": 0, "num_statements": 8, "percent_covered": 0.0, "percent_covered_display": "0", "missing_lines": 8, "excluded_lines": 0}, "missing_lines": [150, 151, 152, 157, 158, 159, 164, 165], "excluded_lines": []}, "ConstitutionalComplianceInfo": {"executed_lines": [], "summary": {"covered_lines": 0, "num_statements": 0, "percent_covered": 100.0, "percent_covered_display": "100", "missing_lines": 0, "excluded_lines": 0}, "missing_lines": [], "excluded_lines": []}, "PerformanceMetrics": {"executed_lines": [], "summary": {"covered_lines": 0, "num_statements": 0, "percent_covered": 100.0, "percent_covered_display": "100", "missing_lines": 0, "excluded_lines": 0}, "missing_lines": [], "excluded_lines": []}, "IDParam": {"executed_lines": [], "summary": {"covered_lines": 0, "num_statements": 0, "percent_covered": 100.0, "percent_covered_display": "100", "missing_lines": 0, "excluded_lines": 0}, "missing_lines": [], "excluded_lines": []}, "TimestampRange": {"executed_lines": [], "summary": {"covered_lines": 0, "num_statements": 4, "percent_covered": 0.0, "percent_covered_display": "0", "missing_lines": 4, "excluded_lines": 0}, "missing_lines": [206, 207, 208, 209], "excluded_lines": []}, "": {"executed_lines": [], "summary": {"covered_lines": 0, "num_statements": 113, "percent_covered": 0.0, "percent_covered_display": "0", "missing_lines": 113, "excluded_lines": 0}, "missing_lines": [9, 10, 11, 12, 14, 17, 20, 21, 22, 23, 26, 29, 30, 31, 32, 33, 34, 35, 36, 37, 38, 41, 44, 45, 46, 47, 48, 50, 51, 54, 57, 58, 59, 60, 61, 62, 63, 65, 66, 69, 77, 78, 79, 80, 82, 83, 89, 90, 98, 101, 102, 103, 104, 105, 106, 107, 108, 110, 111, 114, 117, 118, 119, 120, 121, 122, 123, 124, 127, 130, 131, 132, 133, 136, 139, 140, 141, 142, 143, 144, 145, 147, 148, 154, 155, 161, 162, 168, 171, 172, 173, 174, 175, 180, 183, 184, 185, 186, 187, 191, 194, 197, 200, 201, 203, 204, 212, 219, 225, 228, 237, 243, 250], "excluded_lines": []}}}, "services/shared/auth.py": {"executed_lines": [], "summary": {"covered_lines": 0, "num_statements": 112, "percent_covered": 0.0, "percent_covered_display": "0", "missing_lines": 112, "excluded_lines": 0}, "missing_lines": [6, 7, 8, 9, 11, 12, 13, 14, 15, 18, 19, 23, 26, 29, 32, 33, 34, 35, 36, 37, 40, 43, 44, 45, 46, 50, 56, 63, 68, 69, 72, 73, 76, 78, 80, 83, 85, 87, 88, 89, 90, 93, 101, 102, 104, 106, 107, 109, 111, 112, 115, 122, 124, 125, 126, 127, 130, 136, 137, 139, 140, 142, 145, 150, 151, 153, 154, 155, 159, 163, 164, 165, 168, 169, 170, 171, 172, 175, 178, 192, 197, 198, 199, 208, 209, 212, 224, 226, 227, 229, 230, 232, 236, 239, 240, 241, 243, 248, 249, 250, 252, 253, 254, 256, 258, 259, 261, 262, 266, 269, 272, 279], "excluded_lines": [], "functions": {"verify_token_and_get_payload": {"executed_lines": [], "summary": {"covered_lines": 0, "num_statements": 13, "percent_covered": 0.0, "percent_covered_display": "0", "missing_lines": 13, "excluded_lines": 0}, "missing_lines": [68, 69, 72, 73, 76, 78, 80, 83, 85, 87, 88, 89, 90], "excluded_lines": []}, "get_current_user_from_token": {"executed_lines": [], "summary": {"covered_lines": 0, "num_statements": 14, "percent_covered": 0.0, "percent_covered_display": "0", "missing_lines": 14, "excluded_lines": 0}, "missing_lines": [101, 102, 104, 106, 107, 109, 111, 112, 115, 122, 124, 125, 126, 127], "excluded_lines": []}, "get_current_active_user": {"executed_lines": [], "summary": {"covered_lines": 0, "num_statements": 5, "percent_covered": 0.0, "percent_covered_display": "0", "missing_lines": 5, "excluded_lines": 0}, "missing_lines": [136, 137, 139, 140, 142], "excluded_lines": []}, "RoleChecker.__init__": {"executed_lines": [], "summary": {"covered_lines": 0, "num_statements": 1, "percent_covered": 0.0, "percent_covered_display": "0", "missing_lines": 1, "excluded_lines": 0}, "missing_lines": [151], "excluded_lines": []}, "RoleChecker.__call__": {"executed_lines": [], "summary": {"covered_lines": 0, "num_statements": 3, "percent_covered": 0.0, "percent_covered_display": "0", "missing_lines": 3, "excluded_lines": 0}, "missing_lines": [154, 155, 159], "excluded_lines": []}, "get_service_token": {"executed_lines": [], "summary": {"covered_lines": 0, "num_statements": 6, "percent_covered": 0.0, "percent_covered_display": "0", "missing_lines": 6, "excluded_lines": 0}, "missing_lines": [192, 197, 198, 199, 208, 209], "excluded_lines": []}, "get_auth_headers": {"executed_lines": [], "summary": {"covered_lines": 0, "num_statements": 6, "percent_covered": 0.0, "percent_covered_display": "0", "missing_lines": 6, "excluded_lines": 0}, "missing_lines": [224, 226, 227, 229, 230, 232], "excluded_lines": []}, "AuthServiceClient.__init__": {"executed_lines": [], "summary": {"covered_lines": 0, "num_statements": 2, "percent_covered": 0.0, "percent_covered_display": "0", "missing_lines": 2, "excluded_lines": 0}, "missing_lines": [240, 241], "excluded_lines": []}, "AuthServiceClient.validate_token": {"executed_lines": [], "summary": {"covered_lines": 0, "num_statements": 9, "percent_covered": 0.0, "percent_covered_display": "0", "missing_lines": 9, "excluded_lines": 0}, "missing_lines": [248, 249, 250, 252, 253, 254, 256, 258, 259], "excluded_lines": []}, "AuthServiceClient.close": {"executed_lines": [], "summary": {"covered_lines": 0, "num_statements": 1, "percent_covered": 0.0, "percent_covered_display": "0", "missing_lines": 1, "excluded_lines": 0}, "missing_lines": [262], "excluded_lines": []}, "get_current_user_id": {"executed_lines": [], "summary": {"covered_lines": 0, "num_statements": 1, "percent_covered": 0.0, "percent_covered_display": "0", "missing_lines": 1, "excluded_lines": 0}, "missing_lines": [279], "excluded_lines": []}, "": {"executed_lines": [], "summary": {"covered_lines": 0, "num_statements": 51, "percent_covered": 0.0, "percent_covered_display": "0", "missing_lines": 51, "excluded_lines": 0}, "missing_lines": [6, 7, 8, 9, 11, 12, 13, 14, 15, 18, 19, 23, 26, 29, 32, 33, 34, 35, 36, 37, 40, 43, 44, 45, 46, 50, 56, 63, 93, 130, 145, 150, 153, 163, 164, 165, 168, 169, 170, 171, 172, 175, 178, 212, 236, 239, 243, 261, 266, 269, 272], "excluded_lines": []}}, "classes": {"TokenPayload": {"executed_lines": [], "summary": {"covered_lines": 0, "num_statements": 0, "percent_covered": 100.0, "percent_covered_display": "100", "missing_lines": 0, "excluded_lines": 0}, "missing_lines": [], "excluded_lines": []}, "User": {"executed_lines": [], "summary": {"covered_lines": 0, "num_statements": 0, "percent_covered": 100.0, "percent_covered_display": "100", "missing_lines": 0, "excluded_lines": 0}, "missing_lines": [], "excluded_lines": []}, "RoleChecker": {"executed_lines": [], "summary": {"covered_lines": 0, "num_statements": 4, "percent_covered": 0.0, "percent_covered_display": "0", "missing_lines": 4, "excluded_lines": 0}, "missing_lines": [151, 154, 155, 159], "excluded_lines": []}, "AuthServiceClient": {"executed_lines": [], "summary": {"covered_lines": 0, "num_statements": 12, "percent_covered": 0.0, "percent_covered_display": "0", "missing_lines": 12, "excluded_lines": 0}, "missing_lines": [240, 241, 248, 249, 250, 252, 253, 254, 256, 258, 259, 262], "excluded_lines": []}, "": {"executed_lines": [], "summary": {"covered_lines": 0, "num_statements": 96, "percent_covered": 0.0, "percent_covered_display": "0", "missing_lines": 96, "excluded_lines": 0}, "missing_lines": [6, 7, 8, 9, 11, 12, 13, 14, 15, 18, 19, 23, 26, 29, 32, 33, 34, 35, 36, 37, 40, 43, 44, 45, 46, 50, 56, 63, 68, 69, 72, 73, 76, 78, 80, 83, 85, 87, 88, 89, 90, 93, 101, 102, 104, 106, 107, 109, 111, 112, 115, 122, 124, 125, 126, 127, 130, 136, 137, 139, 140, 142, 145, 150, 153, 163, 164, 165, 168, 169, 170, 171, 172, 175, 178, 192, 197, 198, 199, 208, 209, 212, 224, 226, 227, 229, 230, 232, 236, 239, 243, 261, 266, 269, 272, 279], "excluded_lines": []}}}, "services/shared/auth/__init__.py": {"executed_lines": [], "summary": {"covered_lines": 0, "num_statements": 0, "percent_covered": 100.0, "percent_covered_display": "100", "missing_lines": 0, "excluded_lines": 0}, "missing_lines": [], "excluded_lines": [], "functions": {"": {"executed_lines": [], "summary": {"covered_lines": 0, "num_statements": 0, "percent_covered": 100.0, "percent_covered_display": "100", "missing_lines": 0, "excluded_lines": 0}, "missing_lines": [], "excluded_lines": []}}, "classes": {"": {"executed_lines": [], "summary": {"covered_lines": 0, "num_statements": 0, "percent_covered": 100.0, "percent_covered_display": "100", "missing_lines": 0, "excluded_lines": 0}, "missing_lines": [], "excluded_lines": []}}}, "services/shared/cache_warming_service.py": {"executed_lines": [], "summary": {"covered_lines": 0, "num_statements": 221, "percent_covered": 0.0, "percent_covered_display": "0", "missing_lines": 221, "excluded_lines": 0}, "missing_lines": [7, 8, 9, 10, 11, 12, 13, 16, 19, 22, 23, 24, 25, 28, 29, 32, 33, 34, 35, 36, 37, 38, 39, 42, 43, 46, 47, 48, 49, 50, 51, 54, 55, 58, 59, 60, 61, 62, 63, 66, 78, 79, 80, 81, 82, 85, 86, 89, 90, 93, 94, 96, 98, 99, 102, 105, 106, 109, 113, 115, 117, 118, 119, 121, 124, 129, 132, 135, 138, 140, 142, 143, 145, 146, 148, 149, 151, 152, 154, 159, 161, 163, 164, 165, 167, 168, 169, 173, 175, 176, 177, 178, 179, 180, 181, 182, 184, 186, 187, 188, 190, 191, 192, 194, 196, 197, 198, 200, 202, 203, 206, 209, 211, 212, 214, 215, 217, 222, 224, 226, 228, 229, 230, 231, 232, 233, 234, 237, 238, 240, 242, 245, 250, 253, 256, 258, 259, 260, 261, 262, 263, 264, 265, 266, 268, 270, 272, 273, 275, 277, 279, 287, 288, 291, 293, 298, 299, 301, 303, 307, 308, 309, 312, 313, 316, 317, 318, 321, 322, 323, 324, 327, 328, 330, 339, 342, 345, 346, 348, 351, 352, 354, 357, 378, 379, 380, 391, 393, 396, 411, 412, 413, 424, 426, 429, 442, 443, 444, 455, 457, 460, 471, 472, 473, 484, 486, 488, 493, 494, 495, 506, 508, 510, 511, 513, 515, 546, 549, 552, 553, 554], "excluded_lines": [], "functions": {"CacheWarmingService.__init__": {"executed_lines": [], "summary": {"covered_lines": 0, "num_statements": 10, "percent_covered": 0.0, "percent_covered_display": "0", "missing_lines": 10, "excluded_lines": 0}, "missing_lines": [79, 80, 81, 82, 85, 86, 89, 90, 93, 94], "excluded_lines": []}, "CacheWarmingService.initialize": {"executed_lines": [], "summary": {"covered_lines": 0, "num_statements": 11, "percent_covered": 0.0, "percent_covered_display": "0", "missing_lines": 11, "excluded_lines": 0}, "missing_lines": [98, 99, 102, 105, 106, 109, 113, 115, 117, 118, 119], "excluded_lines": []}, "CacheWarmingService._register_default_warming_sources": {"executed_lines": [], "summary": {"covered_lines": 0, "num_statements": 5, "percent_covered": 0.0, "percent_covered_display": "0", "missing_lines": 5, "excluded_lines": 0}, "missing_lines": [124, 129, 132, 135, 138], "excluded_lines": []}, "CacheWarmingService.warm_cache_immediate": {"executed_lines": [], "summary": {"covered_lines": 0, "num_statements": 10, "percent_covered": 0.0, "percent_covered_display": "0", "missing_lines": 10, "excluded_lines": 0}, "missing_lines": [142, 143, 145, 146, 148, 149, 151, 152, 154, 159], "excluded_lines": []}, "CacheWarmingService.start_scheduled_warming": {"executed_lines": [], "summary": {"covered_lines": 0, "num_statements": 6, "percent_covered": 0.0, "percent_covered_display": "0", "missing_lines": 6, "excluded_lines": 0}, "missing_lines": [163, 164, 165, 167, 168, 169], "excluded_lines": []}, "CacheWarmingService.stop_scheduled_warming": {"executed_lines": [], "summary": {"covered_lines": 0, "num_statements": 8, "percent_covered": 0.0, "percent_covered_display": "0", "missing_lines": 8, "excluded_lines": 0}, "missing_lines": [175, 176, 177, 178, 179, 180, 181, 182], "excluded_lines": []}, "CacheWarmingService._scheduled_warming_loop": {"executed_lines": [], "summary": {"covered_lines": 0, "num_statements": 10, "percent_covered": 0.0, "percent_covered_display": "0", "missing_lines": 10, "excluded_lines": 0}, "missing_lines": [186, 187, 188, 190, 191, 192, 194, 196, 197, 198], "excluded_lines": []}, "CacheWarmingService.warm_cache_predictive": {"executed_lines": [], "summary": {"covered_lines": 0, "num_statements": 10, "percent_covered": 0.0, "percent_covered_display": "0", "missing_lines": 10, "excluded_lines": 0}, "missing_lines": [202, 203, 206, 209, 211, 212, 214, 215, 217, 222], "excluded_lines": []}, "CacheWarmingService._collect_warming_items": {"executed_lines": [], "summary": {"covered_lines": 0, "num_statements": 10, "percent_covered": 0.0, "percent_covered_display": "0", "missing_lines": 10, "excluded_lines": 0}, "missing_lines": [226, 228, 229, 230, 231, 232, 233, 234, 237, 238], "excluded_lines": []}, "CacheWarmingService._predict_warming_items": {"executed_lines": [], "summary": {"covered_lines": 0, "num_statements": 15, "percent_covered": 0.0, "percent_covered_display": "0", "missing_lines": 15, "excluded_lines": 0}, "missing_lines": [242, 245, 250, 253, 256, 258, 259, 260, 261, 262, 263, 264, 265, 266, 268], "excluded_lines": []}, "CacheWarmingService._analyze_time_patterns": {"executed_lines": [], "summary": {"covered_lines": 0, "num_statements": 12, "percent_covered": 0.0, "percent_covered_display": "0", "missing_lines": 12, "excluded_lines": 0}, "missing_lines": [272, 273, 275, 277, 279, 287, 288, 291, 293, 298, 299, 301], "excluded_lines": []}, "CacheWarmingService._execute_warming": {"executed_lines": [], "summary": {"covered_lines": 0, "num_statements": 15, "percent_covered": 0.0, "percent_covered_display": "0", "missing_lines": 15, "excluded_lines": 0}, "missing_lines": [307, 308, 309, 312, 313, 316, 317, 318, 321, 322, 323, 324, 327, 328, 330], "excluded_lines": []}, "CacheWarmingService.record_cache_access": {"executed_lines": [], "summary": {"covered_lines": 0, "num_statements": 6, "percent_covered": 0.0, "percent_covered_display": "0", "missing_lines": 6, "excluded_lines": 0}, "missing_lines": [342, 345, 346, 348, 351, 352], "excluded_lines": []}, "CacheWarmingService._get_constitutional_principles": {"executed_lines": [], "summary": {"covered_lines": 0, "num_statements": 5, "percent_covered": 0.0, "percent_covered_display": "0", "missing_lines": 5, "excluded_lines": 0}, "missing_lines": [357, 378, 379, 380, 391], "excluded_lines": []}, "CacheWarmingService._get_governance_rules": {"executed_lines": [], "summary": {"covered_lines": 0, "num_statements": 5, "percent_covered": 0.0, "percent_covered_display": "0", "missing_lines": 5, "excluded_lines": 0}, "missing_lines": [396, 411, 412, 413, 424], "excluded_lines": []}, "CacheWarmingService._get_frequent_policy_decisions": {"executed_lines": [], "summary": {"covered_lines": 0, "num_statements": 5, "percent_covered": 0.0, "percent_covered_display": "0", "missing_lines": 5, "excluded_lines": 0}, "missing_lines": [429, 442, 443, 444, 455], "excluded_lines": []}, "CacheWarmingService._get_active_user_sessions": {"executed_lines": [], "summary": {"covered_lines": 0, "num_statements": 5, "percent_covered": 0.0, "percent_covered_display": "0", "missing_lines": 5, "excluded_lines": 0}, "missing_lines": [460, 471, 472, 473, 484], "excluded_lines": []}, "CacheWarmingService._get_static_configuration": {"executed_lines": [], "summary": {"covered_lines": 0, "num_statements": 5, "percent_covered": 0.0, "percent_covered_display": "0", "missing_lines": 5, "excluded_lines": 0}, "missing_lines": [488, 493, 494, 495, 506], "excluded_lines": []}, "CacheWarmingService.get_warming_stats": {"executed_lines": [], "summary": {"covered_lines": 0, "num_statements": 4, "percent_covered": 0.0, "percent_covered_display": "0", "missing_lines": 4, "excluded_lines": 0}, "missing_lines": [510, 511, 513, 515], "excluded_lines": []}, "get_cache_warming_service": {"executed_lines": [], "summary": {"covered_lines": 0, "num_statements": 3, "percent_covered": 0.0, "percent_covered_display": "0", "missing_lines": 3, "excluded_lines": 0}, "missing_lines": [552, 553, 554], "excluded_lines": []}, "": {"executed_lines": [], "summary": {"covered_lines": 0, "num_statements": 61, "percent_covered": 0.0, "percent_covered_display": "0", "missing_lines": 61, "excluded_lines": 0}, "missing_lines": [7, 8, 9, 10, 11, 12, 13, 16, 19, 22, 23, 24, 25, 28, 29, 32, 33, 34, 35, 36, 37, 38, 39, 42, 43, 46, 47, 48, 49, 50, 51, 54, 55, 58, 59, 60, 61, 62, 63, 66, 78, 96, 121, 140, 161, 173, 184, 200, 224, 240, 270, 303, 339, 354, 393, 426, 457, 486, 508, 546, 549], "excluded_lines": []}}, "classes": {"CacheWarmingStrategy": {"executed_lines": [], "summary": {"covered_lines": 0, "num_statements": 0, "percent_covered": 100.0, "percent_covered_display": "100", "missing_lines": 0, "excluded_lines": 0}, "missing_lines": [], "excluded_lines": []}, "CacheWarmingConfig": {"executed_lines": [], "summary": {"covered_lines": 0, "num_statements": 0, "percent_covered": 100.0, "percent_covered_display": "100", "missing_lines": 0, "excluded_lines": 0}, "missing_lines": [], "excluded_lines": []}, "CacheWarmingItem": {"executed_lines": [], "summary": {"covered_lines": 0, "num_statements": 0, "percent_covered": 100.0, "percent_covered_display": "100", "missing_lines": 0, "excluded_lines": 0}, "missing_lines": [], "excluded_lines": []}, "WarmingMetrics": {"executed_lines": [], "summary": {"covered_lines": 0, "num_statements": 0, "percent_covered": 100.0, "percent_covered_display": "100", "missing_lines": 0, "excluded_lines": 0}, "missing_lines": [], "excluded_lines": []}, "CacheWarmingService": {"executed_lines": [], "summary": {"covered_lines": 0, "num_statements": 157, "percent_covered": 0.0, "percent_covered_display": "0", "missing_lines": 157, "excluded_lines": 0}, "missing_lines": [79, 80, 81, 82, 85, 86, 89, 90, 93, 94, 98, 99, 102, 105, 106, 109, 113, 115, 117, 118, 119, 124, 129, 132, 135, 138, 142, 143, 145, 146, 148, 149, 151, 152, 154, 159, 163, 164, 165, 167, 168, 169, 175, 176, 177, 178, 179, 180, 181, 182, 186, 187, 188, 190, 191, 192, 194, 196, 197, 198, 202, 203, 206, 209, 211, 212, 214, 215, 217, 222, 226, 228, 229, 230, 231, 232, 233, 234, 237, 238, 242, 245, 250, 253, 256, 258, 259, 260, 261, 262, 263, 264, 265, 266, 268, 272, 273, 275, 277, 279, 287, 288, 291, 293, 298, 299, 301, 307, 308, 309, 312, 313, 316, 317, 318, 321, 322, 323, 324, 327, 328, 330, 342, 345, 346, 348, 351, 352, 357, 378, 379, 380, 391, 396, 411, 412, 413, 424, 429, 442, 443, 444, 455, 460, 471, 472, 473, 484, 488, 493, 494, 495, 506, 510, 511, 513, 515], "excluded_lines": []}, "": {"executed_lines": [], "summary": {"covered_lines": 0, "num_statements": 64, "percent_covered": 0.0, "percent_covered_display": "0", "missing_lines": 64, "excluded_lines": 0}, "missing_lines": [7, 8, 9, 10, 11, 12, 13, 16, 19, 22, 23, 24, 25, 28, 29, 32, 33, 34, 35, 36, 37, 38, 39, 42, 43, 46, 47, 48, 49, 50, 51, 54, 55, 58, 59, 60, 61, 62, 63, 66, 78, 96, 121, 140, 161, 173, 184, 200, 224, 240, 270, 303, 339, 354, 393, 426, 457, 486, 508, 546, 549, 552, 553, 554], "excluded_lines": []}}}, "services/shared/celery_integration.py": {"executed_lines": [], "summary": {"covered_lines": 0, "num_statements": 201, "percent_covered": 0.0, "percent_covered_display": "0", "missing_lines": 201, "excluded_lines": 0}, "missing_lines": [6, 7, 8, 9, 10, 11, 13, 14, 15, 16, 18, 19, 20, 21, 22, 23, 24, 26, 27, 28, 34, 37, 41, 42, 45, 46, 47, 48, 49, 52, 53, 54, 57, 64, 65, 66, 74, 77, 78, 81, 84, 85, 89, 90, 91, 93, 94, 97, 99, 102, 104, 106, 110, 112, 114, 116, 120, 121, 122, 127, 130, 131, 135, 139, 141, 144, 148, 150, 155, 156, 157, 158, 159, 160, 162, 164, 171, 172, 173, 180, 183, 185, 187, 195, 198, 200, 202, 210, 213, 215, 217, 225, 228, 229, 230, 232, 238, 239, 241, 242, 244, 247, 248, 249, 250, 251, 254, 255, 262, 265, 266, 268, 270, 272, 273, 275, 276, 279, 280, 281, 282, 283, 285, 286, 287, 289, 299, 301, 303, 304, 307, 308, 310, 311, 312, 313, 322, 324, 325, 328, 330, 332, 333, 335, 336, 338, 339, 342, 343, 346, 347, 348, 350, 353, 355, 356, 358, 360, 361, 362, 364, 365, 366, 367, 368, 370, 372, 373, 374, 376, 378, 384, 387, 389, 390, 393, 395, 397, 398, 401, 402, 404, 405, 406, 408, 409, 411, 412, 413, 416, 418, 419, 421, 422, 424, 425, 426, 427, 429, 431, 432], "excluded_lines": [], "functions": {"ACGSTask.on_failure": {"executed_lines": [], "summary": {"covered_lines": 0, "num_statements": 2, "percent_covered": 0.0, "percent_covered_display": "0", "missing_lines": 2, "excluded_lines": 0}, "missing_lines": [104, 106], "excluded_lines": []}, "ACGSTask.on_success": {"executed_lines": [], "summary": {"covered_lines": 0, "num_statements": 2, "percent_covered": 0.0, "percent_covered_display": "0", "missing_lines": 2, "excluded_lines": 0}, "missing_lines": [112, 114], "excluded_lines": []}, "ACGSTask._update_task_status": {"executed_lines": [], "summary": {"covered_lines": 0, "num_statements": 6, "percent_covered": 0.0, "percent_covered_display": "0", "missing_lines": 6, "excluded_lines": 0}, "missing_lines": [120, 121, 122, 127, 130, 131], "excluded_lines": []}, "execute_parallel_validation_task": {"executed_lines": [], "summary": {"covered_lines": 0, "num_statements": 13, "percent_covered": 0.0, "percent_covered_display": "0", "missing_lines": 13, "excluded_lines": 0}, "missing_lines": [148, 150, 155, 156, 157, 158, 159, 160, 162, 164, 171, 172, 173], "excluded_lines": []}, "_execute_policy_verification": {"executed_lines": [], "summary": {"covered_lines": 0, "num_statements": 3, "percent_covered": 0.0, "percent_covered_display": "0", "missing_lines": 3, "excluded_lines": 0}, "missing_lines": [183, 185, 187], "excluded_lines": []}, "_execute_bias_detection": {"executed_lines": [], "summary": {"covered_lines": 0, "num_statements": 3, "percent_covered": 0.0, "percent_covered_display": "0", "missing_lines": 3, "excluded_lines": 0}, "missing_lines": [198, 200, 202], "excluded_lines": []}, "_execute_safety_check": {"executed_lines": [], "summary": {"covered_lines": 0, "num_statements": 3, "percent_covered": 0.0, "percent_covered_display": "0", "missing_lines": 3, "excluded_lines": 0}, "missing_lines": [213, 215, 217], "excluded_lines": []}, "CeleryTaskManager.__init__": {"executed_lines": [], "summary": {"covered_lines": 0, "num_statements": 2, "percent_covered": 0.0, "percent_covered_display": "0", "missing_lines": 2, "excluded_lines": 0}, "missing_lines": [229, 230], "excluded_lines": []}, "CeleryTaskManager.submit_batch": {"executed_lines": [], "summary": {"covered_lines": 0, "num_statements": 16, "percent_covered": 0.0, "percent_covered_display": "0", "missing_lines": 16, "excluded_lines": 0}, "missing_lines": [238, 239, 241, 242, 244, 247, 248, 249, 250, 251, 254, 255, 262, 265, 266, 268], "excluded_lines": []}, "CeleryTaskManager.get_batch_status": {"executed_lines": [], "summary": {"covered_lines": 0, "num_statements": 13, "percent_covered": 0.0, "percent_covered_display": "0", "missing_lines": 13, "excluded_lines": 0}, "missing_lines": [272, 273, 275, 276, 279, 280, 281, 282, 283, 285, 286, 287, 289], "excluded_lines": []}, "CeleryTaskManager.get_batch_results": {"executed_lines": [], "summary": {"covered_lines": 0, "num_statements": 13, "percent_covered": 0.0, "percent_covered_display": "0", "missing_lines": 13, "excluded_lines": 0}, "missing_lines": [301, 303, 304, 307, 308, 310, 311, 312, 313, 322, 324, 325, 328], "excluded_lines": []}, "CeleryTaskManager.cancel_batch": {"executed_lines": [], "summary": {"covered_lines": 0, "num_statements": 12, "percent_covered": 0.0, "percent_covered_display": "0", "missing_lines": 12, "excluded_lines": 0}, "missing_lines": [332, 333, 335, 336, 338, 339, 342, 343, 346, 347, 348, 350], "excluded_lines": []}, "monitor_batch_progress": {"executed_lines": [], "summary": {"covered_lines": 0, "num_statements": 15, "percent_covered": 0.0, "percent_covered_display": "0", "missing_lines": 15, "excluded_lines": 0}, "missing_lines": [358, 360, 361, 362, 364, 365, 366, 367, 368, 370, 372, 373, 374, 376, 378], "excluded_lines": []}, "initialize_celery_integration": {"executed_lines": [], "summary": {"covered_lines": 0, "num_statements": 16, "percent_covered": 0.0, "percent_covered_display": "0", "missing_lines": 16, "excluded_lines": 0}, "missing_lines": [389, 390, 393, 395, 397, 398, 401, 402, 404, 405, 406, 408, 409, 411, 412, 413], "excluded_lines": []}, "shutdown_celery_integration": {"executed_lines": [], "summary": {"covered_lines": 0, "num_statements": 11, "percent_covered": 0.0, "percent_covered_display": "0", "missing_lines": 11, "excluded_lines": 0}, "missing_lines": [418, 419, 421, 422, 424, 425, 426, 427, 429, 431, 432], "excluded_lines": []}, "": {"executed_lines": [], "summary": {"covered_lines": 0, "num_statements": 71, "percent_covered": 0.0, "percent_covered_display": "0", "missing_lines": 71, "excluded_lines": 0}, "missing_lines": [6, 7, 8, 9, 10, 11, 13, 14, 15, 16, 18, 19, 20, 21, 22, 23, 24, 26, 27, 28, 34, 37, 41, 42, 45, 46, 47, 48, 49, 52, 53, 54, 57, 64, 65, 66, 74, 77, 78, 81, 84, 85, 89, 90, 91, 93, 94, 97, 99, 102, 110, 116, 135, 139, 141, 144, 180, 195, 210, 225, 228, 232, 270, 299, 330, 353, 355, 356, 384, 387, 416], "excluded_lines": []}}, "classes": {"CeleryConfig": {"executed_lines": [], "summary": {"covered_lines": 0, "num_statements": 0, "percent_covered": 100.0, "percent_covered_display": "100", "missing_lines": 0, "excluded_lines": 0}, "missing_lines": [], "excluded_lines": []}, "ACGSTask": {"executed_lines": [], "summary": {"covered_lines": 0, "num_statements": 10, "percent_covered": 0.0, "percent_covered_display": "0", "missing_lines": 10, "excluded_lines": 0}, "missing_lines": [104, 106, 112, 114, 120, 121, 122, 127, 130, 131], "excluded_lines": []}, "CeleryTaskManager": {"executed_lines": [], "summary": {"covered_lines": 0, "num_statements": 56, "percent_covered": 0.0, "percent_covered_display": "0", "missing_lines": 56, "excluded_lines": 0}, "missing_lines": [229, 230, 238, 239, 241, 242, 244, 247, 248, 249, 250, 251, 254, 255, 262, 265, 266, 268, 272, 273, 275, 276, 279, 280, 281, 282, 283, 285, 286, 287, 289, 301, 303, 304, 307, 308, 310, 311, 312, 313, 322, 324, 325, 328, 332, 333, 335, 336, 338, 339, 342, 343, 346, 347, 348, 350], "excluded_lines": []}, "": {"executed_lines": [], "summary": {"covered_lines": 0, "num_statements": 135, "percent_covered": 0.0, "percent_covered_display": "0", "missing_lines": 135, "excluded_lines": 0}, "missing_lines": [6, 7, 8, 9, 10, 11, 13, 14, 15, 16, 18, 19, 20, 21, 22, 23, 24, 26, 27, 28, 34, 37, 41, 42, 45, 46, 47, 48, 49, 52, 53, 54, 57, 64, 65, 66, 74, 77, 78, 81, 84, 85, 89, 90, 91, 93, 94, 97, 99, 102, 110, 116, 135, 139, 141, 144, 148, 150, 155, 156, 157, 158, 159, 160, 162, 164, 171, 172, 173, 180, 183, 185, 187, 195, 198, 200, 202, 210, 213, 215, 217, 225, 228, 232, 270, 299, 330, 353, 355, 356, 358, 360, 361, 362, 364, 365, 366, 367, 368, 370, 372, 373, 374, 376, 378, 384, 387, 389, 390, 393, 395, 397, 398, 401, 402, 404, 405, 406, 408, 409, 411, 412, 413, 416, 418, 419, 421, 422, 424, 425, 426, 427, 429, 431, 432], "excluded_lines": []}}}, "services/shared/common/__init__.py": {"executed_lines": [1, 8, 9, 10, 11, 13], "summary": {"covered_lines": 5, "num_statements": 5, "percent_covered": 100.0, "percent_covered_display": "100", "missing_lines": 0, "excluded_lines": 0}, "missing_lines": [], "excluded_lines": [], "functions": {"": {"executed_lines": [1, 8, 9, 10, 11, 13], "summary": {"covered_lines": 5, "num_statements": 5, "percent_covered": 100.0, "percent_covered_display": "100", "missing_lines": 0, "excluded_lines": 0}, "missing_lines": [], "excluded_lines": []}}, "classes": {"": {"executed_lines": [1, 8, 9, 10, 11, 13], "summary": {"covered_lines": 5, "num_statements": 5, "percent_covered": 100.0, "percent_covered_display": "100", "missing_lines": 0, "excluded_lines": 0}, "missing_lines": [], "excluded_lines": []}}}, "services/shared/common/error_handling.py": {"executed_lines": [1, 8, 9, 10, 11, 12, 13, 15, 18, 19, 21, 22, 23, 24, 27, 28, 30, 31, 32, 33, 34, 35, 36, 37, 38, 39, 40, 43, 44, 48, 69, 84, 89, 90, 92, 109, 110, 112, 123, 124, 126, 137, 138, 140, 161, 162, 164, 180, 181, 183, 200, 201, 203, 219, 220, 222, 238, 303, 358], "summary": {"covered_lines": 47, "num_statements": 127, "percent_covered": 37.00787401574803, "percent_covered_display": "37", "missing_lines": 80, "excluded_lines": 0}, "missing_lines": [58, 59, 60, 61, 62, 63, 64, 65, 67, 71, 86, 93, 94, 95, 96, 97, 99, 113, 127, 141, 142, 143, 145, 146, 147, 148, 150, 165, 166, 167, 169, 184, 185, 186, 188, 204, 205, 206, 208, 223, 224, 225, 227, 256, 259, 260, 263, 266, 267, 269, 278, 279, 285, 286, 290, 291, 294, 322, 329, 330, 331, 332, 333, 334, 336, 337, 346, 347, 348, 349, 350, 351, 353, 355, 371, 372, 373, 376, 377, 380], "excluded_lines": [], "functions": {"ACGSException.__init__": {"executed_lines": [], "summary": {"covered_lines": 0, "num_statements": 9, "percent_covered": 0.0, "percent_covered_display": "0", "missing_lines": 9, "excluded_lines": 0}, "missing_lines": [58, 59, 60, 61, 62, 63, 64, 65, 67], "excluded_lines": []}, "ACGSException.to_dict": {"executed_lines": [], "summary": {"covered_lines": 0, "num_statements": 1, "percent_covered": 0.0, "percent_covered_display": "0", "missing_lines": 1, "excluded_lines": 0}, "missing_lines": [71], "excluded_lines": []}, "ACGSException.to_json": {"executed_lines": [], "summary": {"covered_lines": 0, "num_statements": 1, "percent_covered": 0.0, "percent_covered_display": "0", "missing_lines": 1, "excluded_lines": 0}, "missing_lines": [86], "excluded_lines": []}, "ValidationError.__init__": {"executed_lines": [], "summary": {"covered_lines": 0, "num_statements": 6, "percent_covered": 0.0, "percent_covered_display": "0", "missing_lines": 6, "excluded_lines": 0}, "missing_lines": [93, 94, 95, 96, 97, 99], "excluded_lines": []}, "AuthenticationError.__init__": {"executed_lines": [], "summary": {"covered_lines": 0, "num_statements": 1, "percent_covered": 0.0, "percent_covered_display": "0", "missing_lines": 1, "excluded_lines": 0}, "missing_lines": [113], "excluded_lines": []}, "AuthorizationError.__init__": {"executed_lines": [], "summary": {"covered_lines": 0, "num_statements": 1, "percent_covered": 0.0, "percent_covered_display": "0", "missing_lines": 1, "excluded_lines": 0}, "missing_lines": [127], "excluded_lines": []}, "NotFoundError.__init__": {"executed_lines": [], "summary": {"covered_lines": 0, "num_statements": 8, "percent_covered": 0.0, "percent_covered_display": "0", "missing_lines": 8, "excluded_lines": 0}, "missing_lines": [141, 142, 143, 145, 146, 147, 148, 150], "excluded_lines": []}, "ConflictError.__init__": {"executed_lines": [], "summary": {"covered_lines": 0, "num_statements": 4, "percent_covered": 0.0, "percent_covered_display": "0", "missing_lines": 4, "excluded_lines": 0}, "missing_lines": [165, 166, 167, 169], "excluded_lines": []}, "ServiceUnavailableError.__init__": {"executed_lines": [], "summary": {"covered_lines": 0, "num_statements": 4, "percent_covered": 0.0, "percent_covered_display": "0", "missing_lines": 4, "excluded_lines": 0}, "missing_lines": [184, 185, 186, 188], "excluded_lines": []}, "DatabaseError.__init__": {"executed_lines": [], "summary": {"covered_lines": 0, "num_statements": 4, "percent_covered": 0.0, "percent_covered_display": "0", "missing_lines": 4, "excluded_lines": 0}, "missing_lines": [204, 205, 206, 208], "excluded_lines": []}, "ConfigurationError.__init__": {"executed_lines": [], "summary": {"covered_lines": 0, "num_statements": 4, "percent_covered": 0.0, "percent_covered_display": "0", "missing_lines": 4, "excluded_lines": 0}, "missing_lines": [223, 224, 225, 227], "excluded_lines": []}, "handle_service_error": {"executed_lines": [], "summary": {"covered_lines": 0, "num_statements": 14, "percent_covered": 0.0, "percent_covered_display": "0", "missing_lines": 14, "excluded_lines": 0}, "missing_lines": [256, 259, 260, 263, 266, 267, 269, 278, 279, 285, 286, 290, 291, 294], "excluded_lines": []}, "log_error": {"executed_lines": [], "summary": {"covered_lines": 0, "num_statements": 17, "percent_covered": 0.0, "percent_covered_display": "0", "missing_lines": 17, "excluded_lines": 0}, "missing_lines": [322, 329, 330, 331, 332, 333, 334, 336, 337, 346, 347, 348, 349, 350, 351, 353, 355], "excluded_lines": []}, "create_error_response": {"executed_lines": [], "summary": {"covered_lines": 0, "num_statements": 6, "percent_covered": 0.0, "percent_covered_display": "0", "missing_lines": 6, "excluded_lines": 0}, "missing_lines": [371, 372, 373, 376, 377, 380], "excluded_lines": []}, "": {"executed_lines": [1, 8, 9, 10, 11, 12, 13, 15, 18, 19, 21, 22, 23, 24, 27, 28, 30, 31, 32, 33, 34, 35, 36, 37, 38, 39, 40, 43, 44, 48, 69, 84, 89, 90, 92, 109, 110, 112, 123, 124, 126, 137, 138, 140, 161, 162, 164, 180, 181, 183, 200, 201, 203, 219, 220, 222, 238, 303, 358], "summary": {"covered_lines": 47, "num_statements": 47, "percent_covered": 100.0, "percent_covered_display": "100", "missing_lines": 0, "excluded_lines": 0}, "missing_lines": [], "excluded_lines": []}}, "classes": {"ErrorSeverity": {"executed_lines": [], "summary": {"covered_lines": 0, "num_statements": 0, "percent_covered": 100.0, "percent_covered_display": "100", "missing_lines": 0, "excluded_lines": 0}, "missing_lines": [], "excluded_lines": []}, "ErrorCategory": {"executed_lines": [], "summary": {"covered_lines": 0, "num_statements": 0, "percent_covered": 100.0, "percent_covered_display": "100", "missing_lines": 0, "excluded_lines": 0}, "missing_lines": [], "excluded_lines": []}, "ACGSException": {"executed_lines": [], "summary": {"covered_lines": 0, "num_statements": 11, "percent_covered": 0.0, "percent_covered_display": "0", "missing_lines": 11, "excluded_lines": 0}, "missing_lines": [58, 59, 60, 61, 62, 63, 64, 65, 67, 71, 86], "excluded_lines": []}, "ValidationError": {"executed_lines": [], "summary": {"covered_lines": 0, "num_statements": 6, "percent_covered": 0.0, "percent_covered_display": "0", "missing_lines": 6, "excluded_lines": 0}, "missing_lines": [93, 94, 95, 96, 97, 99], "excluded_lines": []}, "AuthenticationError": {"executed_lines": [], "summary": {"covered_lines": 0, "num_statements": 1, "percent_covered": 0.0, "percent_covered_display": "0", "missing_lines": 1, "excluded_lines": 0}, "missing_lines": [113], "excluded_lines": []}, "AuthorizationError": {"executed_lines": [], "summary": {"covered_lines": 0, "num_statements": 1, "percent_covered": 0.0, "percent_covered_display": "0", "missing_lines": 1, "excluded_lines": 0}, "missing_lines": [127], "excluded_lines": []}, "NotFoundError": {"executed_lines": [], "summary": {"covered_lines": 0, "num_statements": 8, "percent_covered": 0.0, "percent_covered_display": "0", "missing_lines": 8, "excluded_lines": 0}, "missing_lines": [141, 142, 143, 145, 146, 147, 148, 150], "excluded_lines": []}, "ConflictError": {"executed_lines": [], "summary": {"covered_lines": 0, "num_statements": 4, "percent_covered": 0.0, "percent_covered_display": "0", "missing_lines": 4, "excluded_lines": 0}, "missing_lines": [165, 166, 167, 169], "excluded_lines": []}, "ServiceUnavailableError": {"executed_lines": [], "summary": {"covered_lines": 0, "num_statements": 4, "percent_covered": 0.0, "percent_covered_display": "0", "missing_lines": 4, "excluded_lines": 0}, "missing_lines": [184, 185, 186, 188], "excluded_lines": []}, "DatabaseError": {"executed_lines": [], "summary": {"covered_lines": 0, "num_statements": 4, "percent_covered": 0.0, "percent_covered_display": "0", "missing_lines": 4, "excluded_lines": 0}, "missing_lines": [204, 205, 206, 208], "excluded_lines": []}, "ConfigurationError": {"executed_lines": [], "summary": {"covered_lines": 0, "num_statements": 4, "percent_covered": 0.0, "percent_covered_display": "0", "missing_lines": 4, "excluded_lines": 0}, "missing_lines": [223, 224, 225, 227], "excluded_lines": []}, "": {"executed_lines": [1, 8, 9, 10, 11, 12, 13, 15, 18, 19, 21, 22, 23, 24, 27, 28, 30, 31, 32, 33, 34, 35, 36, 37, 38, 39, 40, 43, 44, 48, 69, 84, 89, 90, 92, 109, 110, 112, 123, 124, 126, 137, 138, 140, 161, 162, 164, 180, 181, 183, 200, 201, 203, 219, 220, 222, 238, 303, 358], "summary": {"covered_lines": 47, "num_statements": 84, "percent_covered": 55.95238095238095, "percent_covered_display": "56", "missing_lines": 37, "excluded_lines": 0}, "missing_lines": [256, 259, 260, 263, 266, 267, 269, 278, 279, 285, 286, 290, 291, 294, 322, 329, 330, 331, 332, 333, 334, 336, 337, 346, 347, 348, 349, 350, 351, 353, 355, 371, 372, 373, 376, 377, 380], "excluded_lines": []}}}, "services/shared/common/formatting.py": {"executed_lines": [1, 8, 9, 10, 11, 12, 13, 15, 18, 19, 21, 22, 23, 24, 27, 28, 30, 31, 32, 35, 57, 90, 130, 166, 194, 222, 260, 287, 315, 334, 361, 379, 403], "summary": {"covered_lines": 30, "num_statements": 134, "percent_covered": 22.388059701492537, "percent_covered_display": "22", "missing_lines": 104, "excluded_lines": 0}, "missing_lines": [45, 46, 47, 48, 49, 50, 51, 52, 54, 73, 74, 77, 78, 80, 81, 82, 83, 84, 85, 87, 110, 115, 116, 118, 119, 121, 122, 124, 125, 127, 148, 157, 158, 160, 161, 163, 181, 182, 184, 214, 215, 217, 219, 242, 248, 249, 251, 252, 254, 255, 257, 276, 278, 279, 281, 282, 284, 297, 298, 299, 300, 301, 302, 303, 304, 305, 306, 307, 308, 309, 310, 312, 326, 327, 328, 329, 330, 331, 344, 346, 347, 352, 354, 373, 374, 376, 389, 390, 392, 393, 394, 396, 397, 398, 400, 413, 414, 415, 416, 417, 418, 419, 421, 422], "excluded_lines": [], "functions": {"standardize_timestamps": {"executed_lines": [], "summary": {"covered_lines": 0, "num_statements": 9, "percent_covered": 0.0, "percent_covered_display": "0", "missing_lines": 9, "excluded_lines": 0}, "missing_lines": [45, 46, 47, 48, 49, 50, 51, 52, 54], "excluded_lines": []}, "format_datetime": {"executed_lines": [], "summary": {"covered_lines": 0, "num_statements": 11, "percent_covered": 0.0, "percent_covered_display": "0", "missing_lines": 11, "excluded_lines": 0}, "missing_lines": [73, 74, 77, 78, 80, 81, 82, 83, 84, 85, 87], "excluded_lines": []}, "format_response": {"executed_lines": [], "summary": {"covered_lines": 0, "num_statements": 10, "percent_covered": 0.0, "percent_covered_display": "0", "missing_lines": 10, "excluded_lines": 0}, "missing_lines": [110, 115, 116, 118, 119, 121, 122, 124, 125, 127], "excluded_lines": []}, "format_error": {"executed_lines": [], "summary": {"covered_lines": 0, "num_statements": 6, "percent_covered": 0.0, "percent_covered_display": "0", "missing_lines": 6, "excluded_lines": 0}, "missing_lines": [148, 157, 158, 160, 161, 163], "excluded_lines": []}, "format_pagination": {"executed_lines": [], "summary": {"covered_lines": 0, "num_statements": 3, "percent_covered": 0.0, "percent_covered_display": "0", "missing_lines": 3, "excluded_lines": 0}, "missing_lines": [181, 182, 184], "excluded_lines": []}, "format_list_response": {"executed_lines": [], "summary": {"covered_lines": 0, "num_statements": 4, "percent_covered": 0.0, "percent_covered_display": "0", "missing_lines": 4, "excluded_lines": 0}, "missing_lines": [214, 215, 217, 219], "excluded_lines": []}, "format_health_check": {"executed_lines": [], "summary": {"covered_lines": 0, "num_statements": 8, "percent_covered": 0.0, "percent_covered_display": "0", "missing_lines": 8, "excluded_lines": 0}, "missing_lines": [242, 248, 249, 251, 252, 254, 255, 257], "excluded_lines": []}, "format_metrics": {"executed_lines": [], "summary": {"covered_lines": 0, "num_statements": 6, "percent_covered": 0.0, "percent_covered_display": "0", "missing_lines": 6, "excluded_lines": 0}, "missing_lines": [276, 278, 279, 281, 282, 284], "excluded_lines": []}, "sanitize_for_json": {"executed_lines": [], "summary": {"covered_lines": 0, "num_statements": 15, "percent_covered": 0.0, "percent_covered_display": "0", "missing_lines": 15, "excluded_lines": 0}, "missing_lines": [297, 298, 299, 300, 301, 302, 303, 304, 305, 306, 307, 308, 309, 310, 312], "excluded_lines": []}, "safe_json_dumps": {"executed_lines": [], "summary": {"covered_lines": 0, "num_statements": 6, "percent_covered": 0.0, "percent_covered_display": "0", "missing_lines": 6, "excluded_lines": 0}, "missing_lines": [326, 327, 328, 329, 330, 331], "excluded_lines": []}, "format_validation_errors": {"executed_lines": [], "summary": {"covered_lines": 0, "num_statements": 5, "percent_covered": 0.0, "percent_covered_display": "0", "missing_lines": 5, "excluded_lines": 0}, "missing_lines": [344, 346, 347, 352, 354], "excluded_lines": []}, "truncate_string": {"executed_lines": [], "summary": {"covered_lines": 0, "num_statements": 3, "percent_covered": 0.0, "percent_covered_display": "0", "missing_lines": 3, "excluded_lines": 0}, "missing_lines": [373, 374, 376], "excluded_lines": []}, "format_file_size": {"executed_lines": [], "summary": {"covered_lines": 0, "num_statements": 9, "percent_covered": 0.0, "percent_covered_display": "0", "missing_lines": 9, "excluded_lines": 0}, "missing_lines": [389, 390, 392, 393, 394, 396, 397, 398, 400], "excluded_lines": []}, "format_duration": {"executed_lines": [], "summary": {"covered_lines": 0, "num_statements": 9, "percent_covered": 0.0, "percent_covered_display": "0", "missing_lines": 9, "excluded_lines": 0}, "missing_lines": [413, 414, 415, 416, 417, 418, 419, 421, 422], "excluded_lines": []}, "": {"executed_lines": [1, 8, 9, 10, 11, 12, 13, 15, 18, 19, 21, 22, 23, 24, 27, 28, 30, 31, 32, 35, 57, 90, 130, 166, 194, 222, 260, 287, 315, 334, 361, 379, 403], "summary": {"covered_lines": 30, "num_statements": 30, "percent_covered": 100.0, "percent_covered_display": "100", "missing_lines": 0, "excluded_lines": 0}, "missing_lines": [], "excluded_lines": []}}, "classes": {"ResponseStatus": {"executed_lines": [], "summary": {"covered_lines": 0, "num_statements": 0, "percent_covered": 100.0, "percent_covered_display": "100", "missing_lines": 0, "excluded_lines": 0}, "missing_lines": [], "excluded_lines": []}, "DateTimeFormat": {"executed_lines": [], "summary": {"covered_lines": 0, "num_statements": 0, "percent_covered": 100.0, "percent_covered_display": "100", "missing_lines": 0, "excluded_lines": 0}, "missing_lines": [], "excluded_lines": []}, "": {"executed_lines": [1, 8, 9, 10, 11, 12, 13, 15, 18, 19, 21, 22, 23, 24, 27, 28, 30, 31, 32, 35, 57, 90, 130, 166, 194, 222, 260, 287, 315, 334, 361, 379, 403], "summary": {"covered_lines": 30, "num_statements": 134, "percent_covered": 22.388059701492537, "percent_covered_display": "22", "missing_lines": 104, "excluded_lines": 0}, "missing_lines": [45, 46, 47, 48, 49, 50, 51, 52, 54, 73, 74, 77, 78, 80, 81, 82, 83, 84, 85, 87, 110, 115, 116, 118, 119, 121, 122, 124, 125, 127, 148, 157, 158, 160, 161, 163, 181, 182, 184, 214, 215, 217, 219, 242, 248, 249, 251, 252, 254, 255, 257, 276, 278, 279, 281, 282, 284, 297, 298, 299, 300, 301, 302, 303, 304, 305, 306, 307, 308, 309, 310, 312, 326, 327, 328, 329, 330, 331, 344, 346, 347, 352, 354, 373, 374, 376, 389, 390, 392, 393, 394, 396, 397, 398, 400, 413, 414, 415, 416, 417, 418, 419, 421, 422], "excluded_lines": []}}}, "services/shared/common/http_clients.py": {"executed_lines": [1, 8, 9, 10, 11, 12, 14, 15, 17, 18, 20, 23, 24, 26, 27, 28, 29, 30, 31, 32, 35, 36, 37, 39, 40, 41, 42, 43, 46, 47, 49, 50, 51, 54, 55, 57, 58, 59, 60, 61, 62, 64, 76, 81, 89, 90, 95, 96, 97, 101, 107, 111, 114, 197, 198, 203, 204, 205, 207, 209, 219, 220, 222, 243, 250, 253], "summary": {"covered_lines": 59, "num_statements": 106, "percent_covered": 55.660377358490564, "percent_covered_display": "56", "missing_lines": 47, "excluded_lines": 0}, "missing_lines": [66, 67, 68, 69, 70, 71, 72, 74, 78, 79, 83, 84, 85, 86, 109, 141, 142, 148, 149, 150, 152, 153, 155, 163, 166, 170, 171, 172, 173, 179, 182, 183, 185, 186, 187, 188, 191, 192, 193, 194, 237, 238, 240, 241, 245, 246, 255], "excluded_lines": [], "functions": {"CircuitBreaker.__init__": {"executed_lines": [58, 59, 60, 61, 62], "summary": {"covered_lines": 5, "num_statements": 5, "percent_covered": 100.0, "percent_covered_display": "100", "missing_lines": 0, "excluded_lines": 0}, "missing_lines": [], "excluded_lines": []}, "CircuitBreaker.can_execute": {"executed_lines": [], "summary": {"covered_lines": 0, "num_statements": 8, "percent_covered": 0.0, "percent_covered_display": "0", "missing_lines": 8, "excluded_lines": 0}, "missing_lines": [66, 67, 68, 69, 70, 71, 72, 74], "excluded_lines": []}, "CircuitBreaker.record_success": {"executed_lines": [], "summary": {"covered_lines": 0, "num_statements": 2, "percent_covered": 0.0, "percent_covered_display": "0", "missing_lines": 2, "excluded_lines": 0}, "missing_lines": [78, 79], "excluded_lines": []}, "CircuitBreaker.record_failure": {"executed_lines": [], "summary": {"covered_lines": 0, "num_statements": 4, "percent_covered": 0.0, "percent_covered_display": "0", "missing_lines": 4, "excluded_lines": 0}, "missing_lines": [83, 84, 85, 86], "excluded_lines": []}, "ACGSHttpClient.__init__": {"executed_lines": [96, 97, 101], "summary": {"covered_lines": 3, "num_statements": 3, "percent_covered": 100.0, "percent_covered_display": "100", "missing_lines": 0, "excluded_lines": 0}, "missing_lines": [], "excluded_lines": []}, "ACGSHttpClient.close": {"executed_lines": [], "summary": {"covered_lines": 0, "num_statements": 1, "percent_covered": 0.0, "percent_covered_display": "0", "missing_lines": 1, "excluded_lines": 0}, "missing_lines": [109], "excluded_lines": []}, "ACGSHttpClient.request": {"executed_lines": [], "summary": {"covered_lines": 0, "num_statements": 25, "percent_covered": 0.0, "percent_covered_display": "0", "missing_lines": 25, "excluded_lines": 0}, "missing_lines": [141, 142, 148, 149, 150, 152, 153, 155, 163, 166, 170, 171, 172, 173, 179, 182, 183, 185, 186, 187, 188, 191, 192, 193, 194], "excluded_lines": []}, "ServiceClient.__init__": {"executed_lines": [204, 205], "summary": {"covered_lines": 2, "num_statements": 2, "percent_covered": 100.0, "percent_covered_display": "100", "missing_lines": 0, "excluded_lines": 0}, "missing_lines": [], "excluded_lines": []}, "ServiceClient._setup_default_configs": {"executed_lines": [209, 219, 220], "summary": {"covered_lines": 3, "num_statements": 3, "percent_covered": 100.0, "percent_covered_display": "100", "missing_lines": 0, "excluded_lines": 0}, "missing_lines": [], "excluded_lines": []}, "ServiceClient.call_service": {"executed_lines": [], "summary": {"covered_lines": 0, "num_statements": 4, "percent_covered": 0.0, "percent_covered_display": "0", "missing_lines": 4, "excluded_lines": 0}, "missing_lines": [237, 238, 240, 241], "excluded_lines": []}, "ServiceClient.close_all": {"executed_lines": [], "summary": {"covered_lines": 0, "num_statements": 2, "percent_covered": 0.0, "percent_covered_display": "0", "missing_lines": 2, "excluded_lines": 0}, "missing_lines": [245, 246], "excluded_lines": []}, "get_service_client": {"executed_lines": [], "summary": {"covered_lines": 0, "num_statements": 1, "percent_covered": 0.0, "percent_covered_display": "0", "missing_lines": 1, "excluded_lines": 0}, "missing_lines": [255], "excluded_lines": []}, "": {"executed_lines": [1, 8, 9, 10, 11, 12, 14, 15, 17, 18, 20, 23, 24, 26, 27, 28, 29, 30, 31, 32, 35, 36, 37, 39, 40, 41, 42, 43, 46, 47, 49, 50, 51, 54, 55, 57, 64, 76, 81, 89, 90, 95, 107, 111, 114, 197, 198, 203, 207, 222, 243, 250, 253], "summary": {"covered_lines": 46, "num_statements": 46, "percent_covered": 100.0, "percent_covered_display": "100", "missing_lines": 0, "excluded_lines": 0}, "missing_lines": [], "excluded_lines": []}}, "classes": {"ServiceType": {"executed_lines": [], "summary": {"covered_lines": 0, "num_statements": 0, "percent_covered": 100.0, "percent_covered_display": "100", "missing_lines": 0, "excluded_lines": 0}, "missing_lines": [], "excluded_lines": []}, "ServiceConfig": {"executed_lines": [], "summary": {"covered_lines": 0, "num_statements": 0, "percent_covered": 100.0, "percent_covered_display": "100", "missing_lines": 0, "excluded_lines": 0}, "missing_lines": [], "excluded_lines": []}, "CircuitBreakerState": {"executed_lines": [], "summary": {"covered_lines": 0, "num_statements": 0, "percent_covered": 100.0, "percent_covered_display": "100", "missing_lines": 0, "excluded_lines": 0}, "missing_lines": [], "excluded_lines": []}, "CircuitBreaker": {"executed_lines": [58, 59, 60, 61, 62], "summary": {"covered_lines": 5, "num_statements": 19, "percent_covered": 26.31578947368421, "percent_covered_display": "26", "missing_lines": 14, "excluded_lines": 0}, "missing_lines": [66, 67, 68, 69, 70, 71, 72, 74, 78, 79, 83, 84, 85, 86], "excluded_lines": []}, "ACGSHttpClient": {"executed_lines": [96, 97, 101], "summary": {"covered_lines": 3, "num_statements": 29, "percent_covered": 10.344827586206897, "percent_covered_display": "10", "missing_lines": 26, "excluded_lines": 0}, "missing_lines": [109, 141, 142, 148, 149, 150, 152, 153, 155, 163, 166, 170, 171, 172, 173, 179, 182, 183, 185, 186, 187, 188, 191, 192, 193, 194], "excluded_lines": []}, "ServiceClient": {"executed_lines": [204, 205, 209, 219, 220], "summary": {"covered_lines": 5, "num_statements": 11, "percent_covered": 45.45454545454545, "percent_covered_display": "45", "missing_lines": 6, "excluded_lines": 0}, "missing_lines": [237, 238, 240, 241, 245, 246], "excluded_lines": []}, "": {"executed_lines": [1, 8, 9, 10, 11, 12, 14, 15, 17, 18, 20, 23, 24, 26, 27, 28, 29, 30, 31, 32, 35, 36, 37, 39, 40, 41, 42, 43, 46, 47, 49, 50, 51, 54, 55, 57, 64, 76, 81, 89, 90, 95, 107, 111, 114, 197, 198, 203, 207, 222, 243, 250, 253], "summary": {"covered_lines": 46, "num_statements": 47, "percent_covered": 97.87234042553192, "percent_covered_display": "98", "missing_lines": 1, "excluded_lines": 0}, "missing_lines": [255], "excluded_lines": []}}}, "services/shared/common/validation.py": {"executed_lines": [1, 8, 9, 10, 11, 12, 14, 15, 17, 20, 21, 23, 30, 31, 33, 40, 45, 50, 75, 96, 132, 169, 198, 233, 263, 294, 327], "summary": {"covered_lines": 24, "num_statements": 116, "percent_covered": 20.689655172413794, "percent_covered_display": "21", "missing_lines": 92, "excluded_lines": 0}, "missing_lines": [24, 25, 26, 27, 36, 37, 38, 42, 43, 47, 64, 65, 66, 67, 68, 88, 89, 90, 93, 109, 110, 116, 117, 121, 122, 123, 129, 142, 144, 145, 146, 148, 149, 151, 152, 154, 155, 157, 158, 160, 161, 163, 164, 166, 182, 184, 185, 186, 188, 189, 190, 191, 192, 193, 195, 215, 216, 220, 221, 225, 226, 230, 247, 248, 249, 250, 251, 252, 253, 254, 256, 276, 277, 279, 280, 282, 283, 286, 287, 289, 307, 317, 318, 324, 340, 341, 343, 344, 345, 346, 347, 353], "excluded_lines": [], "functions": {"ValidationError.__init__": {"executed_lines": [], "summary": {"covered_lines": 0, "num_statements": 4, "percent_covered": 0.0, "percent_covered_display": "0", "missing_lines": 4, "excluded_lines": 0}, "missing_lines": [24, 25, 26, 27], "excluded_lines": []}, "ValidationResult.__init__": {"executed_lines": [], "summary": {"covered_lines": 0, "num_statements": 3, "percent_covered": 0.0, "percent_covered_display": "0", "missing_lines": 3, "excluded_lines": 0}, "missing_lines": [36, 37, 38], "excluded_lines": []}, "ValidationResult.add_error": {"executed_lines": [], "summary": {"covered_lines": 0, "num_statements": 2, "percent_covered": 0.0, "percent_covered_display": "0", "missing_lines": 2, "excluded_lines": 0}, "missing_lines": [42, 43], "excluded_lines": []}, "ValidationResult.add_warning": {"executed_lines": [], "summary": {"covered_lines": 0, "num_statements": 1, "percent_covered": 0.0, "percent_covered_display": "0", "missing_lines": 1, "excluded_lines": 0}, "missing_lines": [47], "excluded_lines": []}, "validate_uuid": {"executed_lines": [], "summary": {"covered_lines": 0, "num_statements": 5, "percent_covered": 0.0, "percent_covered_display": "0", "missing_lines": 5, "excluded_lines": 0}, "missing_lines": [64, 65, 66, 67, 68], "excluded_lines": []}, "validate_email": {"executed_lines": [], "summary": {"covered_lines": 0, "num_statements": 4, "percent_covered": 0.0, "percent_covered_display": "0", "missing_lines": 4, "excluded_lines": 0}, "missing_lines": [88, 89, 90, 93], "excluded_lines": []}, "validate_username": {"executed_lines": [], "summary": {"covered_lines": 0, "num_statements": 8, "percent_covered": 0.0, "percent_covered_display": "0", "missing_lines": 8, "excluded_lines": 0}, "missing_lines": [109, 110, 116, 117, 121, 122, 123, 129], "excluded_lines": []}, "validate_password": {"executed_lines": [], "summary": {"covered_lines": 0, "num_statements": 17, "percent_covered": 0.0, "percent_covered_display": "0", "missing_lines": 17, "excluded_lines": 0}, "missing_lines": [142, 144, 145, 146, 148, 149, 151, 152, 154, 155, 157, 158, 160, 161, 163, 164, 166], "excluded_lines": []}, "validate_json_data": {"executed_lines": [], "summary": {"covered_lines": 0, "num_statements": 11, "percent_covered": 0.0, "percent_covered_display": "0", "missing_lines": 11, "excluded_lines": 0}, "missing_lines": [182, 184, 185, 186, 188, 189, 190, 191, 192, 193, 195], "excluded_lines": []}, "validate_pagination_params": {"executed_lines": [], "summary": {"covered_lines": 0, "num_statements": 7, "percent_covered": 0.0, "percent_covered_display": "0", "missing_lines": 7, "excluded_lines": 0}, "missing_lines": [215, 216, 220, 221, 225, 226, 230], "excluded_lines": []}, "validate_request": {"executed_lines": [], "summary": {"covered_lines": 0, "num_statements": 9, "percent_covered": 0.0, "percent_covered_display": "0", "missing_lines": 9, "excluded_lines": 0}, "missing_lines": [247, 248, 249, 250, 251, 252, 253, 254, 256], "excluded_lines": []}, "validate_response": {"executed_lines": [], "summary": {"covered_lines": 0, "num_statements": 9, "percent_covered": 0.0, "percent_covered_display": "0", "missing_lines": 9, "excluded_lines": 0}, "missing_lines": [276, 277, 279, 280, 282, 283, 286, 287, 289], "excluded_lines": []}, "validate_service_name": {"executed_lines": [], "summary": {"covered_lines": 0, "num_statements": 4, "percent_covered": 0.0, "percent_covered_display": "0", "missing_lines": 4, "excluded_lines": 0}, "missing_lines": [307, 317, 318, 324], "excluded_lines": []}, "validate_timestamp": {"executed_lines": [], "summary": {"covered_lines": 0, "num_statements": 8, "percent_covered": 0.0, "percent_covered_display": "0", "missing_lines": 8, "excluded_lines": 0}, "missing_lines": [340, 341, 343, 344, 345, 346, 347, 353], "excluded_lines": []}, "": {"executed_lines": [1, 8, 9, 10, 11, 12, 14, 15, 17, 20, 21, 23, 30, 31, 33, 40, 45, 50, 75, 96, 132, 169, 198, 233, 263, 294, 327], "summary": {"covered_lines": 24, "num_statements": 24, "percent_covered": 100.0, "percent_covered_display": "100", "missing_lines": 0, "excluded_lines": 0}, "missing_lines": [], "excluded_lines": []}}, "classes": {"ValidationError": {"executed_lines": [], "summary": {"covered_lines": 0, "num_statements": 4, "percent_covered": 0.0, "percent_covered_display": "0", "missing_lines": 4, "excluded_lines": 0}, "missing_lines": [24, 25, 26, 27], "excluded_lines": []}, "ValidationResult": {"executed_lines": [], "summary": {"covered_lines": 0, "num_statements": 6, "percent_covered": 0.0, "percent_covered_display": "0", "missing_lines": 6, "excluded_lines": 0}, "missing_lines": [36, 37, 38, 42, 43, 47], "excluded_lines": []}, "": {"executed_lines": [1, 8, 9, 10, 11, 12, 14, 15, 17, 20, 21, 23, 30, 31, 33, 40, 45, 50, 75, 96, 132, 169, 198, 233, 263, 294, 327], "summary": {"covered_lines": 24, "num_statements": 106, "percent_covered": 22.641509433962263, "percent_covered_display": "23", "missing_lines": 82, "excluded_lines": 0}, "missing_lines": [64, 65, 66, 67, 68, 88, 89, 90, 93, 109, 110, 116, 117, 121, 122, 123, 129, 142, 144, 145, 146, 148, 149, 151, 152, 154, 155, 157, 158, 160, 161, 163, 164, 166, 182, 184, 185, 186, 188, 189, 190, 191, 192, 193, 195, 215, 216, 220, 221, 225, 226, 230, 247, 248, 249, 250, 251, 252, 253, 254, 256, 276, 277, 279, 280, 282, 283, 286, 287, 289, 307, 317, 318, 324, 340, 341, 343, 344, 345, 346, 347, 353], "excluded_lines": []}}}, "services/shared/config/__init__.py": {"executed_lines": [], "summary": {"covered_lines": 0, "num_statements": 0, "percent_covered": 100.0, "percent_covered_display": "100", "missing_lines": 0, "excluded_lines": 0}, "missing_lines": [], "excluded_lines": [], "functions": {"": {"executed_lines": [], "summary": {"covered_lines": 0, "num_statements": 0, "percent_covered": 100.0, "percent_covered_display": "100", "missing_lines": 0, "excluded_lines": 0}, "missing_lines": [], "excluded_lines": []}}, "classes": {"": {"executed_line
[...]
ent_covered_display": "0", "missing_lines": 6, "excluded_lines": 0}, "missing_lines": [562, 563, 565, 571, 572, 574], "excluded_lines": []}, "WINAPerformanceCollector._calculate_svd_transformation_summary": {"executed_lines": [], "summary": {"covered_lines": 0, "num_statements": 6, "percent_covered": 0.0, "percent_covered_display": "0", "missing_lines": 6, "excluded_lines": 0}, "missing_lines": [591, 592, 594, 600, 601, 603], "excluded_lines": []}, "WINAPerformanceCollector._calculate_dynamic_gating_summary": {"executed_lines": [], "summary": {"covered_lines": 0, "num_statements": 6, "percent_covered": 0.0, "percent_covered_display": "0", "missing_lines": 6, "excluded_lines": 0}, "missing_lines": [622, 623, 625, 631, 632, 634], "excluded_lines": []}, "WINAPerformanceCollector._calculate_constitutional_compliance_summary": {"executed_lines": [], "summary": {"covered_lines": 0, "num_statements": 6, "percent_covered": 0.0, "percent_covered_display": "0", "missing_lines": 6, "excluded_lines": 0}, "missing_lines": [651, 652, 654, 660, 661, 663], "excluded_lines": []}, "WINAPerformanceCollector._calculate_learning_feedback_summary": {"executed_lines": [], "summary": {"covered_lines": 0, "num_statements": 6, "percent_covered": 0.0, "percent_covered_display": "0", "missing_lines": 6, "excluded_lines": 0}, "missing_lines": [682, 683, 685, 691, 692, 694], "excluded_lines": []}, "WINAPerformanceCollector._calculate_integration_performance_summary": {"executed_lines": [], "summary": {"covered_lines": 0, "num_statements": 6, "percent_covered": 0.0, "percent_covered_display": "0", "missing_lines": 6, "excluded_lines": 0}, "missing_lines": [711, 712, 714, 720, 721, 723], "excluded_lines": []}, "WINAPerformanceCollector._calculate_system_health_summary": {"executed_lines": [], "summary": {"covered_lines": 0, "num_statements": 13, "percent_covered": 0.0, "percent_covered_display": "0", "missing_lines": 13, "excluded_lines": 0}, "missing_lines": [747, 748, 750, 756, 757, 759, 760, 762, 763, 764, 765, 766, 768], "excluded_lines": []}, "WINAPerformanceCollector._calculate_overall_performance_summary": {"executed_lines": [], "summary": {"covered_lines": 0, "num_statements": 14, "percent_covered": 0.0, "percent_covered_display": "0", "missing_lines": 14, "excluded_lines": 0}, "missing_lines": [780, 782, 783, 784, 792, 800, 805, 806, 807, 816, 822, 831, 832, 833], "excluded_lines": []}, "WINAPerformanceCollector._check_performance_alerts": {"executed_lines": [], "summary": {"covered_lines": 0, "num_statements": 18, "percent_covered": 0.0, "percent_covered_display": "0", "missing_lines": 18, "excluded_lines": 0}, "missing_lines": [844, 845, 846, 849, 850, 852, 853, 866, 867, 868, 881, 882, 883, 895, 896, 897, 899, 900], "excluded_lines": []}, "WINAPerformanceCollector._update_prometheus_metrics": {"executed_lines": [], "summary": {"covered_lines": 0, "num_statements": 9, "percent_covered": 0.0, "percent_covered_display": "0", "missing_lines": 9, "excluded_lines": 0}, "missing_lines": [904, 905, 907, 908, 911, 912, 916, 920, 921], "excluded_lines": []}, "WINAPerformanceCollector.get_real_time_metrics": {"executed_lines": [], "summary": {"covered_lines": 0, "num_statements": 1, "percent_covered": 0.0, "percent_covered_display": "0", "missing_lines": 1, "excluded_lines": 0}, "missing_lines": [925], "excluded_lines": []}, "WINAPerformanceCollector.get_performance_report": {"executed_lines": [], "summary": {"covered_lines": 0, "num_statements": 19, "percent_covered": 0.0, "percent_covered_display": "0", "missing_lines": 19, "excluded_lines": 0}, "missing_lines": [940, 941, 942, 943, 945, 947, 952, 957, 962, 967, 972, 979, 984, 988, 1009, 1010, 1012, 1013, 1014], "excluded_lines": []}, "WINAPerformanceCollector._filter_metrics_by_time_range": {"executed_lines": [], "summary": {"covered_lines": 0, "num_statements": 1, "percent_covered": 0.0, "percent_covered_display": "0", "missing_lines": 1, "excluded_lines": 0}, "missing_lines": [1020], "excluded_lines": []}, "WINAPerformanceCollector._calculate_report_overall_metrics": {"executed_lines": [], "summary": {"covered_lines": 0, "num_statements": 15, "percent_covered": 0.0, "percent_covered_display": "0", "missing_lines": 15, "excluded_lines": 0}, "missing_lines": [1062, 1064, 1065, 1069, 1073, 1076, 1079, 1080, 1081, 1087, 1092, 1098, 1106, 1107, 1108], "excluded_lines": []}, "WINAPerformanceCollector._calculate_report_component_metrics": {"executed_lines": [], "summary": {"covered_lines": 0, "num_statements": 11, "percent_covered": 0.0, "percent_covered_display": "0", "missing_lines": 11, "excluded_lines": 0}, "missing_lines": [1120, 1122, 1124, 1125, 1143, 1144, 1163, 1164, 1179, 1180, 1182], "excluded_lines": []}, "WINAPerformanceCollector._calculate_report_integration_metrics": {"executed_lines": [], "summary": {"covered_lines": 0, "num_statements": 7, "percent_covered": 0.0, "percent_covered_display": "0", "missing_lines": 7, "excluded_lines": 0}, "missing_lines": [1188, 1189, 1190, 1192, 1215, 1216, 1217], "excluded_lines": []}, "WINAPerformanceCollector._calculate_report_health_metrics": {"executed_lines": [], "summary": {"covered_lines": 0, "num_statements": 8, "percent_covered": 0.0, "percent_covered_display": "0", "missing_lines": 8, "excluded_lines": 0}, "missing_lines": [1223, 1224, 1225, 1227, 1233, 1254, 1255, 1256], "excluded_lines": []}, "WINAPerformanceCollector._generate_performance_recommendations": {"executed_lines": [], "summary": {"covered_lines": 0, "num_statements": 22, "percent_covered": 0.0, "percent_covered_display": "0", "missing_lines": 22, "excluded_lines": 0}, "missing_lines": [1265, 1267, 1269, 1270, 1271, 1274, 1275, 1280, 1281, 1282, 1287, 1288, 1291, 1292, 1297, 1298, 1302, 1303, 1305, 1306, 1307, 1311], "excluded_lines": []}, "WINAPerformanceCollector._calculate_performance_trends": {"executed_lines": [], "summary": {"covered_lines": 0, "num_statements": 14, "percent_covered": 0.0, "percent_covered_display": "0", "missing_lines": 14, "excluded_lines": 0}, "missing_lines": [1320, 1321, 1324, 1325, 1329, 1330, 1348, 1349, 1353, 1354, 1371, 1373, 1374, 1375], "excluded_lines": []}, "WINAPerformanceCollector.get_prometheus_metrics": {"executed_lines": [], "summary": {"covered_lines": 0, "num_statements": 3, "percent_covered": 0.0, "percent_covered_display": "0", "missing_lines": 3, "excluded_lines": 0}, "missing_lines": [1379, 1380, 1382], "excluded_lines": []}, "get_wina_performance_collector": {"executed_lines": [], "summary": {"covered_lines": 0, "num_statements": 5, "percent_covered": 0.0, "percent_covered_display": "0", "missing_lines": 5, "excluded_lines": 0}, "missing_lines": [1393, 1394, 1395, 1396, 1398], "excluded_lines": []}, "close_wina_performance_collector": {"executed_lines": [], "summary": {"covered_lines": 0, "num_statements": 4, "percent_covered": 0.0, "percent_covered_display": "0", "missing_lines": 4, "excluded_lines": 0}, "missing_lines": [1404, 1405, 1406, 1407], "excluded_lines": []}, "": {"executed_lines": [1, 17, 18, 19, 20, 21, 22, 23, 24, 26, 27, 35, 39, 41, 44, 45, 47, 48, 49, 50, 53, 54, 56, 57, 58, 59, 60, 61, 62, 63, 64, 67, 68, 69, 71, 72, 73, 74, 75, 76, 77, 78, 79, 80, 83, 84, 85, 87, 88, 89, 90, 91, 92, 93, 94, 95, 98, 99, 100, 102, 103, 104, 105, 106, 107, 108, 109, 110, 111, 114, 115, 116, 118, 119, 120, 121, 122, 123, 124, 125, 126, 129, 130, 131, 133, 134, 135, 136, 137, 138, 139, 140, 141, 144, 145, 146, 148, 149, 150, 151, 152, 153, 154, 155, 156, 157, 161, 164, 165, 166, 168, 169, 170, 171, 172, 173, 174, 175, 176, 179, 180, 181, 183, 184, 185, 186, 187, 188, 189, 190, 191, 192, 193, 194, 195, 196, 199, 200, 207, 250, 333, 345, 350, 363, 384, 405, 424, 447, 462, 481, 506, 539, 560, 589, 620, 649, 680, 709, 745, 778, 842, 902, 923, 927, 1016, 1058, 1116, 1184, 1219, 1258, 1313, 1377, 1386, 1389, 1401], "summary": {"covered_lines": 163, "num_statements": 165, "percent_covered": 98.78787878787878, "percent_covered_display": "99", "missing_lines": 2, "excluded_lines": 0}, "missing_lines": [36, 37], "excluded_lines": []}}, "classes": {"WINAMonitoringLevel": {"executed_lines": [], "summary": {"covered_lines": 0, "num_statements": 0, "percent_covered": 100.0, "percent_covered_display": "100", "missing_lines": 0, "excluded_lines": 0}, "missing_lines": [], "excluded_lines": []}, "WINAComponentType": {"executed_lines": [], "summary": {"covered_lines": 0, "num_statements": 0, "percent_covered": 100.0, "percent_covered_display": "100", "missing_lines": 0, "excluded_lines": 0}, "missing_lines": [], "excluded_lines": []}, "WINANeuronActivationMetrics": {"executed_lines": [], "summary": {"covered_lines": 0, "num_statements": 0, "percent_covered": 100.0, "percent_covered_display": "100", "missing_lines": 0, "excluded_lines": 0}, "missing_lines": [], "excluded_lines": []}, "WINASVDTransformationMetrics": {"executed_lines": [], "summary": {"covered_lines": 0, "num_statements": 0, "percent_covered": 100.0, "percent_covered_display": "100", "missing_lines": 0, "excluded_lines": 0}, "missing_lines": [], "excluded_lines": []}, "WINADynamicGatingMetrics": {"executed_lines": [], "summary": {"covered_lines": 0, "num_statements": 0, "percent_covered": 100.0, "percent_covered_display": "100", "missing_lines": 0, "excluded_lines": 0}, "missing_lines": [], "excluded_lines": []}, "WINAConstitutionalComplianceMetrics": {"executed_lines": [], "summary": {"covered_lines": 0, "num_statements": 0, "percent_covered": 100.0, "percent_covered_display": "100", "missing_lines": 0, "excluded_lines": 0}, "missing_lines": [], "excluded_lines": []}, "WINALearningFeedbackMetrics": {"executed_lines": [], "summary": {"covered_lines": 0, "num_statements": 0, "percent_covered": 100.0, "percent_covered_display": "100", "missing_lines": 0, "excluded_lines": 0}, "missing_lines": [], "excluded_lines": []}, "WINAIntegrationMetrics": {"executed_lines": [], "summary": {"covered_lines": 0, "num_statements": 0, "percent_covered": 100.0, "percent_covered_display": "100", "missing_lines": 0, "excluded_lines": 0}, "missing_lines": [], "excluded_lines": []}, "WINASystemHealthMetrics": {"executed_lines": [], "summary": {"covered_lines": 0, "num_statements": 0, "percent_covered": 100.0, "percent_covered_display": "100", "missing_lines": 0, "excluded_lines": 0}, "missing_lines": [], "excluded_lines": []}, "WINAPerformanceReport": {"executed_lines": [], "summary": {"covered_lines": 0, "num_statements": 0, "percent_covered": 100.0, "percent_covered_display": "100", "missing_lines": 0, "excluded_lines": 0}, "missing_lines": [], "excluded_lines": []}, "WINAPerformanceCollector": {"executed_lines": [], "summary": {"covered_lines": 0, "num_statements": 300, "percent_covered": 0.0, "percent_covered_display": "0", "missing_lines": 300, "excluded_lines": 0}, "missing_lines": [216, 219, 220, 221, 222, 223, 224, 225, 228, 233, 234, 237, 238, 239, 242, 243, 244, 246, 252, 253, 255, 331, 335, 336, 337, 339, 340, 343, 347, 348, 352, 353, 354, 355, 356, 357, 359, 360, 361, 367, 368, 371, 372, 376, 380, 381, 382, 388, 389, 392, 393, 397, 401, 402, 403, 409, 410, 413, 414, 418, 420, 421, 422, 428, 429, 432, 433, 437, 441, 442, 443, 451, 452, 454, 458, 459, 460, 464, 465, 468, 469, 473, 477, 478, 479, 485, 486, 489, 490, 493, 496, 500, 502, 503, 504, 514, 516, 517, 521, 526, 532, 534, 536, 537, 541, 542, 545, 557, 558, 562, 563, 565, 571, 572, 574, 591, 592, 594, 600, 601, 603, 622, 623, 625, 631, 632, 634, 651, 652, 654, 660, 661, 663, 682, 683, 685, 691, 692, 694, 711, 712, 714, 720, 721, 723, 747, 748, 750, 756, 757, 759, 760, 762, 763, 764, 765, 766, 768, 780, 782, 783, 784, 792, 800, 805, 806, 807, 816, 822, 831, 832, 833, 844, 845, 846, 849, 850, 852, 853, 866, 867, 868, 881, 882, 883, 895, 896, 897, 899, 900, 904, 905, 907, 908, 911, 912, 916, 920, 921, 925, 940, 941, 942, 943, 945, 947, 952, 957, 962, 967, 972, 979, 984, 988, 1009, 1010, 1012, 1013, 1014, 1020, 1062, 1064, 1065, 1069, 1073, 1076, 1079, 1080, 1081, 1087, 1092, 1098, 1106, 1107, 1108, 1120, 1122, 1124, 1125, 1143, 1144, 1163, 1164, 1179, 1180, 1182, 1188, 1189, 1190, 1192, 1215, 1216, 1217, 1223, 1224, 1225, 1227, 1233, 1254, 1255, 1256, 1265, 1267, 1269, 1270, 1271, 1274, 1275, 1280, 1281, 1282, 1287, 1288, 1291, 1292, 1297, 1298, 1302, 1303, 1305, 1306, 1307, 1311, 1320, 1321, 1324, 1325, 1329, 1330, 1348, 1349, 1353, 1354, 1371, 1373, 1374, 1375, 1379, 1380, 1382], "excluded_lines": []}, "": {"executed_lines": [1, 17, 18, 19, 20, 21, 22, 23, 24, 26, 27, 35, 39, 41, 44, 45, 47, 48, 49, 50, 53, 54, 56, 57, 58, 59, 60, 61, 62, 63, 64, 67, 68, 69, 71, 72, 73, 74, 75, 76, 77, 78, 79, 80, 83, 84, 85, 87, 88, 89, 90, 91, 92, 93, 94, 95, 98, 99, 100, 102, 103, 104, 105, 106, 107, 108, 109, 110, 111, 114, 115, 116, 118, 119, 120, 121, 122, 123, 124, 125, 126, 129, 130, 131, 133, 134, 135, 136, 137, 138, 139, 140, 141, 144, 145, 146, 148, 149, 150, 151, 152, 153, 154, 155, 156, 157, 161, 164, 165, 166, 168, 169, 170, 171, 172, 173, 174, 175, 176, 179, 180, 181, 183, 184, 185, 186, 187, 188, 189, 190, 191, 192, 193, 194, 195, 196, 199, 200, 207, 250, 333, 345, 350, 363, 384, 405, 424, 447, 462, 481, 506, 539, 560, 589, 620, 649, 680, 709, 745, 778, 842, 902, 923, 927, 1016, 1058, 1116, 1184, 1219, 1258, 1313, 1377, 1386, 1389, 1401], "summary": {"covered_lines": 163, "num_statements": 174, "percent_covered": 93.67816091954023, "percent_covered_display": "94", "missing_lines": 11, "excluded_lines": 0}, "missing_lines": [36, 37, 1393, 1394, 1395, 1396, 1398, 1404, 1405, 1406, 1407], "excluded_lines": []}}}, "services/shared/wina/svd_transformation.py": {"executed_lines": [1, 8, 9, 10, 11, 13, 14, 16, 17, 19, 22, 23, 24, 39, 40, 41, 42, 43, 44, 45, 46, 47, 50, 51, 59, 73, 169, 243, 277, 335, 372, 378, 379, 387, 399, 444], "summary": {"covered_lines": 32, "num_statements": 149, "percent_covered": 21.476510067114095, "percent_covered_display": "21", "missing_lines": 117, "excluded_lines": 0}, "missing_lines": [66, 67, 69, 91, 94, 95, 96, 98, 100, 101, 106, 109, 112, 113, 114, 116, 119, 120, 121, 124, 127, 128, 131, 132, 135, 136, 139, 141, 154, 155, 157, 163, 165, 166, 167, 186, 188, 189, 193, 204, 207, 208, 211, 212, 213, 216, 221, 223, 232, 237, 239, 240, 241, 250, 251, 253, 254, 258, 259, 262, 263, 265, 266, 269, 270, 271, 273, 298, 300, 303, 304, 307, 308, 313, 314, 318, 329, 331, 332, 333, 342, 343, 345, 347, 370, 374, 375, 394, 395, 397, 411, 413, 415, 416, 417, 420, 423, 429, 430, 435, 436, 437, 441, 442, 456, 458, 459, 461, 464, 479, 480, 482, 483, 487, 488, 489, 491], "excluded_lines": [], "functions": {"SVDTransformation.__init__": {"executed_lines": [], "summary": {"covered_lines": 0, "num_statements": 3, "percent_covered": 0.0, "percent_covered_display": "0", "missing_lines": 3, "excluded_lines": 0}, "missing_lines": [66, 67, 69], "excluded_lines": []}, "SVDTransformation.transform_weight_matrix": {"executed_lines": [], "summary": {"covered_lines": 0, "num_statements": 32, "percent_covered": 0.0, "percent_covered_display": "0", "missing_lines": 32, "excluded_lines": 0}, "missing_lines": [91, 94, 95, 96, 98, 100, 101, 106, 109, 112, 113, 114, 116, 119, 120, 121, 124, 127, 128, 131, 132, 135, 136, 139, 141, 154, 155, 157, 163, 165, 166, 167], "excluded_lines": []}, "SVDTransformation.verify_computational_invariance": {"executed_lines": [], "summary": {"covered_lines": 0, "num_statements": 18, "percent_covered": 0.0, "percent_covered_display": "0", "missing_lines": 18, "excluded_lines": 0}, "missing_lines": [186, 188, 189, 193, 204, 207, 208, 211, 212, 213, 216, 221, 223, 232, 237, 239, 240, 241], "excluded_lines": []}, "SVDTransformation._validate_input_matrix": {"executed_lines": [], "summary": {"covered_lines": 0, "num_statements": 14, "percent_covered": 0.0, "percent_covered_display": "0", "missing_lines": 14, "excluded_lines": 0}, "missing_lines": [250, 251, 253, 254, 258, 259, 262, 263, 265, 266, 269, 270, 271, 273], "excluded_lines": []}, "SVDTransformation._assess_numerical_stability": {"executed_lines": [], "summary": {"covered_lines": 0, "num_statements": 13, "percent_covered": 0.0, "percent_covered_display": "0", "missing_lines": 13, "excluded_lines": 0}, "missing_lines": [298, 300, 303, 304, 307, 308, 313, 314, 318, 329, 331, 332, 333], "excluded_lines": []}, "SVDTransformation.get_transformation_statistics": {"executed_lines": [], "summary": {"covered_lines": 0, "num_statements": 5, "percent_covered": 0.0, "percent_covered_display": "0", "missing_lines": 5, "excluded_lines": 0}, "missing_lines": [342, 343, 345, 347, 370], "excluded_lines": []}, "SVDTransformation.clear_cache": {"executed_lines": [], "summary": {"covered_lines": 0, "num_statements": 2, "percent_covered": 0.0, "percent_covered_display": "0", "missing_lines": 2, "excluded_lines": 0}, "missing_lines": [374, 375], "excluded_lines": []}, "OrthogonalityProtocol.__init__": {"executed_lines": [], "summary": {"covered_lines": 0, "num_statements": 3, "percent_covered": 0.0, "percent_covered_display": "0", "missing_lines": 3, "excluded_lines": 0}, "missing_lines": [394, 395, 397], "excluded_lines": []}, "OrthogonalityProtocol.apply_protocol": {"executed_lines": [], "summary": {"covered_lines": 0, "num_statements": 14, "percent_covered": 0.0, "percent_covered_display": "0", "missing_lines": 14, "excluded_lines": 0}, "missing_lines": [411, 413, 415, 416, 417, 420, 423, 429, 430, 435, 436, 437, 441, 442], "excluded_lines": []}, "OrthogonalityProtocol.validate_protocol_compliance": {"executed_lines": [], "summary": {"covered_lines": 0, "num_statements": 13, "percent_covered": 0.0, "percent_covered_display": "0", "missing_lines": 13, "excluded_lines": 0}, "missing_lines": [456, 458, 459, 461, 464, 479, 480, 482, 483, 487, 488, 489, 491], "excluded_lines": []}, "": {"executed_lines": [1, 8, 9, 10, 11, 13, 14, 16, 17, 19, 22, 23, 24, 39, 40, 41, 42, 43, 44, 45, 46, 47, 50, 51, 59, 73, 169, 243, 277, 335, 372, 378, 379, 387, 399, 444], "summary": {"covered_lines": 32, "num_statements": 32, "percent_covered": 100.0, "percent_covered_display": "100", "missing_lines": 0, "excluded_lines": 0}, "missing_lines": [], "excluded_lines": []}}, "classes": {"SVDTransformationResult": {"executed_lines": [], "summary": {"covered_lines": 0, "num_statements": 0, "percent_covered": 100.0, "percent_covered_display": "100", "missing_lines": 0, "excluded_lines": 0}, "missing_lines": [], "excluded_lines": []}, "SVDTransformation": {"executed_lines": [], "summary": {"covered_lines": 0, "num_statements": 87, "percent_covered": 0.0, "percent_covered_display": "0", "missing_lines": 87, "excluded_lines": 0}, "missing_lines": [66, 67, 69, 91, 94, 95, 96, 98, 100, 101, 106, 109, 112, 113, 114, 116, 119, 120, 121, 124, 127, 128, 131, 132, 135, 136, 139, 141, 154, 155, 157, 163, 165, 166, 167, 186, 188, 189, 193, 204, 207, 208, 211, 212, 213, 216, 221, 223, 232, 237, 239, 240, 241, 250, 251, 253, 254, 258, 259, 262, 263, 265, 266, 269, 270, 271, 273, 298, 300, 303, 304, 307, 308, 313, 314, 318, 329, 331, 332, 333, 342, 343, 345, 347, 370, 374, 375], "excluded_lines": []}, "OrthogonalityProtocol": {"executed_lines": [], "summary": {"covered_lines": 0, "num_statements": 30, "percent_covered": 0.0, "percent_covered_display": "0", "missing_lines": 30, "excluded_lines": 0}, "missing_lines": [394, 395, 397, 411, 413, 415, 416, 417, 420, 423, 429, 430, 435, 436, 437, 441, 442, 456, 458, 459, 461, 464, 479, 480, 482, 483, 487, 488, 489, 491], "excluded_lines": []}, "": {"executed_lines": [1, 8, 9, 10, 11, 13, 14, 16, 17, 19, 22, 23, 24, 39, 40, 41, 42, 43, 44, 45, 46, 47, 50, 51, 59, 73, 169, 243, 277, 335, 372, 378, 379, 387, 399, 444], "summary": {"covered_lines": 32, "num_statements": 32, "percent_covered": 100.0, "percent_covered_display": "100", "missing_lines": 0, "excluded_lines": 0}, "missing_lines": [], "excluded_lines": []}}}}, "totals": {"covered_lines": 2201, "num_statements": 12662, "percent_covered": 17.382719949455062, "percent_covered_display": "17", "missing_lines": 10461, "excluded_lines": 287}}