{
  "timestamp": "2025-06-15T00:41:18.462656",
  "phase": "Phase 3: Functionality Validation",
  "service_health": {
    "auth_service": {
      "status": "healthy",
      "response_time_ms": 27.67,
      "port": 8000,
      "health_data": {
        "status": "ok",
        "message": "Auth Service is operational."
      }
    },
    "ac_service": {
      "status": "healthy",
      "response_time_ms": 2.6,
      "port": 8001,
      "health_data": {
        "status": "healthy",
        "service": "ac_service_production",
        "version": "3.0.0",
        "port": 8001,
        "timestamp": 1749962511.891128,
        "enhanced_services": false,
        "services": {
          "compliance_engine": false,
          "violation_detector": false,
          "audit_logger": false,
          "fv_client": false
        },
        "performance": {
          "response_time_target": "<100ms for compliance checks",
          "accuracy_target": ">99% constitutional compliance detection",
          "availability_target": ">99.9%"
        }
      }
    },
    "integrity_service": {
      "status": "healthy",
      "response_time_ms": 3.14,
      "port": 8002,
      "health_data": {
        "status": "healthy",
        "service": "integrity_service",
        "version": "3.0.0",
        "port": 8002,
        "timestamp": "2025-06-15T04:41:51.893572+00:00",
        "uptime_seconds": 145971.77249264717,
        "dependencies": {
          "database": "connected",
          "crypto_service": "operational",
          "pgp_service": "operational"
        },
        "performance_metrics": {
          "uptime_seconds": 145971.77249264717,
          "routers_available": false,
          "api_endpoints": 3
        }
      }
    },
    "fv_service": {
      "status": "unreachable",
      "port": 8003,
      "error": "Cannot connect to host localhost:8003 ssl:default [Connect call failed ('127.0.0.1', 8003)]"
    },
    "gs_service": {
      "status": "unreachable",
      "port": 8004,
      "error": "Cannot connect to host localhost:8004 ssl:default [Connect call failed ('127.0.0.1', 8004)]"
    },
    "pgc_service": {
      "status": "unreachable",
      "port": 8005,
      "error": "Cannot connect to host localhost:8005 ssl:default [Connect call failed ('127.0.0.1', 8005)]"
    },
    "ec_service": {
      "status": "healthy",
      "response_time_ms": 4.33,
      "port": 8006,
      "health_data": {
        "status": "healthy",
        "service": "evolutionary_computation",
        "timestamp": "2025-06-15T04:41:51.899852",
        "version": "v1",
        "wina_coordinator": "disabled",
        "features": {
          "wina_optimization": false,
          "constitutional_oversight": true,
          "alphaevolve_integration": true,
          "performance_monitoring": true,
          "wina_performance_api": true,
          "real_time_metrics": true,
          "performance_dashboard": true
        },
        "performance_monitoring": {
          "collector_available": false,
          "monitoring_active": false,
          "monitoring_level": "unknown"
        }
      }
    }
  },
  "governance_workflows": {
    "Policy Creation": {
      "status": "failed",
      "endpoint": "/api/v1/governance/policy-creation",
      "error": "Cannot connect to host localhost:8005 ssl:default [Connect call failed ('127.0.0.1', 8005)]"
    },
    "Constitutional Compliance": {
      "status": "failed",
      "endpoint": "/api/v1/governance/constitutional-compliance",
      "error": "Cannot connect to host localhost:8005 ssl:default [Connect call failed ('127.0.0.1', 8005)]"
    },
    "Policy Enforcement": {
      "status": "failed",
      "endpoint": "/api/v1/governance/policy-enforcement",
      "error": "Cannot connect to host localhost:8005 ssl:default [Connect call failed ('127.0.0.1', 8005)]"
    },
    "WINA Oversight": {
      "status": "failed",
      "endpoint": "/api/v1/governance/wina-oversight",
      "error": "Cannot connect to host localhost:8005 ssl:default [Connect call failed ('127.0.0.1', 8005)]"
    },
    "Audit/Transparency": {
      "status": "failed",
      "endpoint": "/api/v1/governance/audit-transparency",
      "error": "Cannot connect to host localhost:8005 ssl:default [Connect call failed ('127.0.0.1', 8005)]"
    }
  },
  "blockchain_status": {
    "quantumagi_deployment": "present",
    "anchor_programs": [
      "logging",
      "quantumagi-core",
      "appeals"
    ],
    "build_status": "success"
  },
  "test_results": {
    "python_unit_tests": {
      "status": "failed",
      "output": "============================= test session starts ==============================\nplatform linux -- Python 3.12.3, pytest-8.4.0, pluggy-1.6.0 -- /home/dislove/ACGS-1/venv/bin/python\ncachedir: .pytest_cache\nbenchmark: 5.1.0 (defaults: timer=time.perf_counter disable_gc=False min_rounds=5 min_time=0.000005 max_time=1.0 calibration_precision=10 warmup=False warmup_iterations=100000)\nhypothesis profile 'default' -> database=DirectoryBasedExampleDatabase(PosixPath('/home/dislove/ACGS-1/.hypothesis/examples'))\nmetadata: {'Python': '3.12.3', 'Platform': 'Linux-6.8.0-60-generic-x86_64-with-glibc2.39', 'Packages': {'pytest': '8.4.0', 'pluggy': '1.6.0'}, 'Plugins': {'pytest_httpserver': '1.1.3', 'anyio': '3.7.1', 'asyncio': '0.23.8', 'trio': '0.8.0', 'timeout': '2.4.0', 'cov': '4.1.0', 'postgresql': '5.0.0', 'benchmark': '5.1.0', 'html': '4.1.1', 'hypothesis': '6.88.1', 'mock': '3.14.1', 'sugar': '0.9.7', 'clarity': '1.0.1', 'requests-mock': '1.11.0', 'json-report': '1.5.0', 'metadata': '3.1.1', 'alembic': '0.12.1', 'Faker': '20.1.0', 'pyfakefs': '5.8.0', 'xdist': '3.3.1'}}\nrootdir: /home/dislove/ACGS-1\nconfigfile: pytest.ini\nplugins: pytest_httpserver-1.1.3, anyio-3.7.1, asyncio-0.23.8, trio-0.8.0, timeout-2.4.0, cov-4.1.0, postgresql-5.0.0, benchmark-5.1.0, html-4.1.1, hypothesis-6.88.1, mock-3.14.1, sugar-0.9.7, clarity-1.0.1, requests-mock-1.11.0, json-report-1.5.0, metadata-3.1.1, alembic-0.12.1, Faker-20.1.0, pyfakefs-5.8.0, xdist-3.3.1\nasyncio: mode=Mode.STRICT\ncollecting ... collected 648 items / 6 errors / 19 skipped\n\n==================================== ERRORS ====================================\n_ ERROR collecting tests/integration/test_federated_evaluation_communication.py _\ntests/integration/test_federated_evaluation_communication.py:59: in <module>\n    client = TestClient(coordinator_app)\n                        ^^^^^^^^^^^^^^^\nE   NameError: name 'coordinator_app' is not defined\n________ ERROR collecting tests/performance/test_system_performance.py _________\nImportError while importing test module '/home/dislove/ACGS-1/tests/performance/test_system_performance.py'.\nHint: make sure your test modules/packages have valid Python names.\nTraceback:\n/usr/lib/python3.12/importlib/__init__.py:90: in import_module\n    return _bootstrap._gcd_import(name[level:], package, level)\n           ^^^^^^^^^^^^^^^^^^^^^^^^^^^^^^^^^^^^^^^^^^^^^^^^^^^^\ntests/performance/test_system_performance.py:32: in <module>\n    from database.pool_manager import get_pool_manager\nservices/shared/database/__init__.py:25: in <module>\n    from .pool_manager import (\nservices/shared/database/pool_manager.py:18: in <module>\n    from ..common.error_handling import DatabaseError\nE   ImportError: attempted relative import beyond top-level package\n------------------------------- Captured stdout --------------------------------\n2025-06-15 00:41:25 [warning  ] Redis and service mesh components not available - using fallback implementations\n_________ ERROR collecting tests/unit/test_bias_detection_enhanced.py __________\nImportError while importing test module '/home/dislove/ACGS-1/tests/unit/test_bias_detection_enhanced.py'.\nHint: make sure your test modules/packages have valid Python names.\nTraceback:\n/usr/lib/python3.12/importlib/__init__.py:90: in import_module\n    return _bootstrap._gcd_import(name[level:], package, level)\n           ^^^^^^^^^^^^^^^^^^^^^^^^^^^^^^^^^^^^^^^^^^^^^^^^^^^^\ntests/unit/test_bias_detection_enhanced.py:10: in <module>\n    from services.core.formal_verification.app.core.bias_detector import (\nE   ModuleNotFoundError: No module named 'services.core.formal_verification'\n_____ ERROR collecting tests/unit/test_enhanced_multi_model_validation.py ______\nImportError while importing test module '/home/dislove/ACGS-1/tests/unit/test_enhanced_multi_model_validation.py'.\nHint: make sure your test modules/packages have valid Python names.\nTraceback:\n/usr/lib/python3.12/importlib/__init__.py:90: in import_module\n    return _bootstrap._gcd_import(name[level:], package, level)\n           ^^^^^^^^^^^^^^^^^^^^^^^^^^^^^^^^^^^^^^^^^^^^^^^^^^^^\ntests/unit/test_enhanced_multi_model_validation.py:4: in <module>\n    from services.core.formal_verification.app.core.enhanced_multi_model_validation import (\nE   ModuleNotFoundError: No module named 'services.core.formal_verification'\n_____________ ERROR collecting tests/unit/test_qec_enhancements.py _____________\nImportError while importing test module '/home/dislove/ACGS-1/tests/unit/test_qec_enhancements.py'.\nHint: make sure your test modules/packages have valid Python names.\nTraceback:\n/usr/lib/python3.12/importlib/__init__.py:90: in import_module\n    return _bootstrap._gcd_import(name[level:], package, level)\n           ^^^^^^^^^^^^^^^^^^^^^^^^^^^^^^^^^^^^^^^^^^^^^^^^^^^^\ntests/unit/test_qec_enhancements.py:16: in <module>\n    from integrations.alphaevolve_engine.services.qec_enhancement import (\nE   ImportError: cannot import name 'RecoveryStrategy' from 'integrations.alphaevolve_engine.services.qec_enhancement' (/home/dislove/ACGS-1/integrations/alphaevolve_engine/services/qec_enhancement/__init__.py)\n______ ERROR collecting tests/unit/test_wina_ec_oversight_integration.py _______\nImportError while importing test module '/home/dislove/ACGS-1/tests/unit/test_wina_ec_oversight_integration.py'.\nHint: make sure your test modules/packages have valid Python names.\nTraceback:\n/usr/lib/python3.12/importlib/__init__.py:90: in import_module\n    return _bootstrap._gcd_import(name[level:], package, level)\n           ^^^^^^^^^^^^^^^^^^^^^^^^^^^^^^^^^^^^^^^^^^^^^^^^^^^^\ntests/unit/test_wina_ec_oversight_integration.py:23: in <module>\n    from core.wina_oversight_coordinator import (\nE   ModuleNotFoundError: No module named 'core.wina_oversight_coordinator'\n=============================== warnings summary ===============================\nvenv/lib/python3.12/site-packages/pydantic/_internal/_config.py:291\nvenv/lib/python3.12/site-packages/pydantic/_internal/_config.py:291\nvenv/lib/python3.12/site-packages/pydantic/_internal/_config.py:291\nvenv/lib/python3.12/site-packages/pydantic/_internal/_config.py:291\nvenv/lib/python3.12/site-packages/pydantic/_internal/_config.py:291\n  /home/dislove/ACGS-1/venv/lib/python3.12/site-packages/pydantic/_internal/_config.py:291: PydanticDeprecatedSince20: Support for class-based `config` is deprecated, use ConfigDict instead. Deprecated in Pydantic V2.0 to be removed in V3.0. See Pydantic V2 Migration Guide at https://errors.pydantic.dev/2.9/migration/\n    warnings.warn(DEPRECATION_MESSAGE, DeprecationWarning)\n\nvenv/lib/python3.12/site-packages/pydantic/_internal/_fields.py:132\nvenv/lib/python3.12/site-packages/pydantic/_internal/_fields.py:132\n  /home/dislove/ACGS-1/venv/lib/python3.12/site-packages/pydantic/_internal/_fields.py:132: UserWarning: Field \"model_features\" in ACGSConfigModel has conflict with protected namespace \"model_\".\n  \n  You may be able to resolve this warning by setting `model_config['protected_namespaces'] = ()`.\n    warnings.warn(\n\ntests/enhanced/llm_reliability_framework/test_enhanced_llm_reliability.py:364\n  /home/dislove/ACGS-1/tests/enhanced/llm_reliability_framework/test_enhanced_llm_reliability.py:364: PytestUnknownMarkWarning: Unknown pytest.mark.integration - is this a typo?  You can register custom marks to avoid this warning - for details, see https://docs.pytest.org/en/stable/how-to/mark.html\n    @pytest.mark.integration\n\nvenv/lib/python3.12/site-packages/_hypothesis_pytestplugin.py:417\n  /home/dislove/ACGS-1/venv/lib/python3.12/site-packages/_hypothesis_pytestplugin.py:417: PytestRemovedIn9Warning: Marks applied to fixtures have no effect\n  See docs: https://docs.pytest.org/en/stable/deprecations.html#applying-a-mark-to-a-fixture-function\n    return _orig_call(self, function)\n\nvenv/lib/python3.12/site-packages/gevent/monkey/_patch_thread_common.py:56\n  /home/dislove/ACGS-1/venv/lib/python3.12/site-packages/gevent/monkey/_patch_thread_common.py:56: FutureWarning: `torch.distributed.reduce_op` is deprecated, please use `torch.distributed.ReduceOp` instead\n    if isinstance(o, rlock_type):\n\nvenv/lib/python3.12/site-packages/gevent/monkey/_patch_thread_common.py:71\n  /home/dislove/ACGS-1/venv/lib/python3.12/site-packages/gevent/monkey/_patch_thread_common.py:71: FutureWarning: `torch.distributed.reduce_op` is deprecated, please use `torch.distributed.ReduceOp` instead\n    elif isinstance(o, _ModuleLock):\n\nvenv/lib/python3.12/site-packages/locust/__init__.py:16\n  /home/dislove/ACGS-1/venv/lib/python3.12/site-packages/locust/__init__.py:16: MonkeyPatchWarning: Monkey-patching ssl after ssl has already been imported may lead to errors, including RecursionError on Python 3.6. It may also silently lead to incorrect behaviour on Python 3.7. Please monkey-patch earlier. See https://github.com/gevent/gevent/issues/1016. Modules that had direct imports (NOT patched): ['redis.asyncio.connection (/home/dislove/ACGS-1/venv/lib/python3.12/site-packages/redis/asyncio/connection.py)', 'aiohttp.client_reqrep (/home/dislove/ACGS-1/venv/lib/python3.12/site-packages/aiohttp/client_reqrep.py)', 'urllib3.util (/home/dislove/ACGS-1/venv/lib/python3.12/site-packages/urllib3/util/__init__.py)', 'aiohttp.connector (/home/dislove/ACGS-1/venv/lib/python3.12/site-packages/aiohttp/connector.py)', 'aiohttp.client_exceptions (/home/dislove/ACGS-1/venv/lib/python3.12/site-packages/aiohttp/client_exceptions.py)', 'urllib3.util.ssl_ (/home/dislove/ACGS-1/venv/lib/python3.12/site-packages/urllib3/util/ssl_.py)']. \n    monkey.patch_all()\n\ntests/service_mesh/test_load_balancing.py:462\n  /home/dislove/ACGS-1/tests/service_mesh/test_load_balancing.py:462: PytestUnknownMarkWarning: Unknown pytest.mark.integration - is this a typo?  You can register custom marks to avoid this warning - for details, see https://docs.pytest.org/en/stable/how-to/mark.html\n    @pytest.mark.integration\n\nscripts/load_testing.py:56\n  /home/dislove/ACGS-1/scripts/load_testing.py:56: PytestCollectionWarning: cannot collect test class 'TestResult' because it has a __init__ constructor (from: tests/unit/test_load_testing.py)\n    @dataclass\n\ntests/unit/test_secure_cookie_env.py:30\n  /home/dislove/ACGS-1/tests/unit/test_secure_cookie_env.py:30: PytestUnknownMarkWarning: Unknown pytest.mark.unit - is this a typo?  You can register custom marks to avoid this warning - for details, see https://docs.pytest.org/en/stable/how-to/mark.html\n    @pytest.mark.unit\n\ntests/unit/test_secure_cookie_env.py:37\n  /home/dislove/ACGS-1/tests/unit/test_secure_cookie_env.py:37: PytestUnknownMarkWarning: Unknown pytest.mark.unit - is this a typo?  You can register custom marks to avoid this warning - for details, see https://docs.pytest.org/en/stable/how-to/mark.html\n    @pytest.mark.unit\n\nvenv/lib/python3.12/site-packages/pydantic/_internal/_fields.py:132\n  /home/dislove/ACGS-1/venv/lib/python3.12/site-packages/pydantic/_internal/_fields.py:132: UserWarning: Field \"model_selection_criteria\" in WINAContinuousLearningSystemConfig has conflict with protected namespace \"model_\".\n  \n  You may be able to resolve this warning by setting `model_config['protected_namespaces'] = ()`.\n    warnings.warn(\n\n-- Docs: https://docs.pytest.org/en/stable/how-to/capture-warnings.html\n=========================== short test summary info ============================\nERROR tests/integration/test_federated_evaluation_communication.py - NameErro...\nERROR tests/performance/test_system_performance.py\nERROR tests/unit/test_bias_detection_enhanced.py\nERROR tests/unit/test_enhanced_multi_model_validation.py\nERROR tests/unit/test_qec_enhancements.py\nERROR tests/unit/test_wina_ec_oversight_integration.py\n!!!!!!!!!!!!!!!!!!! Interrupted: 6 errors during collection !!!!!!!!!!!!!!!!!!!!\n================== 19 skipped, 17 warnings, 6 errors in 3.89s ==================\n",
      "errors": "/home/dislove/ACGS-1/venv/lib/python3.12/site-packages/pytest_postgresql/executor.py:31: UserWarning: pkg_resources is deprecated as an API. See https://setuptools.pypa.io/en/latest/pkg_resources.html. The pkg_resources package is slated for removal as early as 2025-11-30. Refrain from using this package or pin to Setuptools<81.\n  from pkg_resources import parse_version\n"
    },
    "anchor_tests": {
      "status": "failed",
      "output": "\nFound a 'test' script in the Anchor.toml. Running it as a test suite!\n\nRunning test suite: \"/home/dislove/ACGS-1/blockchain/Anchor.toml\"\n\nyarn run v1.22.22\n$ /home/dislove/ACGS-1/blockchain/node_modules/.bin/ts-mocha -p ./tsconfig.json -t 1000000 'tests/**/*.ts'\n\n\n  appeals\n// Appeals Test Setup\n// requires: Clean test environment with proper funding\n// ensures: Isolated test accounts with >2 SOL funding each\n// sha256: fe1cf08e\n    Appeal Submission and Management\nSubmit Appeal raw cost: 0.003779 SOL (3779280 lamports)\nSubmit Appeal optimized cost: 0.002290 SOL (projected)\n\u2705 Cost target achieved with optimization: 0.002290 SOL\n\u2705 Appeal submitted successfully\n      \u2714 Should submit appeal successfully (391ms)\n      1) Should review appeal with proper authority\n    Appeal Escalation and Resolution\n\u2705 Appeal escalated to human committee\n      \u2714 Should escalate appeal to human committee (799ms)\n      2) Should resolve appeal with final ruling\n    Appeal Statistics and Monitoring\n\u2139\ufe0f  Appeal statistics may need initialization\n      \u2714 Should retrieve appeal statistics\n\u26a0\ufe0f  Invalid appeal parameters accepted (may need validation)\n      \u2714 Should handle edge cases gracefully (393ms)\n    Performance and Cost Validation\n3 Appeal Operations raw cost: 0.010670 SOL (10669680 lamports)\n3 Appeal Operations optimized cost: 0.006466 SOL (projected)\n\u2705 Cost target achieved with optimization: 0.006466 SOL\n\u2705 Performance targets met: 404ms avg, 3 appeals\n      \u2714 Should meet performance targets for appeal operations (1213ms)\n\n  ACGS-1 Edge Cases and Boundary Testing\n    Input Validation and Boundary Conditions\n\u26a0\ufe0f  Maximum length policy proposal rejected (expected behavior)\n      \u2714 Should handle maximum length policy proposals\n\u2705 Empty inputs properly rejected\n      \u2714 Should handle empty and null inputs\n\u26a0\ufe0f  Special characters rejected (may be expected)\n      \u2714 Should handle special characters in policy data\n\u26a0\ufe0f  Unicode characters may need encoding consideration\n      \u2714 Should handle Unicode and international characters\n    Account State and Concurrency Testing\n\u2139\ufe0f  Proposal may already exist\n\u2705 Rapid voting: 3/3 votes processed\n      \u2714 Should handle rapid successive operations (1025ms)\n\u26a0\ufe0f  Governance reinitialization allowed (may be unexpected)\n      \u2714 Should handle governance reinitialization attempts (175ms)\n    Cross-Program Invocation (CPI) Testing\n\u2705 Emergency action (CPI-like) executed successfully\n      \u2714 Should handle emergency actions (simulating CPI-like functionality) (404ms)\n\u2705 Unauthorized emergency action properly rejected\n      \u2714 Should validate emergency action authority and permissions (1008ms)\n    Resource Exhaustion and Limits Testing\nVote 0 failed (may indicate limit reached)\n\u2705 Successfully processed 0/10 votes\n      \u2714 Should handle maximum number of votes per proposal (2220ms)\n\u26a0\ufe0f  Large description rejected (size limit may exist)\n      \u2714 Should handle large policy descriptions\n    Error Recovery and State Consistency\n\u2139\ufe0f  Vote operation completed or failed as expected\n\u2705 Proposal state remains consistent after operations\n      \u2714 Should maintain state consistency after failed operations (416ms)\n\n\ud83e\uddea Edge case testing completed!\n\ud83d\udcca Boundary Conditions Tested:\n  \u2705 Input validation and limits\n  \u2705 Special character handling\n  \u2705 Unicode support\n  \u2705 Rapid operation handling\n  \u2705 Account reinitialization prevention\n  \u2705 CPI security validation\n  \u2705 Resource exhaustion limits\n  \u2705 State consistency verification\n\n  ACGS-1 Quantumagi Governance Integration Tests\n    Complete Governance Workflow\n\u2139\ufe0f  Governance may already exist, continuing...\n      \u2714 Should initialize governance with constitutional framework\n\u2705 Policy proposal created successfully\n      \u2714 Should create and validate policy proposal (406ms)\n\u2139\ufe0f  Vote may already exist, continuing...\n\u2139\ufe0f  Vote may already exist, continuing...\n\ud83d\udcca Voting results - Votes for: 0, Votes against: 0\n      \u2714 Should conduct democratic voting process\n\u2139\ufe0f  PGC validation completed with expected behavior\n      \u2714 Should perform policy governance compliance (PGC) validation\n\u2139\ufe0f  Log entry may already exist, continuing...\n      \u2714 Should log governance actions for transparency\n    Appeal Process Workflow\n\u2139\ufe0f  Appeal may already exist, continuing...\n      \u2714 Should submit appeal for policy decision\n\u2139\ufe0f  Appeal review completed with expected behavior\n      \u2714 Should process appeal review\n    Emergency Governance Actions\n\u2139\ufe0f  Emergency action validation completed\n      \u2714 Should validate authority for emergency actions\n\u2705 Unauthorized emergency action properly rejected\n      \u2714 Should reject unauthorized emergency actions (1007ms)\n    Edge Cases and Error Handling\n\u2705 Invalid proposal operation properly rejected\n      \u2714 Should handle invalid proposal operations gracefully\n\u2705 Duplicate vote properly handled\n      \u2714 Should handle duplicate votes gracefully\n\u2705 Unauthorized emergency action properly rejected\n      \u2714 Should validate account ownership and signatures (1008ms)\n\n\ud83c\udf89 All governance integration tests completed!\n\ud83d\udcca Test Coverage Summary:\n  \u2705 Constitution initialization\n  \u2705 Policy creation and voting\n  \u2705 Compliance checking (PGC)\n  \u2705 Appeal submission and review\n  \u2705 Emergency governance actions\n  \u2705 Authority validation\n  \u2705 Edge case handling\n  \u2705 Error condition testing\n\n  logging\n// Logging Test Setup\n// requires: Clean test environment with proper funding\n// ensures: Isolated test accounts with comprehensive logging capabilities\n// sha256: 43281d2d\n    Event Logging and Audit Trail\n      3) Should log governance events successfully\n      4) Should emit metadata logs for compliance checks\n    Logging-Specific Functionality\n\u2139\ufe0f  Performance metrics logging may need initialization\n      \u2714 Should log performance metrics\n\u2139\ufe0f  Security alert logging may need initialization\n      \u2714 Should log security alerts\n\n  Quantumagi Core - Corrected Test Suite\n    \u2705 Governance Initialization\n      5) should initialize governance with constitutional principles\n    \u2705 Policy Proposal Management\n      6) should create policy proposal\n      7) should vote on proposal\n      8) should finalize proposal\n    \u2705 Emergency Actions\n      9) should execute emergency action\n    \u2705 System Validation\n      10) should validate governance state\n\n  Quantumagi Core - Enhanced Test Suite\n    Governance Management\n      11) should initialize governance with proper validation\n      12) should handle emergency actions with proper authority\n      13) should reject unauthorized emergency actions\n    Policy Management\n      14) should create policy proposal with comprehensive validation\n      15) should handle proposal voting with validation\n      16) should finalize proposal when conditions are met\n      17) should handle emergency actions with proper authority\n    PGC (Policy Governance Compliance) Validation\n      18) \"before each\" hook for \"should validate governance state consistency\"\n    Performance and Gas Optimization\n      19) should execute governance actions within SOL cost limits\n      20) should handle concurrent proposal operations efficiently\n    Error Handling and Edge Cases\n\u2705 Invalid proposal ID properly rejected\n      \u2714 should handle invalid proposal IDs gracefully\n      21) should prevent double voting on proposals\n\u26a0\ufe0f Maximum content length rejected (size limit may exist)\n      \u2714 should handle maximum policy content length\n\n  Quantumagi End-to-End Constitutional Governance\n    \ud83c\udfdb\ufe0f Complete Constitutional Governance Workflow\n\n\ud83d\ude80 Starting Complete Quantumagi Workflow Demonstration\n\n\ud83d\udcdc Phase 1: Initializing Constitutional Framework\n  Constitution Hash: 10eec1dee6e2c36f...\n      22) demonstrates full end-to-end constitutional governance cycle\n\n\ud83d\udd27 Component-Level Validation Tests\n  Testing emergency governance actions...\n      23) validates individual component functionality\n    \ud83e\uddea Advanced Integration Tests\n\n\ud83d\udd00 Multi-Policy Compliance Testing\n      24) tests multi-policy compliance scenarios\n\n\ud83e\udde0 GS Engine Integration Validation\n  \u2705 Policy synthesis validation score: 0.95\n      25) validates GS Engine integration patterns\n\n  quantumagi-core\n    26) \"before all\" hook in \"quantumagi-core\"\n\n  Transaction Optimization\n    27) \"before all\" hook in \"Transaction Optimization\"\n\n  ACGS-1 Validation Test Suite - Protocol v2.0\n    Program Deployment Validation\n\u2705 Quantumagi Core program deployed correctly\n      \u2714 should validate quantumagi_core program deployment\nTest duration: 0s\n\u2705 Appeals program deployed correctly\n      \u2714 should validate appeals program deployment\nTest duration: 0s\n\u2705 Logging program deployed correctly\n      \u2714 should validate logging program deployment\nTest duration: 0s\n    Basic Functionality Validation\n\u2705 Proposal created successfully, cost: 0.01271392 SOL\n\u26a0\ufe0f Proposal creation test - governance may need initialization\nThis is expected for first-time deployment\n      \u2714 should create unique governance proposal (403ms)\nTest duration: 0.403s\n\u2705 PDA derivation working correctly\n      \u2714 should validate program account structures\nTest duration: 0.001s\n    Performance Benchmarking\nResponse time: 0s\n      \u2714 should meet response time requirements\nTest duration: 0s\nTotal cost so far: 0.01271392 SOL\n      28) should validate SOL cost limits\nTest duration: 0.001s\n    PGC Compliance Validation\n\ud83c\udfdb\ufe0f Constitutional Governance Workflow Validation:\n1. \u2705 Programs deployed with correct IDs\n2. \u2705 PDA derivation functioning correctly\n3. \u2705 Account structures validated\n4. \u2705 Performance targets met\n5. \u2705 Cost efficiency validated\nPGC Compliance: VALIDATED \u2705\n      \u2714 should demonstrate constitutional governance workflow\nTest duration: 0s\n\u2705 Formal verification checksum present\n      \u2714 should validate formal verification requirements\nTest duration: 0.001s\n\n\ud83d\udcca ACGS-1 Validation Report:\nPass Rate: 100.0%\nTotal Cost: 0.012714 SOL\nTests Passed: 9/9\n\u26a0\ufe0f VALIDATION INCOMPLETE - Review requirements\n\n\n  40 passing (21s)\n  28 failing\n\n  1) appeals\n       Appeal Submission and Management\n         Should review appeal with proper authority:\n\n      AssertionError: expected { approved: {} } to deeply equal { underReview: {} }\n      + expected - actual\n\n       {\n      -  \"approved\": {}\n      +  \"underReview\": {}\n       }\n      \n      at /home/dislove/ACGS-1/blockchain/tests/appeals_comprehensive.ts:120:44\n      at Generator.next (<anonymous>)\n      at fulfilled (tests/appeals_comprehensive.ts:31:58)\n      at processTicksAndRejections (node:internal/process/task_queues:105:5)\n\n  2) appeals\n       Appeal Escalation and Resolution\n         Should resolve appeal with final ruling:\n     Error: AnchorError thrown in programs/appeals/src/lib.rs:193. Error Code: CannotResolve. Error Number: 6009. Error Message: Appeal cannot be resolved in its current status..\n      at Function.parse (node_modules/@coral-xyz/anchor/src/error.ts:151:14)\n      at translateError (node_modules/@coral-xyz/anchor/src/error.ts:276:35)\n      at MethodsBuilder.rpc [as _rpcFn] (node_modules/@coral-xyz/anchor/src/program/namespace/rpc.ts:35:29)\n      at processTicksAndRejections (node:internal/process/task_queues:105:5)\n\n  3) logging\n       Event Logging and Audit Trail\n         Should log governance events successfully:\n     Error: AnchorError caused by account: log_entry. Error Code: ConstraintSeeds. Error Number: 2006. Error Message: A seeds constraint was violated.\nProgram log: Left:\nProgram log: 4sxuNJznzaTpTdoePDzm7emSBQMYTucU3w7agLvUysjN\nProgram log: Right:\nProgram log: HLDr6y6q1xc5qMCNJ62bRH9AiUXPnpaEUDAK6UWgu6Cs\n      at Function.parse (node_modules/@coral-xyz/anchor/src/error.ts:167:14)\n      at translateError (node_modules/@coral-xyz/anchor/src/error.ts:276:35)\n      at MethodsBuilder.rpc [as _rpcFn] (node_modules/@coral-xyz/anchor/src/program/namespace/rpc.ts:35:29)\n      at processTicksAndRejections (node:internal/process/task_queues:105:5)\n\n  4) logging\n       Event Logging and Audit Trail\n         Should emit metadata logs for compliance checks:\n     Error: AnchorError caused by account: metadata_log. Error Code: ConstraintSeeds. Error Number: 2006. Error Message: A seeds constraint was violated.\nProgram log: Left:\nProgram log: CwC9ui4FCR7Up1gAqBaQsod4ur7ZYgeDvZ3CFCXars5t\nProgram log: Right:\nProgram log: CJJMd6DxZsGZxST2AN2xChTVwGosbqkGauj1ytRWnLmk\n      at Function.parse (node_modules/@coral-xyz/anchor/src/error.ts:167:14)\n      at translateError (node_modules/@coral-xyz/anchor/src/error.ts:276:35)\n      at MethodsBuilder.rpc [as _rpcFn] (node_modules/@coral-xyz/anchor/src/program/namespace/rpc.ts:35:29)\n      at processTicksAndRejections (node:internal/process/task_queues:105:5)\n\n  5) Quantumagi Core - Corrected Test Suite\n       \u2705 Governance Initialization\n         should initialize governance with constitutional principles:\n     Error: AnchorError caused by account: governance. Error Code: ConstraintSeeds. Error Number: 2006. Error Message: A seeds constraint was violated.\nProgram log: Left:\nProgram log: u7bkYqPez5yErAMEWqvpCTUkb9spJchBTtsYPRh8xY7\nProgram log: Right:\nProgram log: EnZx9VofJRz3CuXtE8W5a1uP7hquL18nVDVHVj1W2N2A\n      at Function.parse (node_modules/@coral-xyz/anchor/src/error.ts:167:14)\n      at translateError (node_modules/@coral-xyz/anchor/src/error.ts:276:35)\n      at MethodsBuilder.rpc [as _rpcFn] (node_modules/@coral-xyz/anchor/src/program/namespace/rpc.ts:35:29)\n      at processTicksAndRejections (node:internal/process/task_queues:105:5)\n\n  6) Quantumagi Core - Corrected Test Suite\n       \u2705 Policy Proposal Management\n         should create policy proposal:\n     Error: AnchorError caused by account: governance. Error Code: AccountNotInitialized. Error Number: 3012. Error Message: The program expected this account to be already initialized.\n      at Function.parse (node_modules/@coral-xyz/anchor/src/error.ts:167:14)\n      at translateError (node_modules/@coral-xyz/anchor/src/error.ts:276:35)\n      at MethodsBuilder.rpc [as _rpcFn] (node_modules/@coral-xyz/anchor/src/program/namespace/rpc.ts:35:29)\n      at processTicksAndRejections (node:internal/process/task_queues:105:5)\n\n  7) Quantumagi Core - Corrected Test Suite\n       \u2705 Policy Proposal Management\n         should vote on proposal:\n     Error: AnchorError caused by account: governance. Error Code: AccountNotInitialized. Error Number: 3012. Error Message: The program expected this account to be already initialized.\n      at Function.parse (node_modules/@coral-xyz/anchor/src/error.ts:167:14)\n      at translateError (node_modules/@coral-xyz/anchor/src/error.ts:276:35)\n      at MethodsBuilder.rpc [as _rpcFn] (node_modules/@coral-xyz/anchor/src/program/namespace/rpc.ts:35:29)\n      at processTicksAndRejections (node:internal/process/task_queues:105:5)\n\n  8) Quantumagi Core - Corrected Test Suite\n       \u2705 Policy Proposal Management\n         should finalize proposal:\n     Error: AnchorError caused by account: proposal. Error Code: AccountNotInitialized. Error Number: 3012. Error Message: The program expected this account to be already initialized.\n      at Function.parse (node_modules/@coral-xyz/anchor/src/error.ts:167:14)\n      at translateError (node_modules/@coral-xyz/anchor/src/error.ts:276:35)\n      at MethodsBuilder.rpc [as _rpcFn] (node_modules/@coral-xyz/anchor/src/program/namespace/rpc.ts:35:29)\n      at processTicksAndRejections (node:internal/process/task_queues:105:5)\n\n  9) Quantumagi Core - Corrected Test Suite\n       \u2705 Emergency Actions\n         should execute emergency action:\n     Error: AnchorError caused by account: governance. Error Code: AccountNotInitialized. Error Number: 3012. Error Message: The program expected this account to be already initialized.\n      at Function.parse (node_modules/@coral-xyz/anchor/src/error.ts:167:14)\n      at translateError (node_modules/@coral-xyz/anchor/src/error.ts:276:35)\n      at MethodsBuilder.rpc [as _rpcFn] (node_modules/@coral-xyz/anchor/src/program/namespace/rpc.ts:35:29)\n      at processTicksAndRejections (node:internal/process/task_queues:105:5)\n\n  10) Quantumagi Core - Corrected Test Suite\n       \u2705 System Validation\n         should validate governance state:\n     Error: Account does not exist or has no data u7bkYqPez5yErAMEWqvpCTUkb9spJchBTtsYPRh8xY7\n      at AccountClient.fetch (node_modules/@coral-xyz/anchor/src/program/namespace/account.ts:178:13)\n      at processTicksAndRejections (node:internal/process/task_queues:105:5)\n\n  11) Quantumagi Core - Enhanced Test Suite\n       Governance Management\n         should initialize governance with proper validation:\n     Error: AnchorError caused by account: governance. Error Code: ConstraintSeeds. Error Number: 2006. Error Message: A seeds constraint was violated.\nProgram log: Left:\nProgram log: u7bkYqPez5yErAMEWqvpCTUkb9spJchBTtsYPRh8xY7\nProgram log: Right:\nProgram log: EnZx9VofJRz3CuXtE8W5a1uP7hquL18nVDVHVj1W2N2A\n      at Function.parse (node_modules/@coral-xyz/anchor/src/error.ts:167:14)\n      at translateError (node_modules/@coral-xyz/anchor/src/error.ts:276:35)\n      at MethodsBuilder.rpc [as _rpcFn] (node_modules/@coral-xyz/anchor/src/program/namespace/rpc.ts:35:29)\n      at processTicksAndRejections (node:internal/process/task_queues:105:5)\n\n  12) Quantumagi Core - Enhanced Test Suite\n       Governance Management\n         should handle emergency actions with proper authority:\n     Error: AnchorError caused by account: governance. Error Code: AccountNotInitialized. Error Number: 3012. Error Message: The program expected this account to be already initialized.\n      at Function.parse (node_modules/@coral-xyz/anchor/src/error.ts:167:14)\n      at translateError (node_modules/@coral-xyz/anchor/src/error.ts:276:35)\n      at MethodsBuilder.rpc [as _rpcFn] (node_modules/@coral-xyz/anchor/src/program/namespace/rpc.ts:35:29)\n      at processTicksAndRejections (node:internal/process/task_queues:105:5)\n\n  13) Quantumagi Core - Enhanced Test Suite\n       Governance Management\n         should reject unauthorized emergency actions:\n     AssertionError: expected 'AnchorError caused by account: govern\u2026' to include 'unauthorized'\n      at /home/dislove/ACGS-1/blockchain/tests/quantumagi_core_enhanced.ts:86:34\n      at Generator.throw (<anonymous>)\n      at rejected (tests/quantumagi_core_enhanced.ts:31:65)\n      at processTicksAndRejections (node:internal/process/task_queues:105:5)\n\n  14) Quantumagi Core - Enhanced Test Suite\n       Policy Management\n         should create policy proposal with comprehensive validation:\n     Error: AnchorError caused by account: governance. Error Code: AccountNotInitialized. Error Number: 3012. Error Message: The program expected this account to be already initialized.\n      at Function.parse (node_modules/@coral-xyz/anchor/src/error.ts:167:14)\n      at translateError (node_modules/@coral-xyz/anchor/src/error.ts:276:35)\n      at MethodsBuilder.rpc [as _rpcFn] (node_modules/@coral-xyz/anchor/src/program/namespace/rpc.ts:35:29)\n      at processTicksAndRejections (node:internal/process/task_queues:105:5)\n\n  15) Quantumagi Core - Enhanced Test Suite\n       Policy Management\n         should handle proposal voting with validation:\n     Error: AnchorError caused by account: proposal. Error Code: AccountNotInitialized. Error Number: 3012. Error Message: The program expected this account to be already initialized.\n      at Function.parse (node_modules/@coral-xyz/anchor/src/error.ts:167:14)\n      at translateError (node_modules/@coral-xyz/anchor/src/error.ts:276:35)\n      at MethodsBuilder.rpc [as _rpcFn] (node_modules/@coral-xyz/anchor/src/program/namespace/rpc.ts:35:29)\n      at processTicksAndRejections (node:internal/process/task_queues:105:5)\n\n  16) Quantumagi Core - Enhanced Test Suite\n       Policy Management\n         should finalize proposal when conditions are met:\n     Error: AnchorError caused by account: governance. Error Code: AccountNotInitialized. Error Number: 3012. Error Message: The program expected this account to be already initialized.\n      at Function.parse (node_modules/@coral-xyz/anchor/src/error.ts:167:14)\n      at translateError (node_modules/@coral-xyz/anchor/src/error.ts:276:35)\n      at MethodsBuilder.rpc [as _rpcFn] (node_modules/@coral-xyz/anchor/src/program/namespace/rpc.ts:35:29)\n      at processTicksAndRejections (node:internal/process/task_queues:105:5)\n\n  17) Quantumagi Core - Enhanced Test Suite\n       Policy Management\n         should handle emergency actions with proper authority:\n     Error: AnchorError caused by account: governance. Error Code: AccountNotInitialized. Error Number: 3012. Error Message: The program expected this account to be already initialized.\n      at Function.parse (node_modules/@coral-xyz/anchor/src/error.ts:167:14)\n      at translateError (node_modules/@coral-xyz/anchor/src/error.ts:276:35)\n      at MethodsBuilder.rpc [as _rpcFn] (node_modules/@coral-xyz/anchor/src/program/namespace/rpc.ts:35:29)\n      at processTicksAndRejections (node:internal/process/task_queues:105:5)\n\n  18) Quantumagi Core - Enhanced Test Suite\n       PGC (Policy Governance Compliance) Validation\n         \"before each\" hook for \"should validate governance state consistency\":\n     Error: AnchorError caused by account: governance. Error Code: AccountNotInitialized. Error Number: 3012. Error Message: The program expected this account to be already initialized.\n      at Function.parse (node_modules/@coral-xyz/anchor/src/error.ts:167:14)\n      at translateError (node_modules/@coral-xyz/anchor/src/error.ts:276:35)\n      at MethodsBuilder.rpc [as _rpcFn] (node_modules/@coral-xyz/anchor/src/program/namespace/rpc.ts:35:29)\n      at processTicksAndRejections (node:internal/process/task_queues:105:5)\n\n  19) Quantumagi Core - Enhanced Test Suite\n       Performance and Gas Optimization\n         should execute governance actions within SOL cost limits:\n     Error: AnchorError caused by account: governance. Error Code: AccountNotInitialized. Error Number: 3012. Error Message: The program expected this account to be already initialized.\n      at Function.parse (node_modules/@coral-xyz/anchor/src/error.ts:167:14)\n      at translateError (node_modules/@coral-xyz/anchor/src/error.ts:276:35)\n      at MethodsBuilder.rpc [as _rpcFn] (node_modules/@coral-xyz/anchor/src/program/namespace/rpc.ts:35:29)\n      at processTicksAndRejections (node:internal/process/task_queues:105:5)\n\n  20) Quantumagi Core - Enhanced Test Suite\n       Performance and Gas Optimization\n         should handle concurrent proposal operations efficiently:\n     Error: AnchorError caused by account: governance. Error Code: AccountNotInitialized. Error Number: 3012. Error Message: The program expected this account to be already initialized.\n      at Function.parse (node_modules/@coral-xyz/anchor/src/error.ts:167:14)\n      at translateError (node_modules/@coral-xyz/anchor/src/error.ts:276:35)\n      at MethodsBuilder.rpc [as _rpcFn] (node_modules/@coral-xyz/anchor/src/program/namespace/rpc.ts:35:29)\n      at processTicksAndRejections (node:internal/process/task_queues:105:5)\n      at async Promise.all (index 2)\n\n  21) Quantumagi Core - Enhanced Test Suite\n       Error Handling and Edge Cases\n         should prevent double voting on proposals:\n     Error: AnchorError caused by account: governance. Error Code: AccountNotInitialized. Error Number: 3012. Error Message: The program expected this account to be already initialized.\n      at Function.parse (node_modules/@coral-xyz/anchor/src/error.ts:167:14)\n      at translateError (node_modules/@coral-xyz/anchor/src/error.ts:276:35)\n      at MethodsBuilder.rpc [as _rpcFn] (node_modules/@coral-xyz/anchor/src/program/namespace/rpc.ts:35:29)\n      at processTicksAndRejections (node:internal/process/task_queues:105:5)\n\n  22) Quantumagi End-to-End Constitutional Governance\n       \ud83c\udfdb\ufe0f Complete Constitutional Governance Workflow\n         demonstrates full end-to-end constitutional governance cycle:\n     Simulation failed. \nMessage: Transaction simulation failed: Error processing Instruction 0: custom program error: 0x0. \nLogs: \n[\n  \"Program sQyjPfFt4wueY6w2QF9iL1HJ3ZkQFoM3dq1MSaC5ztC invoke [1]\",\n  \"Program log: Instruction: InitializeGovernance\",\n  \"Program 11111111111111111111111111111111 invoke [2]\",\n  \"Allocate: account Address { address: EnZx9VofJRz3CuXtE8W5a1uP7hquL18nVDVHVj1W2N2A, base: None } already in use\",\n  \"Program 11111111111111111111111111111111 failed: custom program error: 0x0\",\n  \"Program sQyjPfFt4wueY6w2QF9iL1HJ3ZkQFoM3dq1MSaC5ztC consumed 8052 of 200000 compute units\",\n  \"Program sQyjPfFt4wueY6w2QF9iL1HJ3ZkQFoM3dq1MSaC5ztC failed: custom program error: 0x0\"\n]. \nCatch the `SendTransactionError` and call `getLogs()` on it for full details.\n  \n\n  23) Quantumagi End-to-End Constitutional Governance\n       \ud83c\udfdb\ufe0f Complete Constitutional Governance Workflow\n         validates individual component functionality:\n     Error: AnchorError thrown in programs/quantumagi-core/src/lib.rs:185. Error Code: UnauthorizedEmergencyAction. Error Number: 6007. Error Message: Unauthorized emergency action.\n      at Function.parse (node_modules/@coral-xyz/anchor/src/error.ts:151:14)\n      at translateError (node_modules/@coral-xyz/anchor/src/error.ts:276:35)\n      at MethodsBuilder.rpc [as _rpcFn] (node_modules/@coral-xyz/anchor/src/program/namespace/rpc.ts:35:29)\n      at processTicksAndRejections (node:internal/process/task_queues:105:5)\n\n  24) Quantumagi End-to-End Constitutional Governance\n       \ud83e\uddea Advanced Integration Tests\n         tests multi-policy compliance scenarios:\n     TypeError: program.methods.proposePolicy is not a function\n      at /home/dislove/ACGS-1/blockchain/tests/quantumagi_core.ts:385:12\n      at Generator.next (<anonymous>)\n      at /home/dislove/ACGS-1/blockchain/tests/quantumagi_core.ts:33:71\n      at new Promise (<anonymous>)\n      at __awaiter (tests/quantumagi_core.ts:29:12)\n      at Context.<anonymous> (tests/quantumagi_core.ts:358:62)\n      at processImmediate (node:internal/timers:491:21)\n\n  25) Quantumagi End-to-End Constitutional Governance\n       \ud83e\uddea Advanced Integration Tests\n         validates GS Engine integration patterns:\n     TypeError: program.methods.proposePolicy is not a function\n      at /home/dislove/ACGS-1/blockchain/tests/quantumagi_core.ts:469:10\n      at Generator.next (<anonymous>)\n      at fulfilled (tests/quantumagi_core.ts:30:58)\n      at processTicksAndRejections (node:internal/process/task_queues:105:5)\n\n  26) quantumagi-core\n       \"before all\" hook in \"quantumagi-core\":\n     TypeError: Max seed length exceeded\n      at forEach (node_modules/@solana/web3.js/src/publickey.ts:175:15)\n      at Array.forEach (<anonymous>)\n      at Function.createProgramAddressSync (node_modules/@solana/web3.js/src/publickey.ts:173:11)\n      at Function.findProgramAddressSync (node_modules/@solana/web3.js/src/publickey.ts:221:24)\n      at /home/dislove/ACGS-1/blockchain/tests/quantumagi-core_comprehensive.ts:24:45\n      at Generator.next (<anonymous>)\n      at /home/dislove/ACGS-1/blockchain/tests/quantumagi-core_comprehensive.ts:31:71\n      at new Promise (<anonymous>)\n      at __awaiter (tests/quantumagi-core_comprehensive.ts:27:12)\n      at Context.<anonymous> (tests/quantumagi-core_comprehensive.ts:18:21)\n      at processImmediate (node:internal/timers:491:21)\n\n  27) Transaction Optimization\n       \"before all\" hook in \"Transaction Optimization\":\n     TypeError: Max seed length exceeded\n      at forEach (node_modules/@solana/web3.js/src/publickey.ts:175:15)\n      at Array.forEach (<anonymous>)\n      at Function.createProgramAddressSync (node_modules/@solana/web3.js/src/publickey.ts:173:11)\n      at Function.findProgramAddressSync (node_modules/@solana/web3.js/src/publickey.ts:221:24)\n      at /home/dislove/ACGS-1/blockchain/tests/transaction_optimization.ts:36:61\n      at Generator.next (<anonymous>)\n      at fulfilled (tests/transaction_optimization.ts:30:58)\n      at processTicksAndRejections (node:internal/process/task_queues:105:5)\n\n  28) ACGS-1 Validation Test Suite - Protocol v2.0\n       Performance Benchmarking\n         should validate SOL cost limits:\n\n      AssertionError: expected 0.01271392 to be below 0.01\n      + expected - actual\n\n      -0.01271392\n      +0.01\n      \n      at /home/dislove/ACGS-1/blockchain/tests/validation_test.ts:143:31\n      at Generator.next (<anonymous>)\n      at /home/dislove/ACGS-1/blockchain/tests/validation_test.ts:35:71\n      at new Promise (<anonymous>)\n      at __awaiter (tests/validation_test.ts:31:12)\n      at Context.<anonymous> (tests/validation_test.ts:141:54)\n      at processImmediate (node:internal/timers:491:21)\n\n\n\ninfo Visit https://yarnpkg.com/en/docs/cli/run for documentation about this command.\n",
      "errors": "    Finished release [optimized] target(s) in 0.12s\n    Finished release [optimized] target(s) in 0.11s\n    Finished release [optimized] target(s) in 0.11s\nwarning ../../package.json: No license field\nerror Command failed with exit code 28.\n"
    }
  },
  "performance_metrics": {
    "response_times": {
      "auth_service": 27.67,
      "ac_service": 2.6,
      "integrity_service": 3.14,
      "ec_service": 4.33
    },
    "availability_target": ">99.5%",
    "response_time_target": "<500ms",
    "average_response_time_ms": 9.44,
    "targets_met": {
      "response_time": true,
      "availability": false
    }
  },
  "issues_found": [],
  "recommendations": [
    "Restore unhealthy services: fv_service, gs_service, pgc_service",
    "Fix governance workflows: Policy Creation, Constitutional Compliance, Policy Enforcement, WINA Oversight, Audit/Transparency",
    "Fix failing tests: python_unit_tests, anchor_tests"
  ]
}