{"created": 1749372534.0891535, "duration": 0.3911590576171875, "exitcode": 1, "root": "/home/dislove/ACGS-1", "environment": {}, "summary": {"passed": 9, "failed": 1, "total": 10, "collected": 10}, "collectors": [{"nodeid": "", "outcome": "passed", "result": [{"nodeid": "tests/unit/test_users.py", "type": "Module"}]}, {"nodeid": "tests/unit/test_users.py", "outcome": "passed", "result": [{"nodeid": "tests/unit/test_users.py::test_create_user", "type": "Function", "lineno": 158}, {"nodeid": "tests/unit/test_users.py::test_create_user_existing_email", "type": "Function", "lineno": 169}, {"nodeid": "tests/unit/test_users.py::test_login_for_access_token", "type": "Function", "lineno": 178}, {"nodeid": "tests/unit/test_users.py::test_login_wrong_password", "type": "Function", "lineno": 195}, {"nodeid": "tests/unit/test_users.py::test_login_nonexistent_user", "type": "Function", "lineno": 209}, {"nodeid": "tests/unit/test_users.py::test_user_registration_flow", "type": "Function", "lineno": 220}, {"nodeid": "tests/unit/test_users.py::test_user_authentication_flow", "type": "Function", "lineno": 239}, {"nodeid": "tests/unit/test_users.py::test_get_current_user_authenticated", "type": "Function", "lineno": 264}, {"nodeid": "tests/unit/test_users.py::test_get_current_user_unauthenticated", "type": "Function", "lineno": 295}, {"nodeid": "tests/unit/test_users.py::test_user_data_validation", "type": "Function", "lineno": 305}]}], "tests": [{"nodeid": "tests/unit/test_users.py::test_create_user", "lineno": 158, "outcome": "passed", "keywords": ["test_create_user", "test_users.py", "unit", "tests", "ACGS-1", ""], "setup": {"duration": 0.024310470005730167, "outcome": "passed"}, "call": {"duration": 0.00014756000018678606, "outcome": "passed"}, "teardown": {"duration": 0.037389548000646755, "outcome": "passed"}}, {"nodeid": "tests/unit/test_users.py::test_create_user_existing_email", "lineno": 169, "outcome": "passed", "keywords": ["test_create_user_existing_email", "test_users.py", "unit", "tests", "ACGS-1", ""], "setup": {"duration": 0.00045511199277825654, "outcome": "passed"}, "call": {"duration": 0.00013667999883182347, "outcome": "passed"}, "teardown": {"duration": 0.022852716996567324, "outcome": "passed"}}, {"nodeid": "tests/unit/test_users.py::test_login_for_access_token", "lineno": 178, "outcome": "passed", "keywords": ["test_login_for_access_token", "test_users.py", "unit", "tests", "ACGS-1", ""], "setup": {"duration": 0.0004103410174138844, "outcome": "passed"}, "call": {"duration": 0.00012402099673636258, "outcome": "passed"}, "teardown": {"duration": 0.03143798100063577, "outcome": "passed"}}, {"nodeid": "tests/unit/test_users.py::test_login_wrong_password", "lineno": 195, "outcome": "passed", "keywords": ["test_login_wrong_password", "test_users.py", "unit", "tests", "ACGS-1", ""], "setup": {"duration": 0.00039968101191334426, "outcome": "passed"}, "call": {"duration": 0.0001188700261991471, "outcome": "passed"}, "teardown": {"duration": 0.02604203499504365, "outcome": "passed"}}, {"nodeid": "tests/unit/test_users.py::test_login_nonexistent_user", "lineno": 209, "outcome": "passed", "keywords": ["test_login_nonexistent_user", "test_users.py", "unit", "tests", "ACGS-1", ""], "setup": {"duration": 0.0003315510111860931, "outcome": "passed"}, "call": {"duration": 0.00010296000982634723, "outcome": "passed"}, "teardown": {"duration": 0.020890730986138806, "outcome": "passed"}}, {"nodeid": "tests/unit/test_users.py::test_user_registration_flow", "lineno": 220, "outcome": "passed", "keywords": ["test_user_registration_flow", "test_users.py", "unit", "tests", "ACGS-1", ""], "setup": {"duration": 0.00036118098068982363, "outcome": "passed"}, "call": {"duration": 0.00010931098950095475, "outcome": "passed"}, "teardown": {"duration": 0.02475242200307548, "outcome": "passed"}}, {"nodeid": "tests/unit/test_users.py::test_user_authentication_flow", "lineno": 239, "outcome": "passed", "keywords": ["test_user_authentication_flow", "test_users.py", "unit", "tests", "ACGS-1", ""], "setup": {"duration": 0.00036030099727213383, "outcome": "passed"}, "call": {"duration": 0.00014017001376487315, "outcome": "passed"}, "teardown": {"duration": 0.022407195006962866, "outcome": "passed"}}, {"nodeid": "tests/unit/test_users.py::test_get_current_user_authenticated", "lineno": 264, "outcome": "failed", "keywords": ["test_get_current_user_authenticated", "test_users.py", "unit", "tests", "ACGS-1", ""], "setup": {"duration": 0.00037030098610557616, "outcome": "passed"}, "call": {"duration": 0.00038434102316387, "outcome": "failed", "crash": {"path": "/home/dislove/ACGS-1/tests/unit/test_users.py", "lineno": 292, "message": "AssertionError: assert 'testuser_4af...7@example.com' == 'testuser_1ea...b@example.com'\n  \n  - testuser_1ea20b88-5b90-4f15-9b5c-c138482d920b@example.com\n  + testuser_4af93db9-75c8-4c76-9896-2965cabdd487@example.com"}, "traceback": [{"path": "tests/unit/test_users.py", "lineno": 292, "message": "in test_get_current_user_authenticated"}], "longrepr": "tests/unit/test_users.py:292: in test_get_current_user_authenticated\n    assert user_data_response[\"email\"] == user_data[\"email\"]\nE   AssertionError: assert 'testuser_4af...7@example.com' == 'testuser_1ea...b@example.com'\nE     \nE     - testuser_1ea20b88-5b90-4f15-9b5c-c138482d920b@example.com\nE     + testuser_4af93db9-75c8-4c76-9896-2965cabdd487@example.com"}, "teardown": {"duration": 0.03519680199678987, "outcome": "passed"}}, {"nodeid": "tests/unit/test_users.py::test_get_current_user_unauthenticated", "lineno": 295, "outcome": "passed", "keywords": ["test_get_current_user_unauthenticated", "test_users.py", "unit", "tests", "ACGS-1", ""], "setup": {"duration": 0.000382101017748937, "outcome": "passed"}, "call": {"duration": 0.00011332001304253936, "outcome": "passed"}, "teardown": {"duration": 0.023121435981011018, "outcome": "passed"}}, {"nodeid": "tests/unit/test_users.py::test_user_data_validation", "lineno": 305, "outcome": "passed", "keywords": ["test_user_data_validation", "test_users.py", "unit", "tests", "ACGS-1", ""], "setup": {"duration": 0.0003742210101336241, "outcome": "passed"}, "call": {"duration": 0.00010902999201789498, "outcome": "passed"}, "teardown": {"duration": 0.02514880200033076, "outcome": "passed"}}], "warnings": [{"message": "The event_loop fixture provided by pytest-asyncio has been redefined in\n/home/dislove/ACGS-1/tests/unit/conftest.py:50\nReplacing the event_loop fixture with a custom implementation is deprecated\nand will lead to errors in the future.\nIf you want to request an asyncio event loop with a scope other than function\nscope, use the \"scope\" argument to the asyncio mark when marking the tests.\nIf you want to return different types of event loops, use the event_loop_policy\nfixture.\n", "category": "DeprecationWarning", "when": "runtest", "filename": "/home/dislove/ACGS-1/venv/lib/python3.12/site-packages/pytest_asyncio/plugin.py", "lineno": 761}]}