{"timestamp": "2025-06-19T19:13:38.134921+00:00", "level": "INFO", "logger": "acgs_integration_tests", "message": "Starting test: edge_case_testing", "module": "structured_logging", "function": "start_test", "line": 86, "event_type": "test_start", "session_id": "session_1750360417", "test_name": "edge_case_testing", "metadata": {"function": "test_edge_cases_and_error_handling", "args": 1, "kwargs": []}}
{"timestamp": "2025-06-19T19:13:38.135081+00:00", "level": "INFO", "logger": "acgs_integration_tests", "message": "Test step: test_edge_cases", "module": "structured_logging", "function": "log_test_step", "line": 139, "event_type": "test_step", "session_id": "session_1750360417", "test_name": "edge_case_testing", "step_name": "test_edge_cases", "step_data": {"purpose": "Validate error handling"}}
{"timestamp": "2025-06-19T19:13:38.135410+00:00", "level": "ERROR", "logger": "acgs_integration_tests", "message": "Error occurred: AssertionError: assert True == False", "module": "structured_logging", "function": "log_error", "line": 206, "event_type": "error", "session_id": "session_1750360417", "test_name": "edge_case_testing", "error_type": "AssertionError", "error_message": "assert True == False", "traceback": "Traceback (most recent call last):\n  File \"/home/dislove/ACGS-1/tests/integration/test_coverage_enhancement.py\", line 450, in test_edge_cases_and_error_handling\n    assert result == test_case[\"expected\"]\nAssertionError: assert True == False\n", "context": {"test_case": {"input": "invalid_email", "expected": false, "test": "invalid_email"}}}
{"timestamp": "2025-06-19T19:13:38.135621+00:00", "level": "ERROR", "logger": "acgs_integration_tests", "message": "Error occurred: AssertionError: assert True == False", "module": "structured_logging", "function": "log_error", "line": 206, "event_type": "error", "session_id": "session_1750360417", "test_name": "edge_case_testing", "error_type": "AssertionError", "error_message": "assert True == False", "traceback": "Traceback (most recent call last):\n  File \"/home/dislove/ACGS-1/tests/integration/test_coverage_enhancement.py\", line 450, in test_edge_cases_and_error_handling\n    assert result == test_case[\"expected\"]\nAssertionError: assert True == False\n", "context": {"test_case": {"input": "not_a_url", "expected": false, "test": "invalid_url"}}}
{"timestamp": "2025-06-19T19:13:38.135705+00:00", "level": "INFO", "logger": "acgs_integration_tests", "message": "Test step: edge_cases_completed", "module": "structured_logging", "function": "log_test_step", "line": 139, "event_type": "test_step", "session_id": "session_1750360417", "test_name": "edge_case_testing", "step_name": "edge_cases_completed", "step_data": {"tests_passed": 3}}
{"timestamp": "2025-06-19T19:13:38.135775+00:00", "level": "INFO", "logger": "acgs_integration_tests", "message": "Test passed: edge_case_testing", "module": "structured_logging", "function": "end_test", "line": 114, "event_type": "test_end", "session_id": "session_1750360417", "test_name": "edge_case_testing", "status": "passed", "duration_seconds": 0.0008559226989746094, "error_info": null}
{"timestamp": "2025-06-19T19:13:38.136748+00:00", "level": "INFO", "logger": "acgs_integration_tests", "message": "Starting test: basic_functionality_testing", "module": "structured_logging", "function": "start_test", "line": 86, "event_type": "test_start", "session_id": "session_1750360417", "test_name": "basic_functionality_testing", "metadata": {"function": "test_basic_functionality_coverage", "args": 1, "kwargs": []}}
{"timestamp": "2025-06-19T19:13:38.136841+00:00", "level": "INFO", "logger": "acgs_integration_tests", "message": "Test step: test_basic_functionality", "module": "structured_logging", "function": "log_test_step", "line": 139, "event_type": "test_step", "session_id": "session_1750360417", "test_name": "basic_functionality_testing", "step_name": "test_basic_functionality", "step_data": {"purpose": "Improve coverage"}}
{"timestamp": "2025-06-19T19:13:38.136935+00:00", "level": "INFO", "logger": "acgs_integration_tests", "message": "Performance metric: basic_operations_completed=4operations", "module": "structured_logging", "function": "log_performance_metric", "line": 155, "event_type": "performance_metric", "session_id": "session_1750360417", "test_name": "basic_functionality_testing", "metric_name": "basic_operations_completed", "value": 4, "unit": "operations", "context": {"total_assertions": 8}}
{"timestamp": "2025-06-19T19:13:38.136998+00:00", "level": "INFO", "logger": "acgs_integration_tests", "message": "Test step: basic_functionality_completed", "module": "structured_logging", "function": "log_test_step", "line": 139, "event_type": "test_step", "session_id": "session_1750360417", "test_name": "basic_functionality_testing", "step_name": "basic_functionality_completed", "step_data": {"operations_tested": 4}}
{"timestamp": "2025-06-19T19:13:38.137053+00:00", "level": "INFO", "logger": "acgs_integration_tests", "message": "Test passed: basic_functionality_testing", "module": "structured_logging", "function": "end_test", "line": 114, "event_type": "test_end", "session_id": "session_1750360417", "test_name": "basic_functionality_testing", "status": "passed", "duration_seconds": 0.0003044605255126953, "error_info": null}
